ARM GAS  /tmp/ccRHF3lm.s 			page 1


   1              		.cpu cortex-m3
   2              		.eabi_attribute 20, 1
   3              		.eabi_attribute 21, 1
   4              		.eabi_attribute 23, 3
   5              		.eabi_attribute 24, 1
   6              		.eabi_attribute 25, 1
   7              		.eabi_attribute 26, 1
   8              		.eabi_attribute 30, 1
   9              		.eabi_attribute 34, 1
  10              		.eabi_attribute 18, 4
  11              		.file	"button.c"
  12              		.text
  13              	.Ltext0:
  14              		.cfi_sections	.debug_frame
  15              		.section	.text.button_updateButton,"ax",%progbits
  16              		.align	1
  17              		.global	button_updateButton
  18              		.syntax unified
  19              		.thumb
  20              		.thumb_func
  21              		.fpu softvfp
  23              	button_updateButton:
  24              	.LFB72:
  25              		.file 1 "/mnt/c/Users/Daniel/Documents/stm/app/Drivers/Src/button.c"
   1:/mnt/c/Users/Daniel/Documents/stm/app/Drivers/Src/button.c **** #include "button.h"
   2:/mnt/c/Users/Daniel/Documents/stm/app/Drivers/Src/button.c **** #include "led.h"
   3:/mnt/c/Users/Daniel/Documents/stm/app/Drivers/Src/button.c **** #include "stm32f207xx.h"
   4:/mnt/c/Users/Daniel/Documents/stm/app/Drivers/Src/button.c **** #include "main.h"
   5:/mnt/c/Users/Daniel/Documents/stm/app/Drivers/Src/button.c **** #include <stdint.h>
   6:/mnt/c/Users/Daniel/Documents/stm/app/Drivers/Src/button.c **** 
   7:/mnt/c/Users/Daniel/Documents/stm/app/Drivers/Src/button.c **** #define NUM_BUTTONS 1
   8:/mnt/c/Users/Daniel/Documents/stm/app/Drivers/Src/button.c **** #define DEBOUNCE_THRESHOLD 10
   9:/mnt/c/Users/Daniel/Documents/stm/app/Drivers/Src/button.c **** #define HOLD_THRESHOLD 1000
  10:/mnt/c/Users/Daniel/Documents/stm/app/Drivers/Src/button.c **** 
  11:/mnt/c/Users/Daniel/Documents/stm/app/Drivers/Src/button.c **** typedef enum {
  12:/mnt/c/Users/Daniel/Documents/stm/app/Drivers/Src/button.c ****     invalidState = -1,
  13:/mnt/c/Users/Daniel/Documents/stm/app/Drivers/Src/button.c ****     unpressed,
  14:/mnt/c/Users/Daniel/Documents/stm/app/Drivers/Src/button.c ****     pressed,
  15:/mnt/c/Users/Daniel/Documents/stm/app/Drivers/Src/button.c ****     longPress
  16:/mnt/c/Users/Daniel/Documents/stm/app/Drivers/Src/button.c **** } buttonState_t;
  17:/mnt/c/Users/Daniel/Documents/stm/app/Drivers/Src/button.c **** 
  18:/mnt/c/Users/Daniel/Documents/stm/app/Drivers/Src/button.c **** typedef enum {
  19:/mnt/c/Users/Daniel/Documents/stm/app/Drivers/Src/button.c ****     invalidButton = -1,
  20:/mnt/c/Users/Daniel/Documents/stm/app/Drivers/Src/button.c ****     button0,
  21:/mnt/c/Users/Daniel/Documents/stm/app/Drivers/Src/button.c **** } buttonNames_t;
  22:/mnt/c/Users/Daniel/Documents/stm/app/Drivers/Src/button.c **** 
  23:/mnt/c/Users/Daniel/Documents/stm/app/Drivers/Src/button.c **** 
  24:/mnt/c/Users/Daniel/Documents/stm/app/Drivers/Src/button.c **** typedef struct button {
  25:/mnt/c/Users/Daniel/Documents/stm/app/Drivers/Src/button.c ****     uint16_t pin; //GPIO Pin
  26:/mnt/c/Users/Daniel/Documents/stm/app/Drivers/Src/button.c ****     GPIO_TypeDef *port; //GPIO port
  27:/mnt/c/Users/Daniel/Documents/stm/app/Drivers/Src/button.c ****     buttonState_t prevButtonState; //previous button state
  28:/mnt/c/Users/Daniel/Documents/stm/app/Drivers/Src/button.c ****     buttonState_t currButtonState; //current button state
  29:/mnt/c/Users/Daniel/Documents/stm/app/Drivers/Src/button.c ****     int debounceCount; //number of current debounces
  30:/mnt/c/Users/Daniel/Documents/stm/app/Drivers/Src/button.c ****     int debounceThreshold; //debounce trigger
  31:/mnt/c/Users/Daniel/Documents/stm/app/Drivers/Src/button.c ****     int holdCount; //number of held cycles
  32:/mnt/c/Users/Daniel/Documents/stm/app/Drivers/Src/button.c ****     int holdThreshold; //button held trigger
  33:/mnt/c/Users/Daniel/Documents/stm/app/Drivers/Src/button.c ****     void (*pressedCb)(); //callback for unpressed state
ARM GAS  /tmp/ccRHF3lm.s 			page 2


  34:/mnt/c/Users/Daniel/Documents/stm/app/Drivers/Src/button.c ****     void (*longPressCb)(); //callback for long press state
  35:/mnt/c/Users/Daniel/Documents/stm/app/Drivers/Src/button.c **** } Button_t;
  36:/mnt/c/Users/Daniel/Documents/stm/app/Drivers/Src/button.c **** 
  37:/mnt/c/Users/Daniel/Documents/stm/app/Drivers/Src/button.c **** 
  38:/mnt/c/Users/Daniel/Documents/stm/app/Drivers/Src/button.c **** static  Button_t buttonArray[NUM_BUTTONS] = {
  39:/mnt/c/Users/Daniel/Documents/stm/app/Drivers/Src/button.c ****     [button0] = 
  40:/mnt/c/Users/Daniel/Documents/stm/app/Drivers/Src/button.c ****     {
  41:/mnt/c/Users/Daniel/Documents/stm/app/Drivers/Src/button.c ****         .pin = pushButton_Pin,
  42:/mnt/c/Users/Daniel/Documents/stm/app/Drivers/Src/button.c ****         .port = pushButton_GPIO_Port,
  43:/mnt/c/Users/Daniel/Documents/stm/app/Drivers/Src/button.c ****         .prevButtonState = invalidState,
  44:/mnt/c/Users/Daniel/Documents/stm/app/Drivers/Src/button.c ****         .currButtonState = invalidState,
  45:/mnt/c/Users/Daniel/Documents/stm/app/Drivers/Src/button.c ****         .debounceCount = 0,
  46:/mnt/c/Users/Daniel/Documents/stm/app/Drivers/Src/button.c ****         .debounceThreshold = DEBOUNCE_THRESHOLD,
  47:/mnt/c/Users/Daniel/Documents/stm/app/Drivers/Src/button.c ****         .holdCount = 0,
  48:/mnt/c/Users/Daniel/Documents/stm/app/Drivers/Src/button.c ****         .holdThreshold = HOLD_THRESHOLD,
  49:/mnt/c/Users/Daniel/Documents/stm/app/Drivers/Src/button.c ****         .pressedCb = &led_activateGreenLed,
  50:/mnt/c/Users/Daniel/Documents/stm/app/Drivers/Src/button.c ****         .longPressCb = &led_activateBlueLed
  51:/mnt/c/Users/Daniel/Documents/stm/app/Drivers/Src/button.c ****     }
  52:/mnt/c/Users/Daniel/Documents/stm/app/Drivers/Src/button.c **** };
  53:/mnt/c/Users/Daniel/Documents/stm/app/Drivers/Src/button.c **** 
  54:/mnt/c/Users/Daniel/Documents/stm/app/Drivers/Src/button.c **** void button_updateButton(void)
  55:/mnt/c/Users/Daniel/Documents/stm/app/Drivers/Src/button.c **** {
  26              		.loc 1 55 0
  27              		.cfi_startproc
  28              		@ args = 0, pretend = 0, frame = 0
  29              		@ frame_needed = 0, uses_anonymous_args = 0
  30 0000 10B5     		push	{r4, lr}
  31              	.LCFI0:
  32              		.cfi_def_cfa_offset 8
  33              		.cfi_offset 4, -8
  34              		.cfi_offset 14, -4
  35              	.LVL0:
  56:/mnt/c/Users/Daniel/Documents/stm/app/Drivers/Src/button.c ****     int i;
  57:/mnt/c/Users/Daniel/Documents/stm/app/Drivers/Src/button.c **** 
  58:/mnt/c/Users/Daniel/Documents/stm/app/Drivers/Src/button.c ****     for(i = 0; i < NUM_BUTTONS; i++)
  36              		.loc 1 58 0
  37 0002 0024     		movs	r4, #0
  38              	.LVL1:
  39              	.L2:
  40              		.loc 1 58 0 is_stmt 0 discriminator 1
  41 0004 002C     		cmp	r4, #0
  42 0006 00DD     		ble	.L10
  59:/mnt/c/Users/Daniel/Documents/stm/app/Drivers/Src/button.c ****     {
  60:/mnt/c/Users/Daniel/Documents/stm/app/Drivers/Src/button.c ****         //if dbc < threshold and pin set
  61:/mnt/c/Users/Daniel/Documents/stm/app/Drivers/Src/button.c ****         if (HAL_GPIO_ReadPin(buttonArray[i].port, buttonArray[i].pin) == GPIO_PIN_SET)
  62:/mnt/c/Users/Daniel/Documents/stm/app/Drivers/Src/button.c ****         {
  63:/mnt/c/Users/Daniel/Documents/stm/app/Drivers/Src/button.c ****             if (buttonArray[i].debounceCount < DEBOUNCE_THRESHOLD)
  64:/mnt/c/Users/Daniel/Documents/stm/app/Drivers/Src/button.c ****             {
  65:/mnt/c/Users/Daniel/Documents/stm/app/Drivers/Src/button.c ****                 buttonArray[i].debounceCount++;
  66:/mnt/c/Users/Daniel/Documents/stm/app/Drivers/Src/button.c ****             }
  67:/mnt/c/Users/Daniel/Documents/stm/app/Drivers/Src/button.c ****         }
  68:/mnt/c/Users/Daniel/Documents/stm/app/Drivers/Src/button.c ****         //if dbc > 0 and pin is not set
  69:/mnt/c/Users/Daniel/Documents/stm/app/Drivers/Src/button.c ****         else
  70:/mnt/c/Users/Daniel/Documents/stm/app/Drivers/Src/button.c ****         {
  71:/mnt/c/Users/Daniel/Documents/stm/app/Drivers/Src/button.c ****             if (buttonArray[i].debounceCount > 0)
  72:/mnt/c/Users/Daniel/Documents/stm/app/Drivers/Src/button.c ****             {
  73:/mnt/c/Users/Daniel/Documents/stm/app/Drivers/Src/button.c ****                 buttonArray[i].debounceCount--;
ARM GAS  /tmp/ccRHF3lm.s 			page 3


  74:/mnt/c/Users/Daniel/Documents/stm/app/Drivers/Src/button.c ****                 buttonArray[i].holdCount = 0;
  75:/mnt/c/Users/Daniel/Documents/stm/app/Drivers/Src/button.c ****             }
  76:/mnt/c/Users/Daniel/Documents/stm/app/Drivers/Src/button.c ****         }
  77:/mnt/c/Users/Daniel/Documents/stm/app/Drivers/Src/button.c **** 
  78:/mnt/c/Users/Daniel/Documents/stm/app/Drivers/Src/button.c ****         //change states
  79:/mnt/c/Users/Daniel/Documents/stm/app/Drivers/Src/button.c ****         if (buttonArray[i].debounceCount == 0)
  80:/mnt/c/Users/Daniel/Documents/stm/app/Drivers/Src/button.c ****         {
  81:/mnt/c/Users/Daniel/Documents/stm/app/Drivers/Src/button.c ****             buttonArray[i].prevButtonState = buttonArray[i].currButtonState;
  82:/mnt/c/Users/Daniel/Documents/stm/app/Drivers/Src/button.c ****             buttonArray[i].currButtonState = unpressed;
  83:/mnt/c/Users/Daniel/Documents/stm/app/Drivers/Src/button.c ****         }
  84:/mnt/c/Users/Daniel/Documents/stm/app/Drivers/Src/button.c ****             //state is either pressed or long press
  85:/mnt/c/Users/Daniel/Documents/stm/app/Drivers/Src/button.c ****         else if (buttonArray[i].debounceCount == buttonArray[i].debounceThreshold)
  86:/mnt/c/Users/Daniel/Documents/stm/app/Drivers/Src/button.c ****         {
  87:/mnt/c/Users/Daniel/Documents/stm/app/Drivers/Src/button.c ****             //change to long press state
  88:/mnt/c/Users/Daniel/Documents/stm/app/Drivers/Src/button.c ****             if (buttonArray[i].holdCount == buttonArray[i].holdThreshold)
  89:/mnt/c/Users/Daniel/Documents/stm/app/Drivers/Src/button.c ****             {
  90:/mnt/c/Users/Daniel/Documents/stm/app/Drivers/Src/button.c ****                 buttonArray[i].prevButtonState = buttonArray[i].currButtonState;
  91:/mnt/c/Users/Daniel/Documents/stm/app/Drivers/Src/button.c ****                 buttonArray[i].currButtonState = longPress;
  92:/mnt/c/Users/Daniel/Documents/stm/app/Drivers/Src/button.c ****             }
  93:/mnt/c/Users/Daniel/Documents/stm/app/Drivers/Src/button.c ****             //stay in pressed state, increment hold count
  94:/mnt/c/Users/Daniel/Documents/stm/app/Drivers/Src/button.c ****             else
  95:/mnt/c/Users/Daniel/Documents/stm/app/Drivers/Src/button.c ****             {
  96:/mnt/c/Users/Daniel/Documents/stm/app/Drivers/Src/button.c ****                 buttonArray[i].prevButtonState = buttonArray[i].currButtonState;
  97:/mnt/c/Users/Daniel/Documents/stm/app/Drivers/Src/button.c ****                 buttonArray[i].currButtonState = pressed;
  98:/mnt/c/Users/Daniel/Documents/stm/app/Drivers/Src/button.c ****                 buttonArray[i].holdCount++;
  99:/mnt/c/Users/Daniel/Documents/stm/app/Drivers/Src/button.c ****             }
 100:/mnt/c/Users/Daniel/Documents/stm/app/Drivers/Src/button.c ****         }
 101:/mnt/c/Users/Daniel/Documents/stm/app/Drivers/Src/button.c ****         //no valid state
 102:/mnt/c/Users/Daniel/Documents/stm/app/Drivers/Src/button.c ****         // else
 103:/mnt/c/Users/Daniel/Documents/stm/app/Drivers/Src/button.c ****         // {
 104:/mnt/c/Users/Daniel/Documents/stm/app/Drivers/Src/button.c ****         //     buttonArray[i].prevButtonState = buttonArray[i].currButtonState;
 105:/mnt/c/Users/Daniel/Documents/stm/app/Drivers/Src/button.c ****         //     buttonArray[i].currButtonState = invalidState;
 106:/mnt/c/Users/Daniel/Documents/stm/app/Drivers/Src/button.c ****         //     break;
 107:/mnt/c/Users/Daniel/Documents/stm/app/Drivers/Src/button.c ****         // }
 108:/mnt/c/Users/Daniel/Documents/stm/app/Drivers/Src/button.c ****         
 109:/mnt/c/Users/Daniel/Documents/stm/app/Drivers/Src/button.c ****         //callbacks
 110:/mnt/c/Users/Daniel/Documents/stm/app/Drivers/Src/button.c ****         if (buttonArray[i].prevButtonState != buttonArray[i].currButtonState)
 111:/mnt/c/Users/Daniel/Documents/stm/app/Drivers/Src/button.c ****         {
 112:/mnt/c/Users/Daniel/Documents/stm/app/Drivers/Src/button.c ****             if (buttonArray[i].prevButtonState == pressed &&
 113:/mnt/c/Users/Daniel/Documents/stm/app/Drivers/Src/button.c ****                 buttonArray[i].currButtonState == longPress)
 114:/mnt/c/Users/Daniel/Documents/stm/app/Drivers/Src/button.c ****                 {
 115:/mnt/c/Users/Daniel/Documents/stm/app/Drivers/Src/button.c ****                     buttonArray[i].longPressCb();
 116:/mnt/c/Users/Daniel/Documents/stm/app/Drivers/Src/button.c ****                 }
 117:/mnt/c/Users/Daniel/Documents/stm/app/Drivers/Src/button.c ****             else if (buttonArray[i].prevButtonState == pressed &&
 118:/mnt/c/Users/Daniel/Documents/stm/app/Drivers/Src/button.c ****                     buttonArray[i].currButtonState == unpressed)
 119:/mnt/c/Users/Daniel/Documents/stm/app/Drivers/Src/button.c ****                 {
 120:/mnt/c/Users/Daniel/Documents/stm/app/Drivers/Src/button.c ****                     buttonArray[i].pressedCb();
 121:/mnt/c/Users/Daniel/Documents/stm/app/Drivers/Src/button.c ****                 }
 122:/mnt/c/Users/Daniel/Documents/stm/app/Drivers/Src/button.c ****         }
 123:/mnt/c/Users/Daniel/Documents/stm/app/Drivers/Src/button.c **** 
 124:/mnt/c/Users/Daniel/Documents/stm/app/Drivers/Src/button.c ****     }
 125:/mnt/c/Users/Daniel/Documents/stm/app/Drivers/Src/button.c ****         
 126:/mnt/c/Users/Daniel/Documents/stm/app/Drivers/Src/button.c ****     return;
 127:/mnt/c/Users/Daniel/Documents/stm/app/Drivers/Src/button.c **** }...
  43              		.loc 1 127 0 is_stmt 1
  44 0008 10BD     		pop	{r4, pc}
  45              	.LVL2:
ARM GAS  /tmp/ccRHF3lm.s 			page 4


  46              	.L10:
  61:/mnt/c/Users/Daniel/Documents/stm/app/Drivers/Src/button.c ****         if (HAL_GPIO_ReadPin(buttonArray[i].port, buttonArray[i].pin) == GPIO_PIN_SET)
  47              		.loc 1 61 0
  48 000a 4049     		ldr	r1, .L16
  49 000c E300     		lsls	r3, r4, #3
  50 000e 2344     		add	r3, r3, r4
  51 0010 9A00     		lsls	r2, r3, #2
  52 0012 8B18     		adds	r3, r1, r2
  53 0014 895A     		ldrh	r1, [r1, r2]
  54 0016 5868     		ldr	r0, [r3, #4]
  55 0018 FFF7FEFF 		bl	HAL_GPIO_ReadPin
  56              	.LVL3:
  57 001c 0128     		cmp	r0, #1
  58 001e 30D0     		beq	.L12
  71:/mnt/c/Users/Daniel/Documents/stm/app/Drivers/Src/button.c ****             if (buttonArray[i].debounceCount > 0)
  59              		.loc 1 71 0
  60 0020 04EBC403 		add	r3, r4, r4, lsl #3
  61 0024 9A00     		lsls	r2, r3, #2
  62 0026 394B     		ldr	r3, .L16
  63 0028 1344     		add	r3, r3, r2
  64 002a DB68     		ldr	r3, [r3, #12]
  65 002c 002B     		cmp	r3, #0
  66 002e 06DD     		ble	.L4
  73:/mnt/c/Users/Daniel/Documents/stm/app/Drivers/Src/button.c ****                 buttonArray[i].debounceCount--;
  67              		.loc 1 73 0
  68 0030 1046     		mov	r0, r2
  69 0032 364A     		ldr	r2, .L16
  70 0034 0244     		add	r2, r2, r0
  71 0036 013B     		subs	r3, r3, #1
  72 0038 D360     		str	r3, [r2, #12]
  74:/mnt/c/Users/Daniel/Documents/stm/app/Drivers/Src/button.c ****                 buttonArray[i].holdCount = 0;
  73              		.loc 1 74 0
  74 003a 0023     		movs	r3, #0
  75 003c 5361     		str	r3, [r2, #20]
  76              	.L4:
  79:/mnt/c/Users/Daniel/Documents/stm/app/Drivers/Src/button.c ****         if (buttonArray[i].debounceCount == 0)
  77              		.loc 1 79 0
  78 003e 04EBC403 		add	r3, r4, r4, lsl #3
  79 0042 9A00     		lsls	r2, r3, #2
  80 0044 314B     		ldr	r3, .L16
  81 0046 1344     		add	r3, r3, r2
  82 0048 DB68     		ldr	r3, [r3, #12]
  83 004a 53BB     		cbnz	r3, .L5
  81:/mnt/c/Users/Daniel/Documents/stm/app/Drivers/Src/button.c ****             buttonArray[i].prevButtonState = buttonArray[i].currButtonState;
  84              		.loc 1 81 0
  85 004c E200     		lsls	r2, r4, #3
  86 004e 2244     		add	r2, r2, r4
  87 0050 9100     		lsls	r1, r2, #2
  88 0052 2E4B     		ldr	r3, .L16
  89 0054 0B44     		add	r3, r3, r1
  90 0056 93F90920 		ldrsb	r2, [r3, #9]
  91 005a 1A72     		strb	r2, [r3, #8]
  82:/mnt/c/Users/Daniel/Documents/stm/app/Drivers/Src/button.c ****             buttonArray[i].currButtonState = unpressed;
  92              		.loc 1 82 0
  93 005c 0022     		movs	r2, #0
  94 005e 5A72     		strb	r2, [r3, #9]
  95              	.L6:
ARM GAS  /tmp/ccRHF3lm.s 			page 5


 110:/mnt/c/Users/Daniel/Documents/stm/app/Drivers/Src/button.c ****         if (buttonArray[i].prevButtonState != buttonArray[i].currButtonState)
  96              		.loc 1 110 0
  97 0060 E200     		lsls	r2, r4, #3
  98 0062 2244     		add	r2, r2, r4
  99 0064 9100     		lsls	r1, r2, #2
 100 0066 294B     		ldr	r3, .L16
 101 0068 0B44     		add	r3, r3, r1
 102 006a 93F90820 		ldrsb	r2, [r3, #8]
 103 006e 93F90930 		ldrsb	r3, [r3, #9]
 104 0072 9A42     		cmp	r2, r3
 105 0074 03D0     		beq	.L8
 112:/mnt/c/Users/Daniel/Documents/stm/app/Drivers/Src/button.c ****             if (buttonArray[i].prevButtonState == pressed &&
 106              		.loc 1 112 0
 107 0076 012A     		cmp	r2, #1
 108 0078 36D0     		beq	.L13
 109              	.L9:
 117:/mnt/c/Users/Daniel/Documents/stm/app/Drivers/Src/button.c ****             else if (buttonArray[i].prevButtonState == pressed &&
 110              		.loc 1 117 0
 111 007a 012A     		cmp	r2, #1
 112 007c 3BD0     		beq	.L14
 113              	.L8:
  58:/mnt/c/Users/Daniel/Documents/stm/app/Drivers/Src/button.c ****     for(i = 0; i < NUM_BUTTONS; i++)
 114              		.loc 1 58 0 discriminator 2
 115 007e 0134     		adds	r4, r4, #1
 116              	.LVL4:
 117 0080 C0E7     		b	.L2
 118              	.L12:
  63:/mnt/c/Users/Daniel/Documents/stm/app/Drivers/Src/button.c ****             if (buttonArray[i].debounceCount < DEBOUNCE_THRESHOLD)
 119              		.loc 1 63 0
 120 0082 04EBC403 		add	r3, r4, r4, lsl #3
 121 0086 9A00     		lsls	r2, r3, #2
 122 0088 204B     		ldr	r3, .L16
 123 008a 1344     		add	r3, r3, r2
 124 008c DB68     		ldr	r3, [r3, #12]
 125 008e 092B     		cmp	r3, #9
 126 0090 D5DC     		bgt	.L4
  65:/mnt/c/Users/Daniel/Documents/stm/app/Drivers/Src/button.c ****                 buttonArray[i].debounceCount++;
 127              		.loc 1 65 0
 128 0092 04EBC402 		add	r2, r4, r4, lsl #3
 129 0096 9100     		lsls	r1, r2, #2
 130 0098 1C4A     		ldr	r2, .L16
 131 009a 0A44     		add	r2, r2, r1
 132 009c 0133     		adds	r3, r3, #1
 133 009e D360     		str	r3, [r2, #12]
 134 00a0 CDE7     		b	.L4
 135              	.L5:
  85:/mnt/c/Users/Daniel/Documents/stm/app/Drivers/Src/button.c ****         else if (buttonArray[i].debounceCount == buttonArray[i].debounceThreshold)
 136              		.loc 1 85 0
 137 00a2 04EBC402 		add	r2, r4, r4, lsl #3
 138 00a6 9100     		lsls	r1, r2, #2
 139 00a8 184A     		ldr	r2, .L16
 140 00aa 0A44     		add	r2, r2, r1
 141 00ac 1269     		ldr	r2, [r2, #16]
 142 00ae 9342     		cmp	r3, r2
 143 00b0 D6D1     		bne	.L6
  88:/mnt/c/Users/Daniel/Documents/stm/app/Drivers/Src/button.c ****             if (buttonArray[i].holdCount == buttonArray[i].holdThreshold)
 144              		.loc 1 88 0
ARM GAS  /tmp/ccRHF3lm.s 			page 6


 145 00b2 164B     		ldr	r3, .L16
 146 00b4 0B44     		add	r3, r3, r1
 147 00b6 5A69     		ldr	r2, [r3, #20]
 148 00b8 9B69     		ldr	r3, [r3, #24]
 149 00ba 9A42     		cmp	r2, r3
 150 00bc 0CD0     		beq	.L15
  96:/mnt/c/Users/Daniel/Documents/stm/app/Drivers/Src/button.c ****                 buttonArray[i].prevButtonState = buttonArray[i].currButtonState;
 151              		.loc 1 96 0
 152 00be E100     		lsls	r1, r4, #3
 153 00c0 2144     		add	r1, r1, r4
 154 00c2 8800     		lsls	r0, r1, #2
 155 00c4 114B     		ldr	r3, .L16
 156 00c6 0344     		add	r3, r3, r0
 157 00c8 93F90910 		ldrsb	r1, [r3, #9]
 158 00cc 1972     		strb	r1, [r3, #8]
  97:/mnt/c/Users/Daniel/Documents/stm/app/Drivers/Src/button.c ****                 buttonArray[i].currButtonState = pressed;
 159              		.loc 1 97 0
 160 00ce 0121     		movs	r1, #1
 161 00d0 5972     		strb	r1, [r3, #9]
  98:/mnt/c/Users/Daniel/Documents/stm/app/Drivers/Src/button.c ****                 buttonArray[i].holdCount++;
 162              		.loc 1 98 0
 163 00d2 0A44     		add	r2, r2, r1
 164 00d4 5A61     		str	r2, [r3, #20]
 165 00d6 C3E7     		b	.L6
 166              	.L15:
  90:/mnt/c/Users/Daniel/Documents/stm/app/Drivers/Src/button.c ****                 buttonArray[i].prevButtonState = buttonArray[i].currButtonState;
 167              		.loc 1 90 0
 168 00d8 0C4B     		ldr	r3, .L16
 169 00da 0B44     		add	r3, r3, r1
 170 00dc 93F90920 		ldrsb	r2, [r3, #9]
 171 00e0 1A72     		strb	r2, [r3, #8]
  91:/mnt/c/Users/Daniel/Documents/stm/app/Drivers/Src/button.c ****                 buttonArray[i].currButtonState = longPress;
 172              		.loc 1 91 0
 173 00e2 0222     		movs	r2, #2
 174 00e4 5A72     		strb	r2, [r3, #9]
 175 00e6 BBE7     		b	.L6
 176              	.L13:
 112:/mnt/c/Users/Daniel/Documents/stm/app/Drivers/Src/button.c ****             if (buttonArray[i].prevButtonState == pressed &&
 177              		.loc 1 112 0 discriminator 1
 178 00e8 022B     		cmp	r3, #2
 179 00ea C6D1     		bne	.L9
 115:/mnt/c/Users/Daniel/Documents/stm/app/Drivers/Src/button.c ****                     buttonArray[i].longPressCb();
 180              		.loc 1 115 0
 181 00ec 074B     		ldr	r3, .L16
 182 00ee 0B44     		add	r3, r3, r1
 183 00f0 1B6A     		ldr	r3, [r3, #32]
 184 00f2 9847     		blx	r3
 185              	.LVL5:
 186 00f4 C3E7     		b	.L8
 187              	.L14:
 117:/mnt/c/Users/Daniel/Documents/stm/app/Drivers/Src/button.c ****             else if (buttonArray[i].prevButtonState == pressed &&
 188              		.loc 1 117 0 discriminator 1
 189 00f6 002B     		cmp	r3, #0
 190 00f8 C1D1     		bne	.L8
 120:/mnt/c/Users/Daniel/Documents/stm/app/Drivers/Src/button.c ****                     buttonArray[i].pressedCb();
 191              		.loc 1 120 0
 192 00fa 04EBC403 		add	r3, r4, r4, lsl #3
ARM GAS  /tmp/ccRHF3lm.s 			page 7


 193 00fe 9A00     		lsls	r2, r3, #2
 194 0100 024B     		ldr	r3, .L16
 195 0102 1344     		add	r3, r3, r2
 196 0104 DB69     		ldr	r3, [r3, #28]
 197 0106 9847     		blx	r3
 198              	.LVL6:
 199 0108 B9E7     		b	.L8
 200              	.L17:
 201 010a 00BF     		.align	2
 202              	.L16:
 203 010c 00000000 		.word	.LANCHOR0
 204              		.cfi_endproc
 205              	.LFE72:
 207              		.section	.data.buttonArray,"aw",%progbits
 208              		.align	2
 209              		.set	.LANCHOR0,. + 0
 212              	buttonArray:
 213 0000 0020     		.short	8192
 214 0002 0000     		.space	2
 215 0004 00080240 		.word	1073874944
 216 0008 FF       		.byte	-1
 217 0009 FF       		.byte	-1
 218 000a 0000     		.space	2
 219 000c 00000000 		.word	0
 220 0010 0A000000 		.word	10
 221 0014 00000000 		.word	0
 222 0018 E8030000 		.word	1000
 223 001c 00000000 		.word	led_activateGreenLed
 224 0020 00000000 		.word	led_activateBlueLed
 225              		.text
 226              	.Letext0:
 227              		.file 2 "/opt/gcc-arm-none-eabi-7-2017-q4-major/arm-none-eabi/include/machine/_default_types.h"
 228              		.file 3 "/opt/gcc-arm-none-eabi-7-2017-q4-major/arm-none-eabi/include/sys/_stdint.h"
 229              		.file 4 "/mnt/c/Users/Daniel/Documents/stm/ThirdParty/nucleo207/Drivers/CMSIS/Include/core_cm3.h"
 230              		.file 5 "/mnt/c/Users/Daniel/Documents/stm/ThirdParty/nucleo207/Drivers/CMSIS/Device/ST/STM32F2xx/
 231              		.file 6 "/mnt/c/Users/Daniel/Documents/stm/ThirdParty/nucleo207/Drivers/CMSIS/Device/ST/STM32F2xx/
 232              		.file 7 "/mnt/c/Users/Daniel/Documents/stm/ThirdParty/nucleo207/Drivers/STM32F2xx_HAL_Driver/Inc/s
 233              		.file 8 "/mnt/c/Users/Daniel/Documents/stm/ThirdParty/nucleo207/Drivers/STM32F2xx_HAL_Driver/Inc/s
ARM GAS  /tmp/ccRHF3lm.s 			page 8


DEFINED SYMBOLS
                            *ABS*:0000000000000000 button.c
     /tmp/ccRHF3lm.s:16     .text.button_updateButton:0000000000000000 $t
     /tmp/ccRHF3lm.s:23     .text.button_updateButton:0000000000000000 button_updateButton
     /tmp/ccRHF3lm.s:203    .text.button_updateButton:000000000000010c $d
     /tmp/ccRHF3lm.s:208    .data.buttonArray:0000000000000000 $d
     /tmp/ccRHF3lm.s:212    .data.buttonArray:0000000000000000 buttonArray

UNDEFINED SYMBOLS
HAL_GPIO_ReadPin
led_activateGreenLed
led_activateBlueLed
