ARM GAS  /tmp/ccG1wuZX.s 			page 1


   1              		.cpu cortex-m3
   2              		.eabi_attribute 20, 1
   3              		.eabi_attribute 21, 1
   4              		.eabi_attribute 23, 3
   5              		.eabi_attribute 24, 1
   6              		.eabi_attribute 25, 1
   7              		.eabi_attribute 26, 1
   8              		.eabi_attribute 30, 1
   9              		.eabi_attribute 34, 1
  10              		.eabi_attribute 18, 4
  11              		.file	"list.c"
  12              		.text
  13              	.Ltext0:
  14              		.cfi_sections	.debug_frame
  15              		.section	.text.vListInitialise,"ax",%progbits
  16              		.align	1
  17              		.global	vListInitialise
  18              		.syntax unified
  19              		.thumb
  20              		.thumb_func
  21              		.fpu softvfp
  23              	vListInitialise:
  24              	.LFB5:
  25              		.file 1 "/mnt/c/Users/Daniel/Documents/stm/ThirdParty/nucleo207/Middlewares/Third_Party/FreeRTOS/S
   1:/mnt/c/Users/Daniel/Documents/stm/ThirdParty/nucleo207/Middlewares/Third_Party/FreeRTOS/Source/list.c **** /*
   2:/mnt/c/Users/Daniel/Documents/stm/ThirdParty/nucleo207/Middlewares/Third_Party/FreeRTOS/Source/list.c ****  * FreeRTOS Kernel V10.0.1
   3:/mnt/c/Users/Daniel/Documents/stm/ThirdParty/nucleo207/Middlewares/Third_Party/FreeRTOS/Source/list.c ****  * Copyright (C) 2017 Amazon.com, Inc. or its affiliates.  All Rights Reserved.
   4:/mnt/c/Users/Daniel/Documents/stm/ThirdParty/nucleo207/Middlewares/Third_Party/FreeRTOS/Source/list.c ****  *
   5:/mnt/c/Users/Daniel/Documents/stm/ThirdParty/nucleo207/Middlewares/Third_Party/FreeRTOS/Source/list.c ****  * Permission is hereby granted, free of charge, to any person obtaining a copy of
   6:/mnt/c/Users/Daniel/Documents/stm/ThirdParty/nucleo207/Middlewares/Third_Party/FreeRTOS/Source/list.c ****  * this software and associated documentation files (the "Software"), to deal in
   7:/mnt/c/Users/Daniel/Documents/stm/ThirdParty/nucleo207/Middlewares/Third_Party/FreeRTOS/Source/list.c ****  * the Software without restriction, including without limitation the rights to
   8:/mnt/c/Users/Daniel/Documents/stm/ThirdParty/nucleo207/Middlewares/Third_Party/FreeRTOS/Source/list.c ****  * use, copy, modify, merge, publish, distribute, sublicense, and/or sell copies of
   9:/mnt/c/Users/Daniel/Documents/stm/ThirdParty/nucleo207/Middlewares/Third_Party/FreeRTOS/Source/list.c ****  * the Software, and to permit persons to whom the Software is furnished to do so,
  10:/mnt/c/Users/Daniel/Documents/stm/ThirdParty/nucleo207/Middlewares/Third_Party/FreeRTOS/Source/list.c ****  * subject to the following conditions:
  11:/mnt/c/Users/Daniel/Documents/stm/ThirdParty/nucleo207/Middlewares/Third_Party/FreeRTOS/Source/list.c ****  *
  12:/mnt/c/Users/Daniel/Documents/stm/ThirdParty/nucleo207/Middlewares/Third_Party/FreeRTOS/Source/list.c ****  * The above copyright notice and this permission notice shall be included in all
  13:/mnt/c/Users/Daniel/Documents/stm/ThirdParty/nucleo207/Middlewares/Third_Party/FreeRTOS/Source/list.c ****  * copies or substantial portions of the Software.
  14:/mnt/c/Users/Daniel/Documents/stm/ThirdParty/nucleo207/Middlewares/Third_Party/FreeRTOS/Source/list.c ****  *
  15:/mnt/c/Users/Daniel/Documents/stm/ThirdParty/nucleo207/Middlewares/Third_Party/FreeRTOS/Source/list.c ****  * THE SOFTWARE IS PROVIDED "AS IS", WITHOUT WARRANTY OF ANY KIND, EXPRESS OR
  16:/mnt/c/Users/Daniel/Documents/stm/ThirdParty/nucleo207/Middlewares/Third_Party/FreeRTOS/Source/list.c ****  * IMPLIED, INCLUDING BUT NOT LIMITED TO THE WARRANTIES OF MERCHANTABILITY, FITNESS
  17:/mnt/c/Users/Daniel/Documents/stm/ThirdParty/nucleo207/Middlewares/Third_Party/FreeRTOS/Source/list.c ****  * FOR A PARTICULAR PURPOSE AND NONINFRINGEMENT. IN NO EVENT SHALL THE AUTHORS OR
  18:/mnt/c/Users/Daniel/Documents/stm/ThirdParty/nucleo207/Middlewares/Third_Party/FreeRTOS/Source/list.c ****  * COPYRIGHT HOLDERS BE LIABLE FOR ANY CLAIM, DAMAGES OR OTHER LIABILITY, WHETHER
  19:/mnt/c/Users/Daniel/Documents/stm/ThirdParty/nucleo207/Middlewares/Third_Party/FreeRTOS/Source/list.c ****  * IN AN ACTION OF CONTRACT, TORT OR OTHERWISE, ARISING FROM, OUT OF OR IN
  20:/mnt/c/Users/Daniel/Documents/stm/ThirdParty/nucleo207/Middlewares/Third_Party/FreeRTOS/Source/list.c ****  * CONNECTION WITH THE SOFTWARE OR THE USE OR OTHER DEALINGS IN THE SOFTWARE.
  21:/mnt/c/Users/Daniel/Documents/stm/ThirdParty/nucleo207/Middlewares/Third_Party/FreeRTOS/Source/list.c ****  *
  22:/mnt/c/Users/Daniel/Documents/stm/ThirdParty/nucleo207/Middlewares/Third_Party/FreeRTOS/Source/list.c ****  * http://www.FreeRTOS.org
  23:/mnt/c/Users/Daniel/Documents/stm/ThirdParty/nucleo207/Middlewares/Third_Party/FreeRTOS/Source/list.c ****  * http://aws.amazon.com/freertos
  24:/mnt/c/Users/Daniel/Documents/stm/ThirdParty/nucleo207/Middlewares/Third_Party/FreeRTOS/Source/list.c ****  *
  25:/mnt/c/Users/Daniel/Documents/stm/ThirdParty/nucleo207/Middlewares/Third_Party/FreeRTOS/Source/list.c ****  * 1 tab == 4 spaces!
  26:/mnt/c/Users/Daniel/Documents/stm/ThirdParty/nucleo207/Middlewares/Third_Party/FreeRTOS/Source/list.c ****  */
  27:/mnt/c/Users/Daniel/Documents/stm/ThirdParty/nucleo207/Middlewares/Third_Party/FreeRTOS/Source/list.c **** 
  28:/mnt/c/Users/Daniel/Documents/stm/ThirdParty/nucleo207/Middlewares/Third_Party/FreeRTOS/Source/list.c **** 
  29:/mnt/c/Users/Daniel/Documents/stm/ThirdParty/nucleo207/Middlewares/Third_Party/FreeRTOS/Source/list.c **** #include <stdlib.h>
  30:/mnt/c/Users/Daniel/Documents/stm/ThirdParty/nucleo207/Middlewares/Third_Party/FreeRTOS/Source/list.c **** #include "FreeRTOS.h"
  31:/mnt/c/Users/Daniel/Documents/stm/ThirdParty/nucleo207/Middlewares/Third_Party/FreeRTOS/Source/list.c **** #include "list.h"
  32:/mnt/c/Users/Daniel/Documents/stm/ThirdParty/nucleo207/Middlewares/Third_Party/FreeRTOS/Source/list.c **** 
  33:/mnt/c/Users/Daniel/Documents/stm/ThirdParty/nucleo207/Middlewares/Third_Party/FreeRTOS/Source/list.c **** /*-----------------------------------------------------------
ARM GAS  /tmp/ccG1wuZX.s 			page 2


  34:/mnt/c/Users/Daniel/Documents/stm/ThirdParty/nucleo207/Middlewares/Third_Party/FreeRTOS/Source/list.c ****  * PUBLIC LIST API documented in list.h
  35:/mnt/c/Users/Daniel/Documents/stm/ThirdParty/nucleo207/Middlewares/Third_Party/FreeRTOS/Source/list.c ****  *----------------------------------------------------------*/
  36:/mnt/c/Users/Daniel/Documents/stm/ThirdParty/nucleo207/Middlewares/Third_Party/FreeRTOS/Source/list.c **** 
  37:/mnt/c/Users/Daniel/Documents/stm/ThirdParty/nucleo207/Middlewares/Third_Party/FreeRTOS/Source/list.c **** void vListInitialise( List_t * const pxList )
  38:/mnt/c/Users/Daniel/Documents/stm/ThirdParty/nucleo207/Middlewares/Third_Party/FreeRTOS/Source/list.c **** {
  26              		.loc 1 38 0
  27              		.cfi_startproc
  28              		@ args = 0, pretend = 0, frame = 0
  29              		@ frame_needed = 0, uses_anonymous_args = 0
  30              		@ link register save eliminated.
  31              	.LVL0:
  39:/mnt/c/Users/Daniel/Documents/stm/ThirdParty/nucleo207/Middlewares/Third_Party/FreeRTOS/Source/list.c **** 	/* The list structure contains a list item which is used to mark the
  40:/mnt/c/Users/Daniel/Documents/stm/ThirdParty/nucleo207/Middlewares/Third_Party/FreeRTOS/Source/list.c **** 	end of the list.  To initialise the list the list end is inserted
  41:/mnt/c/Users/Daniel/Documents/stm/ThirdParty/nucleo207/Middlewares/Third_Party/FreeRTOS/Source/list.c **** 	as the only list entry. */
  42:/mnt/c/Users/Daniel/Documents/stm/ThirdParty/nucleo207/Middlewares/Third_Party/FreeRTOS/Source/list.c **** 	pxList->pxIndex = ( ListItem_t * ) &( pxList->xListEnd );			/*lint !e826 !e740 The mini list struc
  32              		.loc 1 42 0
  33 0000 00F10803 		add	r3, r0, #8
  34 0004 4360     		str	r3, [r0, #4]
  43:/mnt/c/Users/Daniel/Documents/stm/ThirdParty/nucleo207/Middlewares/Third_Party/FreeRTOS/Source/list.c **** 
  44:/mnt/c/Users/Daniel/Documents/stm/ThirdParty/nucleo207/Middlewares/Third_Party/FreeRTOS/Source/list.c **** 	/* The list end value is the highest possible value in the list to
  45:/mnt/c/Users/Daniel/Documents/stm/ThirdParty/nucleo207/Middlewares/Third_Party/FreeRTOS/Source/list.c **** 	ensure it remains at the end of the list. */
  46:/mnt/c/Users/Daniel/Documents/stm/ThirdParty/nucleo207/Middlewares/Third_Party/FreeRTOS/Source/list.c **** 	pxList->xListEnd.xItemValue = portMAX_DELAY;
  35              		.loc 1 46 0
  36 0006 4FF0FF32 		mov	r2, #-1
  37 000a 8260     		str	r2, [r0, #8]
  47:/mnt/c/Users/Daniel/Documents/stm/ThirdParty/nucleo207/Middlewares/Third_Party/FreeRTOS/Source/list.c **** 
  48:/mnt/c/Users/Daniel/Documents/stm/ThirdParty/nucleo207/Middlewares/Third_Party/FreeRTOS/Source/list.c **** 	/* The list end next and previous pointers point to itself so we know
  49:/mnt/c/Users/Daniel/Documents/stm/ThirdParty/nucleo207/Middlewares/Third_Party/FreeRTOS/Source/list.c **** 	when the list is empty. */
  50:/mnt/c/Users/Daniel/Documents/stm/ThirdParty/nucleo207/Middlewares/Third_Party/FreeRTOS/Source/list.c **** 	pxList->xListEnd.pxNext = ( ListItem_t * ) &( pxList->xListEnd );	/*lint !e826 !e740 The mini list
  38              		.loc 1 50 0
  39 000c C360     		str	r3, [r0, #12]
  51:/mnt/c/Users/Daniel/Documents/stm/ThirdParty/nucleo207/Middlewares/Third_Party/FreeRTOS/Source/list.c **** 	pxList->xListEnd.pxPrevious = ( ListItem_t * ) &( pxList->xListEnd );/*lint !e826 !e740 The mini l
  40              		.loc 1 51 0
  41 000e 0361     		str	r3, [r0, #16]
  52:/mnt/c/Users/Daniel/Documents/stm/ThirdParty/nucleo207/Middlewares/Third_Party/FreeRTOS/Source/list.c **** 
  53:/mnt/c/Users/Daniel/Documents/stm/ThirdParty/nucleo207/Middlewares/Third_Party/FreeRTOS/Source/list.c **** 	pxList->uxNumberOfItems = ( UBaseType_t ) 0U;
  42              		.loc 1 53 0
  43 0010 0023     		movs	r3, #0
  44 0012 0360     		str	r3, [r0]
  54:/mnt/c/Users/Daniel/Documents/stm/ThirdParty/nucleo207/Middlewares/Third_Party/FreeRTOS/Source/list.c **** 
  55:/mnt/c/Users/Daniel/Documents/stm/ThirdParty/nucleo207/Middlewares/Third_Party/FreeRTOS/Source/list.c **** 	/* Write known values into the list if
  56:/mnt/c/Users/Daniel/Documents/stm/ThirdParty/nucleo207/Middlewares/Third_Party/FreeRTOS/Source/list.c **** 	configUSE_LIST_DATA_INTEGRITY_CHECK_BYTES is set to 1. */
  57:/mnt/c/Users/Daniel/Documents/stm/ThirdParty/nucleo207/Middlewares/Third_Party/FreeRTOS/Source/list.c **** 	listSET_LIST_INTEGRITY_CHECK_1_VALUE( pxList );
  58:/mnt/c/Users/Daniel/Documents/stm/ThirdParty/nucleo207/Middlewares/Third_Party/FreeRTOS/Source/list.c **** 	listSET_LIST_INTEGRITY_CHECK_2_VALUE( pxList );
  59:/mnt/c/Users/Daniel/Documents/stm/ThirdParty/nucleo207/Middlewares/Third_Party/FreeRTOS/Source/list.c **** }
  45              		.loc 1 59 0
  46 0014 7047     		bx	lr
  47              		.cfi_endproc
  48              	.LFE5:
  50              		.section	.text.vListInitialiseItem,"ax",%progbits
  51              		.align	1
  52              		.global	vListInitialiseItem
  53              		.syntax unified
  54              		.thumb
  55              		.thumb_func
  56              		.fpu softvfp
  58              	vListInitialiseItem:
ARM GAS  /tmp/ccG1wuZX.s 			page 3


  59              	.LFB6:
  60:/mnt/c/Users/Daniel/Documents/stm/ThirdParty/nucleo207/Middlewares/Third_Party/FreeRTOS/Source/list.c **** /*-----------------------------------------------------------*/
  61:/mnt/c/Users/Daniel/Documents/stm/ThirdParty/nucleo207/Middlewares/Third_Party/FreeRTOS/Source/list.c **** 
  62:/mnt/c/Users/Daniel/Documents/stm/ThirdParty/nucleo207/Middlewares/Third_Party/FreeRTOS/Source/list.c **** void vListInitialiseItem( ListItem_t * const pxItem )
  63:/mnt/c/Users/Daniel/Documents/stm/ThirdParty/nucleo207/Middlewares/Third_Party/FreeRTOS/Source/list.c **** {
  60              		.loc 1 63 0
  61              		.cfi_startproc
  62              		@ args = 0, pretend = 0, frame = 0
  63              		@ frame_needed = 0, uses_anonymous_args = 0
  64              		@ link register save eliminated.
  65              	.LVL1:
  64:/mnt/c/Users/Daniel/Documents/stm/ThirdParty/nucleo207/Middlewares/Third_Party/FreeRTOS/Source/list.c **** 	/* Make sure the list item is not recorded as being on a list. */
  65:/mnt/c/Users/Daniel/Documents/stm/ThirdParty/nucleo207/Middlewares/Third_Party/FreeRTOS/Source/list.c **** 	pxItem->pvContainer = NULL;
  66              		.loc 1 65 0
  67 0000 0023     		movs	r3, #0
  68 0002 0361     		str	r3, [r0, #16]
  66:/mnt/c/Users/Daniel/Documents/stm/ThirdParty/nucleo207/Middlewares/Third_Party/FreeRTOS/Source/list.c **** 
  67:/mnt/c/Users/Daniel/Documents/stm/ThirdParty/nucleo207/Middlewares/Third_Party/FreeRTOS/Source/list.c **** 	/* Write known values into the list item if
  68:/mnt/c/Users/Daniel/Documents/stm/ThirdParty/nucleo207/Middlewares/Third_Party/FreeRTOS/Source/list.c **** 	configUSE_LIST_DATA_INTEGRITY_CHECK_BYTES is set to 1. */
  69:/mnt/c/Users/Daniel/Documents/stm/ThirdParty/nucleo207/Middlewares/Third_Party/FreeRTOS/Source/list.c **** 	listSET_FIRST_LIST_ITEM_INTEGRITY_CHECK_VALUE( pxItem );
  70:/mnt/c/Users/Daniel/Documents/stm/ThirdParty/nucleo207/Middlewares/Third_Party/FreeRTOS/Source/list.c **** 	listSET_SECOND_LIST_ITEM_INTEGRITY_CHECK_VALUE( pxItem );
  71:/mnt/c/Users/Daniel/Documents/stm/ThirdParty/nucleo207/Middlewares/Third_Party/FreeRTOS/Source/list.c **** }
  69              		.loc 1 71 0
  70 0004 7047     		bx	lr
  71              		.cfi_endproc
  72              	.LFE6:
  74              		.section	.text.vListInsertEnd,"ax",%progbits
  75              		.align	1
  76              		.global	vListInsertEnd
  77              		.syntax unified
  78              		.thumb
  79              		.thumb_func
  80              		.fpu softvfp
  82              	vListInsertEnd:
  83              	.LFB7:
  72:/mnt/c/Users/Daniel/Documents/stm/ThirdParty/nucleo207/Middlewares/Third_Party/FreeRTOS/Source/list.c **** /*-----------------------------------------------------------*/
  73:/mnt/c/Users/Daniel/Documents/stm/ThirdParty/nucleo207/Middlewares/Third_Party/FreeRTOS/Source/list.c **** 
  74:/mnt/c/Users/Daniel/Documents/stm/ThirdParty/nucleo207/Middlewares/Third_Party/FreeRTOS/Source/list.c **** void vListInsertEnd( List_t * const pxList, ListItem_t * const pxNewListItem )
  75:/mnt/c/Users/Daniel/Documents/stm/ThirdParty/nucleo207/Middlewares/Third_Party/FreeRTOS/Source/list.c **** {
  84              		.loc 1 75 0
  85              		.cfi_startproc
  86              		@ args = 0, pretend = 0, frame = 0
  87              		@ frame_needed = 0, uses_anonymous_args = 0
  88              		@ link register save eliminated.
  89              	.LVL2:
  76:/mnt/c/Users/Daniel/Documents/stm/ThirdParty/nucleo207/Middlewares/Third_Party/FreeRTOS/Source/list.c **** ListItem_t * const pxIndex = pxList->pxIndex;
  90              		.loc 1 76 0
  91 0000 4368     		ldr	r3, [r0, #4]
  92              	.LVL3:
  77:/mnt/c/Users/Daniel/Documents/stm/ThirdParty/nucleo207/Middlewares/Third_Party/FreeRTOS/Source/list.c **** 
  78:/mnt/c/Users/Daniel/Documents/stm/ThirdParty/nucleo207/Middlewares/Third_Party/FreeRTOS/Source/list.c **** 	/* Only effective when configASSERT() is also defined, these tests may catch
  79:/mnt/c/Users/Daniel/Documents/stm/ThirdParty/nucleo207/Middlewares/Third_Party/FreeRTOS/Source/list.c **** 	the list data structures being overwritten in memory.  They will not catch
  80:/mnt/c/Users/Daniel/Documents/stm/ThirdParty/nucleo207/Middlewares/Third_Party/FreeRTOS/Source/list.c **** 	data errors caused by incorrect configuration or use of FreeRTOS. */
  81:/mnt/c/Users/Daniel/Documents/stm/ThirdParty/nucleo207/Middlewares/Third_Party/FreeRTOS/Source/list.c **** 	listTEST_LIST_INTEGRITY( pxList );
  82:/mnt/c/Users/Daniel/Documents/stm/ThirdParty/nucleo207/Middlewares/Third_Party/FreeRTOS/Source/list.c **** 	listTEST_LIST_ITEM_INTEGRITY( pxNewListItem );
  83:/mnt/c/Users/Daniel/Documents/stm/ThirdParty/nucleo207/Middlewares/Third_Party/FreeRTOS/Source/list.c **** 
  84:/mnt/c/Users/Daniel/Documents/stm/ThirdParty/nucleo207/Middlewares/Third_Party/FreeRTOS/Source/list.c **** 	/* Insert a new list item into pxList, but rather than sort the list,
ARM GAS  /tmp/ccG1wuZX.s 			page 4


  85:/mnt/c/Users/Daniel/Documents/stm/ThirdParty/nucleo207/Middlewares/Third_Party/FreeRTOS/Source/list.c **** 	makes the new list item the last item to be removed by a call to
  86:/mnt/c/Users/Daniel/Documents/stm/ThirdParty/nucleo207/Middlewares/Third_Party/FreeRTOS/Source/list.c **** 	listGET_OWNER_OF_NEXT_ENTRY(). */
  87:/mnt/c/Users/Daniel/Documents/stm/ThirdParty/nucleo207/Middlewares/Third_Party/FreeRTOS/Source/list.c **** 	pxNewListItem->pxNext = pxIndex;
  93              		.loc 1 87 0
  94 0002 4B60     		str	r3, [r1, #4]
  88:/mnt/c/Users/Daniel/Documents/stm/ThirdParty/nucleo207/Middlewares/Third_Party/FreeRTOS/Source/list.c **** 	pxNewListItem->pxPrevious = pxIndex->pxPrevious;
  95              		.loc 1 88 0
  96 0004 9A68     		ldr	r2, [r3, #8]
  97 0006 8A60     		str	r2, [r1, #8]
  89:/mnt/c/Users/Daniel/Documents/stm/ThirdParty/nucleo207/Middlewares/Third_Party/FreeRTOS/Source/list.c **** 
  90:/mnt/c/Users/Daniel/Documents/stm/ThirdParty/nucleo207/Middlewares/Third_Party/FreeRTOS/Source/list.c **** 	/* Only used during decision coverage testing. */
  91:/mnt/c/Users/Daniel/Documents/stm/ThirdParty/nucleo207/Middlewares/Third_Party/FreeRTOS/Source/list.c **** 	mtCOVERAGE_TEST_DELAY();
  92:/mnt/c/Users/Daniel/Documents/stm/ThirdParty/nucleo207/Middlewares/Third_Party/FreeRTOS/Source/list.c **** 
  93:/mnt/c/Users/Daniel/Documents/stm/ThirdParty/nucleo207/Middlewares/Third_Party/FreeRTOS/Source/list.c **** 	pxIndex->pxPrevious->pxNext = pxNewListItem;
  98              		.loc 1 93 0
  99 0008 9A68     		ldr	r2, [r3, #8]
 100 000a 5160     		str	r1, [r2, #4]
  94:/mnt/c/Users/Daniel/Documents/stm/ThirdParty/nucleo207/Middlewares/Third_Party/FreeRTOS/Source/list.c **** 	pxIndex->pxPrevious = pxNewListItem;
 101              		.loc 1 94 0
 102 000c 9960     		str	r1, [r3, #8]
  95:/mnt/c/Users/Daniel/Documents/stm/ThirdParty/nucleo207/Middlewares/Third_Party/FreeRTOS/Source/list.c **** 
  96:/mnt/c/Users/Daniel/Documents/stm/ThirdParty/nucleo207/Middlewares/Third_Party/FreeRTOS/Source/list.c **** 	/* Remember which list the item is in. */
  97:/mnt/c/Users/Daniel/Documents/stm/ThirdParty/nucleo207/Middlewares/Third_Party/FreeRTOS/Source/list.c **** 	pxNewListItem->pvContainer = ( void * ) pxList;
 103              		.loc 1 97 0
 104 000e 0861     		str	r0, [r1, #16]
  98:/mnt/c/Users/Daniel/Documents/stm/ThirdParty/nucleo207/Middlewares/Third_Party/FreeRTOS/Source/list.c **** 
  99:/mnt/c/Users/Daniel/Documents/stm/ThirdParty/nucleo207/Middlewares/Third_Party/FreeRTOS/Source/list.c **** 	( pxList->uxNumberOfItems )++;
 105              		.loc 1 99 0
 106 0010 0368     		ldr	r3, [r0]
 107              	.LVL4:
 108 0012 0133     		adds	r3, r3, #1
 109 0014 0360     		str	r3, [r0]
 100:/mnt/c/Users/Daniel/Documents/stm/ThirdParty/nucleo207/Middlewares/Third_Party/FreeRTOS/Source/list.c **** }
 110              		.loc 1 100 0
 111 0016 7047     		bx	lr
 112              		.cfi_endproc
 113              	.LFE7:
 115              		.section	.text.vListInsert,"ax",%progbits
 116              		.align	1
 117              		.global	vListInsert
 118              		.syntax unified
 119              		.thumb
 120              		.thumb_func
 121              		.fpu softvfp
 123              	vListInsert:
 124              	.LFB8:
 101:/mnt/c/Users/Daniel/Documents/stm/ThirdParty/nucleo207/Middlewares/Third_Party/FreeRTOS/Source/list.c **** /*-----------------------------------------------------------*/
 102:/mnt/c/Users/Daniel/Documents/stm/ThirdParty/nucleo207/Middlewares/Third_Party/FreeRTOS/Source/list.c **** 
 103:/mnt/c/Users/Daniel/Documents/stm/ThirdParty/nucleo207/Middlewares/Third_Party/FreeRTOS/Source/list.c **** void vListInsert( List_t * const pxList, ListItem_t * const pxNewListItem )
 104:/mnt/c/Users/Daniel/Documents/stm/ThirdParty/nucleo207/Middlewares/Third_Party/FreeRTOS/Source/list.c **** {
 125              		.loc 1 104 0
 126              		.cfi_startproc
 127              		@ args = 0, pretend = 0, frame = 0
 128              		@ frame_needed = 0, uses_anonymous_args = 0
 129              		@ link register save eliminated.
 130              	.LVL5:
 131 0000 30B4     		push	{r4, r5}
ARM GAS  /tmp/ccG1wuZX.s 			page 5


 132              	.LCFI0:
 133              		.cfi_def_cfa_offset 8
 134              		.cfi_offset 4, -8
 135              		.cfi_offset 5, -4
 105:/mnt/c/Users/Daniel/Documents/stm/ThirdParty/nucleo207/Middlewares/Third_Party/FreeRTOS/Source/list.c **** ListItem_t *pxIterator;
 106:/mnt/c/Users/Daniel/Documents/stm/ThirdParty/nucleo207/Middlewares/Third_Party/FreeRTOS/Source/list.c **** const TickType_t xValueOfInsertion = pxNewListItem->xItemValue;
 136              		.loc 1 106 0
 137 0002 0D68     		ldr	r5, [r1]
 138              	.LVL6:
 107:/mnt/c/Users/Daniel/Documents/stm/ThirdParty/nucleo207/Middlewares/Third_Party/FreeRTOS/Source/list.c **** 
 108:/mnt/c/Users/Daniel/Documents/stm/ThirdParty/nucleo207/Middlewares/Third_Party/FreeRTOS/Source/list.c **** 	/* Only effective when configASSERT() is also defined, these tests may catch
 109:/mnt/c/Users/Daniel/Documents/stm/ThirdParty/nucleo207/Middlewares/Third_Party/FreeRTOS/Source/list.c **** 	the list data structures being overwritten in memory.  They will not catch
 110:/mnt/c/Users/Daniel/Documents/stm/ThirdParty/nucleo207/Middlewares/Third_Party/FreeRTOS/Source/list.c **** 	data errors caused by incorrect configuration or use of FreeRTOS. */
 111:/mnt/c/Users/Daniel/Documents/stm/ThirdParty/nucleo207/Middlewares/Third_Party/FreeRTOS/Source/list.c **** 	listTEST_LIST_INTEGRITY( pxList );
 112:/mnt/c/Users/Daniel/Documents/stm/ThirdParty/nucleo207/Middlewares/Third_Party/FreeRTOS/Source/list.c **** 	listTEST_LIST_ITEM_INTEGRITY( pxNewListItem );
 113:/mnt/c/Users/Daniel/Documents/stm/ThirdParty/nucleo207/Middlewares/Third_Party/FreeRTOS/Source/list.c **** 
 114:/mnt/c/Users/Daniel/Documents/stm/ThirdParty/nucleo207/Middlewares/Third_Party/FreeRTOS/Source/list.c **** 	/* Insert the new list item into the list, sorted in xItemValue order.
 115:/mnt/c/Users/Daniel/Documents/stm/ThirdParty/nucleo207/Middlewares/Third_Party/FreeRTOS/Source/list.c **** 
 116:/mnt/c/Users/Daniel/Documents/stm/ThirdParty/nucleo207/Middlewares/Third_Party/FreeRTOS/Source/list.c **** 	If the list already contains a list item with the same item value then the
 117:/mnt/c/Users/Daniel/Documents/stm/ThirdParty/nucleo207/Middlewares/Third_Party/FreeRTOS/Source/list.c **** 	new list item should be placed after it.  This ensures that TCB's which are
 118:/mnt/c/Users/Daniel/Documents/stm/ThirdParty/nucleo207/Middlewares/Third_Party/FreeRTOS/Source/list.c **** 	stored in ready lists (all of which have the same xItemValue value) get a
 119:/mnt/c/Users/Daniel/Documents/stm/ThirdParty/nucleo207/Middlewares/Third_Party/FreeRTOS/Source/list.c **** 	share of the CPU.  However, if the xItemValue is the same as the back marker
 120:/mnt/c/Users/Daniel/Documents/stm/ThirdParty/nucleo207/Middlewares/Third_Party/FreeRTOS/Source/list.c **** 	the iteration loop below will not end.  Therefore the value is checked
 121:/mnt/c/Users/Daniel/Documents/stm/ThirdParty/nucleo207/Middlewares/Third_Party/FreeRTOS/Source/list.c **** 	first, and the algorithm slightly modified if necessary. */
 122:/mnt/c/Users/Daniel/Documents/stm/ThirdParty/nucleo207/Middlewares/Third_Party/FreeRTOS/Source/list.c **** 	if( xValueOfInsertion == portMAX_DELAY )
 139              		.loc 1 122 0
 140 0004 B5F1FF3F 		cmp	r5, #-1
 141 0008 02D0     		beq	.L10
 123:/mnt/c/Users/Daniel/Documents/stm/ThirdParty/nucleo207/Middlewares/Third_Party/FreeRTOS/Source/list.c **** 	{
 124:/mnt/c/Users/Daniel/Documents/stm/ThirdParty/nucleo207/Middlewares/Third_Party/FreeRTOS/Source/list.c **** 		pxIterator = pxList->xListEnd.pxPrevious;
 125:/mnt/c/Users/Daniel/Documents/stm/ThirdParty/nucleo207/Middlewares/Third_Party/FreeRTOS/Source/list.c **** 	}
 126:/mnt/c/Users/Daniel/Documents/stm/ThirdParty/nucleo207/Middlewares/Third_Party/FreeRTOS/Source/list.c **** 	else
 127:/mnt/c/Users/Daniel/Documents/stm/ThirdParty/nucleo207/Middlewares/Third_Party/FreeRTOS/Source/list.c **** 	{
 128:/mnt/c/Users/Daniel/Documents/stm/ThirdParty/nucleo207/Middlewares/Third_Party/FreeRTOS/Source/list.c **** 		/* *** NOTE ***********************************************************
 129:/mnt/c/Users/Daniel/Documents/stm/ThirdParty/nucleo207/Middlewares/Third_Party/FreeRTOS/Source/list.c **** 		If you find your application is crashing here then likely causes are
 130:/mnt/c/Users/Daniel/Documents/stm/ThirdParty/nucleo207/Middlewares/Third_Party/FreeRTOS/Source/list.c **** 		listed below.  In addition see http://www.freertos.org/FAQHelp.html for
 131:/mnt/c/Users/Daniel/Documents/stm/ThirdParty/nucleo207/Middlewares/Third_Party/FreeRTOS/Source/list.c **** 		more tips, and ensure configASSERT() is defined!
 132:/mnt/c/Users/Daniel/Documents/stm/ThirdParty/nucleo207/Middlewares/Third_Party/FreeRTOS/Source/list.c **** 		http://www.freertos.org/a00110.html#configASSERT
 133:/mnt/c/Users/Daniel/Documents/stm/ThirdParty/nucleo207/Middlewares/Third_Party/FreeRTOS/Source/list.c **** 
 134:/mnt/c/Users/Daniel/Documents/stm/ThirdParty/nucleo207/Middlewares/Third_Party/FreeRTOS/Source/list.c **** 			1) Stack overflow -
 135:/mnt/c/Users/Daniel/Documents/stm/ThirdParty/nucleo207/Middlewares/Third_Party/FreeRTOS/Source/list.c **** 			   see http://www.freertos.org/Stacks-and-stack-overflow-checking.html
 136:/mnt/c/Users/Daniel/Documents/stm/ThirdParty/nucleo207/Middlewares/Third_Party/FreeRTOS/Source/list.c **** 			2) Incorrect interrupt priority assignment, especially on Cortex-M
 137:/mnt/c/Users/Daniel/Documents/stm/ThirdParty/nucleo207/Middlewares/Third_Party/FreeRTOS/Source/list.c **** 			   parts where numerically high priority values denote low actual
 138:/mnt/c/Users/Daniel/Documents/stm/ThirdParty/nucleo207/Middlewares/Third_Party/FreeRTOS/Source/list.c **** 			   interrupt priorities, which can seem counter intuitive.  See
 139:/mnt/c/Users/Daniel/Documents/stm/ThirdParty/nucleo207/Middlewares/Third_Party/FreeRTOS/Source/list.c **** 			   http://www.freertos.org/RTOS-Cortex-M3-M4.html and the definition
 140:/mnt/c/Users/Daniel/Documents/stm/ThirdParty/nucleo207/Middlewares/Third_Party/FreeRTOS/Source/list.c **** 			   of configMAX_SYSCALL_INTERRUPT_PRIORITY on
 141:/mnt/c/Users/Daniel/Documents/stm/ThirdParty/nucleo207/Middlewares/Third_Party/FreeRTOS/Source/list.c **** 			   http://www.freertos.org/a00110.html
 142:/mnt/c/Users/Daniel/Documents/stm/ThirdParty/nucleo207/Middlewares/Third_Party/FreeRTOS/Source/list.c **** 			3) Calling an API function from within a critical section or when
 143:/mnt/c/Users/Daniel/Documents/stm/ThirdParty/nucleo207/Middlewares/Third_Party/FreeRTOS/Source/list.c **** 			   the scheduler is suspended, or calling an API function that does
 144:/mnt/c/Users/Daniel/Documents/stm/ThirdParty/nucleo207/Middlewares/Third_Party/FreeRTOS/Source/list.c **** 			   not end in "FromISR" from an interrupt.
 145:/mnt/c/Users/Daniel/Documents/stm/ThirdParty/nucleo207/Middlewares/Third_Party/FreeRTOS/Source/list.c **** 			4) Using a queue or semaphore before it has been initialised or
 146:/mnt/c/Users/Daniel/Documents/stm/ThirdParty/nucleo207/Middlewares/Third_Party/FreeRTOS/Source/list.c **** 			   before the scheduler has been started (are interrupts firing
 147:/mnt/c/Users/Daniel/Documents/stm/ThirdParty/nucleo207/Middlewares/Third_Party/FreeRTOS/Source/list.c **** 			   before vTaskStartScheduler() has been called?).
 148:/mnt/c/Users/Daniel/Documents/stm/ThirdParty/nucleo207/Middlewares/Third_Party/FreeRTOS/Source/list.c **** 		**********************************************************************/
 149:/mnt/c/Users/Daniel/Documents/stm/ThirdParty/nucleo207/Middlewares/Third_Party/FreeRTOS/Source/list.c **** 
 150:/mnt/c/Users/Daniel/Documents/stm/ThirdParty/nucleo207/Middlewares/Third_Party/FreeRTOS/Source/list.c **** 		for( pxIterator = ( ListItem_t * ) &( pxList->xListEnd ); pxIterator->pxNext->xItemValue <= xValu
 142              		.loc 1 150 0
ARM GAS  /tmp/ccG1wuZX.s 			page 6


 143 000a 00F10802 		add	r2, r0, #8
 144              	.LVL7:
 145 000e 02E0     		b	.L7
 146              	.LVL8:
 147              	.L10:
 124:/mnt/c/Users/Daniel/Documents/stm/ThirdParty/nucleo207/Middlewares/Third_Party/FreeRTOS/Source/list.c **** 	}
 148              		.loc 1 124 0
 149 0010 0269     		ldr	r2, [r0, #16]
 150              	.LVL9:
 151 0012 04E0     		b	.L6
 152              	.L8:
 153              		.loc 1 150 0
 154 0014 1A46     		mov	r2, r3
 155              	.LVL10:
 156              	.L7:
 157              		.loc 1 150 0 is_stmt 0 discriminator 1
 158 0016 5368     		ldr	r3, [r2, #4]
 159 0018 1C68     		ldr	r4, [r3]
 160 001a AC42     		cmp	r4, r5
 161 001c FAD9     		bls	.L8
 162              	.L6:
 151:/mnt/c/Users/Daniel/Documents/stm/ThirdParty/nucleo207/Middlewares/Third_Party/FreeRTOS/Source/list.c **** 		{
 152:/mnt/c/Users/Daniel/Documents/stm/ThirdParty/nucleo207/Middlewares/Third_Party/FreeRTOS/Source/list.c **** 			/* There is nothing to do here, just iterating to the wanted
 153:/mnt/c/Users/Daniel/Documents/stm/ThirdParty/nucleo207/Middlewares/Third_Party/FreeRTOS/Source/list.c **** 			insertion position. */
 154:/mnt/c/Users/Daniel/Documents/stm/ThirdParty/nucleo207/Middlewares/Third_Party/FreeRTOS/Source/list.c **** 		}
 155:/mnt/c/Users/Daniel/Documents/stm/ThirdParty/nucleo207/Middlewares/Third_Party/FreeRTOS/Source/list.c **** 	}
 156:/mnt/c/Users/Daniel/Documents/stm/ThirdParty/nucleo207/Middlewares/Third_Party/FreeRTOS/Source/list.c **** 
 157:/mnt/c/Users/Daniel/Documents/stm/ThirdParty/nucleo207/Middlewares/Third_Party/FreeRTOS/Source/list.c **** 	pxNewListItem->pxNext = pxIterator->pxNext;
 163              		.loc 1 157 0 is_stmt 1
 164 001e 5368     		ldr	r3, [r2, #4]
 165 0020 4B60     		str	r3, [r1, #4]
 158:/mnt/c/Users/Daniel/Documents/stm/ThirdParty/nucleo207/Middlewares/Third_Party/FreeRTOS/Source/list.c **** 	pxNewListItem->pxNext->pxPrevious = pxNewListItem;
 166              		.loc 1 158 0
 167 0022 9960     		str	r1, [r3, #8]
 159:/mnt/c/Users/Daniel/Documents/stm/ThirdParty/nucleo207/Middlewares/Third_Party/FreeRTOS/Source/list.c **** 	pxNewListItem->pxPrevious = pxIterator;
 168              		.loc 1 159 0
 169 0024 8A60     		str	r2, [r1, #8]
 160:/mnt/c/Users/Daniel/Documents/stm/ThirdParty/nucleo207/Middlewares/Third_Party/FreeRTOS/Source/list.c **** 	pxIterator->pxNext = pxNewListItem;
 170              		.loc 1 160 0
 171 0026 5160     		str	r1, [r2, #4]
 161:/mnt/c/Users/Daniel/Documents/stm/ThirdParty/nucleo207/Middlewares/Third_Party/FreeRTOS/Source/list.c **** 
 162:/mnt/c/Users/Daniel/Documents/stm/ThirdParty/nucleo207/Middlewares/Third_Party/FreeRTOS/Source/list.c **** 	/* Remember which list the item is in.  This allows fast removal of the
 163:/mnt/c/Users/Daniel/Documents/stm/ThirdParty/nucleo207/Middlewares/Third_Party/FreeRTOS/Source/list.c **** 	item later. */
 164:/mnt/c/Users/Daniel/Documents/stm/ThirdParty/nucleo207/Middlewares/Third_Party/FreeRTOS/Source/list.c **** 	pxNewListItem->pvContainer = ( void * ) pxList;
 172              		.loc 1 164 0
 173 0028 0861     		str	r0, [r1, #16]
 165:/mnt/c/Users/Daniel/Documents/stm/ThirdParty/nucleo207/Middlewares/Third_Party/FreeRTOS/Source/list.c **** 
 166:/mnt/c/Users/Daniel/Documents/stm/ThirdParty/nucleo207/Middlewares/Third_Party/FreeRTOS/Source/list.c **** 	( pxList->uxNumberOfItems )++;
 174              		.loc 1 166 0
 175 002a 0368     		ldr	r3, [r0]
 176 002c 0133     		adds	r3, r3, #1
 177 002e 0360     		str	r3, [r0]
 167:/mnt/c/Users/Daniel/Documents/stm/ThirdParty/nucleo207/Middlewares/Third_Party/FreeRTOS/Source/list.c **** }
 178              		.loc 1 167 0
 179 0030 30BC     		pop	{r4, r5}
 180              	.LCFI1:
 181              		.cfi_restore 5
ARM GAS  /tmp/ccG1wuZX.s 			page 7


 182              		.cfi_restore 4
 183              		.cfi_def_cfa_offset 0
 184              	.LVL11:
 185 0032 7047     		bx	lr
 186              		.cfi_endproc
 187              	.LFE8:
 189              		.section	.text.uxListRemove,"ax",%progbits
 190              		.align	1
 191              		.global	uxListRemove
 192              		.syntax unified
 193              		.thumb
 194              		.thumb_func
 195              		.fpu softvfp
 197              	uxListRemove:
 198              	.LFB9:
 168:/mnt/c/Users/Daniel/Documents/stm/ThirdParty/nucleo207/Middlewares/Third_Party/FreeRTOS/Source/list.c **** /*-----------------------------------------------------------*/
 169:/mnt/c/Users/Daniel/Documents/stm/ThirdParty/nucleo207/Middlewares/Third_Party/FreeRTOS/Source/list.c **** 
 170:/mnt/c/Users/Daniel/Documents/stm/ThirdParty/nucleo207/Middlewares/Third_Party/FreeRTOS/Source/list.c **** UBaseType_t uxListRemove( ListItem_t * const pxItemToRemove )
 171:/mnt/c/Users/Daniel/Documents/stm/ThirdParty/nucleo207/Middlewares/Third_Party/FreeRTOS/Source/list.c **** {
 199              		.loc 1 171 0
 200              		.cfi_startproc
 201              		@ args = 0, pretend = 0, frame = 0
 202              		@ frame_needed = 0, uses_anonymous_args = 0
 203              		@ link register save eliminated.
 204              	.LVL12:
 172:/mnt/c/Users/Daniel/Documents/stm/ThirdParty/nucleo207/Middlewares/Third_Party/FreeRTOS/Source/list.c **** /* The list item knows which list it is in.  Obtain the list from the list
 173:/mnt/c/Users/Daniel/Documents/stm/ThirdParty/nucleo207/Middlewares/Third_Party/FreeRTOS/Source/list.c **** item. */
 174:/mnt/c/Users/Daniel/Documents/stm/ThirdParty/nucleo207/Middlewares/Third_Party/FreeRTOS/Source/list.c **** List_t * const pxList = ( List_t * ) pxItemToRemove->pvContainer;
 205              		.loc 1 174 0
 206 0000 0369     		ldr	r3, [r0, #16]
 207              	.LVL13:
 175:/mnt/c/Users/Daniel/Documents/stm/ThirdParty/nucleo207/Middlewares/Third_Party/FreeRTOS/Source/list.c **** 
 176:/mnt/c/Users/Daniel/Documents/stm/ThirdParty/nucleo207/Middlewares/Third_Party/FreeRTOS/Source/list.c **** 	pxItemToRemove->pxNext->pxPrevious = pxItemToRemove->pxPrevious;
 208              		.loc 1 176 0
 209 0002 4268     		ldr	r2, [r0, #4]
 210 0004 8168     		ldr	r1, [r0, #8]
 211 0006 9160     		str	r1, [r2, #8]
 177:/mnt/c/Users/Daniel/Documents/stm/ThirdParty/nucleo207/Middlewares/Third_Party/FreeRTOS/Source/list.c **** 	pxItemToRemove->pxPrevious->pxNext = pxItemToRemove->pxNext;
 212              		.loc 1 177 0
 213 0008 8268     		ldr	r2, [r0, #8]
 214 000a 4168     		ldr	r1, [r0, #4]
 215 000c 5160     		str	r1, [r2, #4]
 178:/mnt/c/Users/Daniel/Documents/stm/ThirdParty/nucleo207/Middlewares/Third_Party/FreeRTOS/Source/list.c **** 
 179:/mnt/c/Users/Daniel/Documents/stm/ThirdParty/nucleo207/Middlewares/Third_Party/FreeRTOS/Source/list.c **** 	/* Only used during decision coverage testing. */
 180:/mnt/c/Users/Daniel/Documents/stm/ThirdParty/nucleo207/Middlewares/Third_Party/FreeRTOS/Source/list.c **** 	mtCOVERAGE_TEST_DELAY();
 181:/mnt/c/Users/Daniel/Documents/stm/ThirdParty/nucleo207/Middlewares/Third_Party/FreeRTOS/Source/list.c **** 
 182:/mnt/c/Users/Daniel/Documents/stm/ThirdParty/nucleo207/Middlewares/Third_Party/FreeRTOS/Source/list.c **** 	/* Make sure the index is left pointing to a valid item. */
 183:/mnt/c/Users/Daniel/Documents/stm/ThirdParty/nucleo207/Middlewares/Third_Party/FreeRTOS/Source/list.c **** 	if( pxList->pxIndex == pxItemToRemove )
 216              		.loc 1 183 0
 217 000e 5A68     		ldr	r2, [r3, #4]
 218 0010 8242     		cmp	r2, r0
 219 0012 06D0     		beq	.L13
 220              	.L12:
 184:/mnt/c/Users/Daniel/Documents/stm/ThirdParty/nucleo207/Middlewares/Third_Party/FreeRTOS/Source/list.c **** 	{
 185:/mnt/c/Users/Daniel/Documents/stm/ThirdParty/nucleo207/Middlewares/Third_Party/FreeRTOS/Source/list.c **** 		pxList->pxIndex = pxItemToRemove->pxPrevious;
 186:/mnt/c/Users/Daniel/Documents/stm/ThirdParty/nucleo207/Middlewares/Third_Party/FreeRTOS/Source/list.c **** 	}
 187:/mnt/c/Users/Daniel/Documents/stm/ThirdParty/nucleo207/Middlewares/Third_Party/FreeRTOS/Source/list.c **** 	else
ARM GAS  /tmp/ccG1wuZX.s 			page 8


 188:/mnt/c/Users/Daniel/Documents/stm/ThirdParty/nucleo207/Middlewares/Third_Party/FreeRTOS/Source/list.c **** 	{
 189:/mnt/c/Users/Daniel/Documents/stm/ThirdParty/nucleo207/Middlewares/Third_Party/FreeRTOS/Source/list.c **** 		mtCOVERAGE_TEST_MARKER();
 190:/mnt/c/Users/Daniel/Documents/stm/ThirdParty/nucleo207/Middlewares/Third_Party/FreeRTOS/Source/list.c **** 	}
 191:/mnt/c/Users/Daniel/Documents/stm/ThirdParty/nucleo207/Middlewares/Third_Party/FreeRTOS/Source/list.c **** 
 192:/mnt/c/Users/Daniel/Documents/stm/ThirdParty/nucleo207/Middlewares/Third_Party/FreeRTOS/Source/list.c **** 	pxItemToRemove->pvContainer = NULL;
 221              		.loc 1 192 0
 222 0014 0022     		movs	r2, #0
 223 0016 0261     		str	r2, [r0, #16]
 193:/mnt/c/Users/Daniel/Documents/stm/ThirdParty/nucleo207/Middlewares/Third_Party/FreeRTOS/Source/list.c **** 	( pxList->uxNumberOfItems )--;
 224              		.loc 1 193 0
 225 0018 1A68     		ldr	r2, [r3]
 226 001a 013A     		subs	r2, r2, #1
 227 001c 1A60     		str	r2, [r3]
 194:/mnt/c/Users/Daniel/Documents/stm/ThirdParty/nucleo207/Middlewares/Third_Party/FreeRTOS/Source/list.c **** 
 195:/mnt/c/Users/Daniel/Documents/stm/ThirdParty/nucleo207/Middlewares/Third_Party/FreeRTOS/Source/list.c **** 	return pxList->uxNumberOfItems;
 228              		.loc 1 195 0
 229 001e 1868     		ldr	r0, [r3]
 230              	.LVL14:
 196:/mnt/c/Users/Daniel/Documents/stm/ThirdParty/nucleo207/Middlewares/Third_Party/FreeRTOS/Source/list.c **** }
 231              		.loc 1 196 0
 232 0020 7047     		bx	lr
 233              	.LVL15:
 234              	.L13:
 185:/mnt/c/Users/Daniel/Documents/stm/ThirdParty/nucleo207/Middlewares/Third_Party/FreeRTOS/Source/list.c **** 	}
 235              		.loc 1 185 0
 236 0022 8268     		ldr	r2, [r0, #8]
 237 0024 5A60     		str	r2, [r3, #4]
 238 0026 F5E7     		b	.L12
 239              		.cfi_endproc
 240              	.LFE9:
 242              		.text
 243              	.Letext0:
 244              		.file 2 "/opt/gcc-arm-none-eabi-7-2017-q4-major/arm-none-eabi/include/machine/_default_types.h"
 245              		.file 3 "/opt/gcc-arm-none-eabi-7-2017-q4-major/arm-none-eabi/include/sys/lock.h"
 246              		.file 4 "/opt/gcc-arm-none-eabi-7-2017-q4-major/arm-none-eabi/include/sys/_types.h"
 247              		.file 5 "/opt/gcc-arm-none-eabi-7-2017-q4-major/lib/gcc/arm-none-eabi/7.2.1/include/stddef.h"
 248              		.file 6 "/opt/gcc-arm-none-eabi-7-2017-q4-major/arm-none-eabi/include/sys/reent.h"
 249              		.file 7 "/opt/gcc-arm-none-eabi-7-2017-q4-major/arm-none-eabi/include/stdlib.h"
 250              		.file 8 "/opt/gcc-arm-none-eabi-7-2017-q4-major/arm-none-eabi/include/sys/_stdint.h"
 251              		.file 9 "/mnt/c/Users/Daniel/Documents/stm/ThirdParty/nucleo207/Inc/FreeRTOSConfig.h"
 252              		.file 10 "/mnt/c/Users/Daniel/Documents/stm/ThirdParty/nucleo207/Middlewares/Third_Party/FreeRTOS/
 253              		.file 11 "/mnt/c/Users/Daniel/Documents/stm/ThirdParty/nucleo207/Middlewares/Third_Party/FreeRTOS/
ARM GAS  /tmp/ccG1wuZX.s 			page 9


DEFINED SYMBOLS
                            *ABS*:0000000000000000 list.c
     /tmp/ccG1wuZX.s:16     .text.vListInitialise:0000000000000000 $t
     /tmp/ccG1wuZX.s:23     .text.vListInitialise:0000000000000000 vListInitialise
     /tmp/ccG1wuZX.s:51     .text.vListInitialiseItem:0000000000000000 $t
     /tmp/ccG1wuZX.s:58     .text.vListInitialiseItem:0000000000000000 vListInitialiseItem
     /tmp/ccG1wuZX.s:75     .text.vListInsertEnd:0000000000000000 $t
     /tmp/ccG1wuZX.s:82     .text.vListInsertEnd:0000000000000000 vListInsertEnd
     /tmp/ccG1wuZX.s:116    .text.vListInsert:0000000000000000 $t
     /tmp/ccG1wuZX.s:123    .text.vListInsert:0000000000000000 vListInsert
     /tmp/ccG1wuZX.s:190    .text.uxListRemove:0000000000000000 $t
     /tmp/ccG1wuZX.s:197    .text.uxListRemove:0000000000000000 uxListRemove

NO UNDEFINED SYMBOLS
