ARM GAS  /tmp/ccToV3WZ.s 			page 1


   1              		.cpu cortex-m3
   2              		.eabi_attribute 20, 1
   3              		.eabi_attribute 21, 1
   4              		.eabi_attribute 23, 3
   5              		.eabi_attribute 24, 1
   6              		.eabi_attribute 25, 1
   7              		.eabi_attribute 26, 1
   8              		.eabi_attribute 30, 1
   9              		.eabi_attribute 34, 1
  10              		.eabi_attribute 18, 4
  11              		.file	"main.c"
  12              		.text
  13              	.Ltext0:
  14              		.cfi_sections	.debug_frame
  15              		.section	.text.MX_GPIO_Init,"ax",%progbits
  16              		.align	1
  17              		.syntax unified
  18              		.thumb
  19              		.thumb_func
  20              		.fpu softvfp
  22              	MX_GPIO_Init:
  23              	.LFB79:
  24              		.file 1 "/mnt/c/Users/Daniel/Documents/stm/ThirdParty/nucleo207/Src/main.c"
   1:/mnt/c/Users/Daniel/Documents/stm/ThirdParty/nucleo207/Src/main.c **** /* USER CODE BEGIN Header */
   2:/mnt/c/Users/Daniel/Documents/stm/ThirdParty/nucleo207/Src/main.c **** /**
   3:/mnt/c/Users/Daniel/Documents/stm/ThirdParty/nucleo207/Src/main.c ****   ******************************************************************************
   4:/mnt/c/Users/Daniel/Documents/stm/ThirdParty/nucleo207/Src/main.c ****   * @file           : main.c
   5:/mnt/c/Users/Daniel/Documents/stm/ThirdParty/nucleo207/Src/main.c ****   * @brief          : Main program body
   6:/mnt/c/Users/Daniel/Documents/stm/ThirdParty/nucleo207/Src/main.c ****   ******************************************************************************
   7:/mnt/c/Users/Daniel/Documents/stm/ThirdParty/nucleo207/Src/main.c ****   * @attention
   8:/mnt/c/Users/Daniel/Documents/stm/ThirdParty/nucleo207/Src/main.c ****   *
   9:/mnt/c/Users/Daniel/Documents/stm/ThirdParty/nucleo207/Src/main.c ****   * <h2><center>&copy; Copyright (c) 2020 STMicroelectronics.
  10:/mnt/c/Users/Daniel/Documents/stm/ThirdParty/nucleo207/Src/main.c ****   * All rights reserved.</center></h2>
  11:/mnt/c/Users/Daniel/Documents/stm/ThirdParty/nucleo207/Src/main.c ****   *
  12:/mnt/c/Users/Daniel/Documents/stm/ThirdParty/nucleo207/Src/main.c ****   * This software component is licensed by ST under BSD 3-Clause license,
  13:/mnt/c/Users/Daniel/Documents/stm/ThirdParty/nucleo207/Src/main.c ****   * the "License"; You may not use this file except in compliance with the
  14:/mnt/c/Users/Daniel/Documents/stm/ThirdParty/nucleo207/Src/main.c ****   * License. You may obtain a copy of the License at:
  15:/mnt/c/Users/Daniel/Documents/stm/ThirdParty/nucleo207/Src/main.c ****   *                        opensource.org/licenses/BSD-3-Clause
  16:/mnt/c/Users/Daniel/Documents/stm/ThirdParty/nucleo207/Src/main.c ****   *
  17:/mnt/c/Users/Daniel/Documents/stm/ThirdParty/nucleo207/Src/main.c ****   ******************************************************************************
  18:/mnt/c/Users/Daniel/Documents/stm/ThirdParty/nucleo207/Src/main.c ****   */
  19:/mnt/c/Users/Daniel/Documents/stm/ThirdParty/nucleo207/Src/main.c **** /* USER CODE END Header */
  20:/mnt/c/Users/Daniel/Documents/stm/ThirdParty/nucleo207/Src/main.c **** 
  21:/mnt/c/Users/Daniel/Documents/stm/ThirdParty/nucleo207/Src/main.c **** /* Includes ------------------------------------------------------------------*/
  22:/mnt/c/Users/Daniel/Documents/stm/ThirdParty/nucleo207/Src/main.c **** #include "main.h"
  23:/mnt/c/Users/Daniel/Documents/stm/ThirdParty/nucleo207/Src/main.c **** #include "cmsis_os.h"
  24:/mnt/c/Users/Daniel/Documents/stm/ThirdParty/nucleo207/Src/main.c **** #include "button.h"
  25:/mnt/c/Users/Daniel/Documents/stm/ThirdParty/nucleo207/Src/main.c **** 
  26:/mnt/c/Users/Daniel/Documents/stm/ThirdParty/nucleo207/Src/main.c **** /* Private includes ----------------------------------------------------------*/
  27:/mnt/c/Users/Daniel/Documents/stm/ThirdParty/nucleo207/Src/main.c **** /* USER CODE BEGIN Includes */
  28:/mnt/c/Users/Daniel/Documents/stm/ThirdParty/nucleo207/Src/main.c **** 
  29:/mnt/c/Users/Daniel/Documents/stm/ThirdParty/nucleo207/Src/main.c **** /* USER CODE END Includes */
  30:/mnt/c/Users/Daniel/Documents/stm/ThirdParty/nucleo207/Src/main.c **** 
  31:/mnt/c/Users/Daniel/Documents/stm/ThirdParty/nucleo207/Src/main.c **** /* Private typedef -----------------------------------------------------------*/
  32:/mnt/c/Users/Daniel/Documents/stm/ThirdParty/nucleo207/Src/main.c **** /* USER CODE BEGIN PTD */
  33:/mnt/c/Users/Daniel/Documents/stm/ThirdParty/nucleo207/Src/main.c **** 
  34:/mnt/c/Users/Daniel/Documents/stm/ThirdParty/nucleo207/Src/main.c **** /* USER CODE END PTD */
ARM GAS  /tmp/ccToV3WZ.s 			page 2


  35:/mnt/c/Users/Daniel/Documents/stm/ThirdParty/nucleo207/Src/main.c **** 
  36:/mnt/c/Users/Daniel/Documents/stm/ThirdParty/nucleo207/Src/main.c **** /* Private define ------------------------------------------------------------*/
  37:/mnt/c/Users/Daniel/Documents/stm/ThirdParty/nucleo207/Src/main.c **** /* USER CODE BEGIN PD */
  38:/mnt/c/Users/Daniel/Documents/stm/ThirdParty/nucleo207/Src/main.c **** 
  39:/mnt/c/Users/Daniel/Documents/stm/ThirdParty/nucleo207/Src/main.c **** /* USER CODE END PD */
  40:/mnt/c/Users/Daniel/Documents/stm/ThirdParty/nucleo207/Src/main.c **** 
  41:/mnt/c/Users/Daniel/Documents/stm/ThirdParty/nucleo207/Src/main.c **** /* Private macro -------------------------------------------------------------*/
  42:/mnt/c/Users/Daniel/Documents/stm/ThirdParty/nucleo207/Src/main.c **** /* USER CODE BEGIN PM */
  43:/mnt/c/Users/Daniel/Documents/stm/ThirdParty/nucleo207/Src/main.c **** 
  44:/mnt/c/Users/Daniel/Documents/stm/ThirdParty/nucleo207/Src/main.c **** /* USER CODE END PM */
  45:/mnt/c/Users/Daniel/Documents/stm/ThirdParty/nucleo207/Src/main.c **** 
  46:/mnt/c/Users/Daniel/Documents/stm/ThirdParty/nucleo207/Src/main.c **** /* Private variables ---------------------------------------------------------*/
  47:/mnt/c/Users/Daniel/Documents/stm/ThirdParty/nucleo207/Src/main.c **** osThreadId defaultTaskHandle;
  48:/mnt/c/Users/Daniel/Documents/stm/ThirdParty/nucleo207/Src/main.c **** /* USER CODE BEGIN PV */
  49:/mnt/c/Users/Daniel/Documents/stm/ThirdParty/nucleo207/Src/main.c **** 
  50:/mnt/c/Users/Daniel/Documents/stm/ThirdParty/nucleo207/Src/main.c **** /* USER CODE END PV */
  51:/mnt/c/Users/Daniel/Documents/stm/ThirdParty/nucleo207/Src/main.c **** 
  52:/mnt/c/Users/Daniel/Documents/stm/ThirdParty/nucleo207/Src/main.c **** /* Private function prototypes -----------------------------------------------*/
  53:/mnt/c/Users/Daniel/Documents/stm/ThirdParty/nucleo207/Src/main.c **** void SystemClock_Config(void);
  54:/mnt/c/Users/Daniel/Documents/stm/ThirdParty/nucleo207/Src/main.c **** static void MX_GPIO_Init(void);
  55:/mnt/c/Users/Daniel/Documents/stm/ThirdParty/nucleo207/Src/main.c **** void StartDefaultTask(void const * argument);
  56:/mnt/c/Users/Daniel/Documents/stm/ThirdParty/nucleo207/Src/main.c **** 
  57:/mnt/c/Users/Daniel/Documents/stm/ThirdParty/nucleo207/Src/main.c **** /* USER CODE BEGIN PFP */
  58:/mnt/c/Users/Daniel/Documents/stm/ThirdParty/nucleo207/Src/main.c **** 
  59:/mnt/c/Users/Daniel/Documents/stm/ThirdParty/nucleo207/Src/main.c **** /* USER CODE END PFP */
  60:/mnt/c/Users/Daniel/Documents/stm/ThirdParty/nucleo207/Src/main.c **** 
  61:/mnt/c/Users/Daniel/Documents/stm/ThirdParty/nucleo207/Src/main.c **** /* Private user code ---------------------------------------------------------*/
  62:/mnt/c/Users/Daniel/Documents/stm/ThirdParty/nucleo207/Src/main.c **** /* USER CODE BEGIN 0 */
  63:/mnt/c/Users/Daniel/Documents/stm/ThirdParty/nucleo207/Src/main.c **** 
  64:/mnt/c/Users/Daniel/Documents/stm/ThirdParty/nucleo207/Src/main.c **** /* USER CODE END 0 */
  65:/mnt/c/Users/Daniel/Documents/stm/ThirdParty/nucleo207/Src/main.c **** 
  66:/mnt/c/Users/Daniel/Documents/stm/ThirdParty/nucleo207/Src/main.c **** /**
  67:/mnt/c/Users/Daniel/Documents/stm/ThirdParty/nucleo207/Src/main.c ****   * @brief  The application entry point.
  68:/mnt/c/Users/Daniel/Documents/stm/ThirdParty/nucleo207/Src/main.c ****   * @retval int
  69:/mnt/c/Users/Daniel/Documents/stm/ThirdParty/nucleo207/Src/main.c ****   */
  70:/mnt/c/Users/Daniel/Documents/stm/ThirdParty/nucleo207/Src/main.c **** int main(void)
  71:/mnt/c/Users/Daniel/Documents/stm/ThirdParty/nucleo207/Src/main.c **** {
  72:/mnt/c/Users/Daniel/Documents/stm/ThirdParty/nucleo207/Src/main.c ****   /* USER CODE BEGIN 1 */
  73:/mnt/c/Users/Daniel/Documents/stm/ThirdParty/nucleo207/Src/main.c **** 
  74:/mnt/c/Users/Daniel/Documents/stm/ThirdParty/nucleo207/Src/main.c ****   /* USER CODE END 1 */
  75:/mnt/c/Users/Daniel/Documents/stm/ThirdParty/nucleo207/Src/main.c ****   
  76:/mnt/c/Users/Daniel/Documents/stm/ThirdParty/nucleo207/Src/main.c **** 
  77:/mnt/c/Users/Daniel/Documents/stm/ThirdParty/nucleo207/Src/main.c ****   /* MCU Configuration--------------------------------------------------------*/
  78:/mnt/c/Users/Daniel/Documents/stm/ThirdParty/nucleo207/Src/main.c **** 
  79:/mnt/c/Users/Daniel/Documents/stm/ThirdParty/nucleo207/Src/main.c ****   /* Reset of all peripherals, Initializes the Flash interface and the Systick. */
  80:/mnt/c/Users/Daniel/Documents/stm/ThirdParty/nucleo207/Src/main.c ****   HAL_Init();
  81:/mnt/c/Users/Daniel/Documents/stm/ThirdParty/nucleo207/Src/main.c **** 
  82:/mnt/c/Users/Daniel/Documents/stm/ThirdParty/nucleo207/Src/main.c ****   /* USER CODE BEGIN Init */
  83:/mnt/c/Users/Daniel/Documents/stm/ThirdParty/nucleo207/Src/main.c **** 
  84:/mnt/c/Users/Daniel/Documents/stm/ThirdParty/nucleo207/Src/main.c ****   /* USER CODE END Init */
  85:/mnt/c/Users/Daniel/Documents/stm/ThirdParty/nucleo207/Src/main.c **** 
  86:/mnt/c/Users/Daniel/Documents/stm/ThirdParty/nucleo207/Src/main.c ****   /* Configure the system clock */
  87:/mnt/c/Users/Daniel/Documents/stm/ThirdParty/nucleo207/Src/main.c ****   SystemClock_Config();
  88:/mnt/c/Users/Daniel/Documents/stm/ThirdParty/nucleo207/Src/main.c **** 
  89:/mnt/c/Users/Daniel/Documents/stm/ThirdParty/nucleo207/Src/main.c ****   /* USER CODE BEGIN SysInit */
  90:/mnt/c/Users/Daniel/Documents/stm/ThirdParty/nucleo207/Src/main.c **** 
  91:/mnt/c/Users/Daniel/Documents/stm/ThirdParty/nucleo207/Src/main.c ****   /* USER CODE END SysInit */
ARM GAS  /tmp/ccToV3WZ.s 			page 3


  92:/mnt/c/Users/Daniel/Documents/stm/ThirdParty/nucleo207/Src/main.c **** 
  93:/mnt/c/Users/Daniel/Documents/stm/ThirdParty/nucleo207/Src/main.c ****   /* Initialize all configured peripherals */
  94:/mnt/c/Users/Daniel/Documents/stm/ThirdParty/nucleo207/Src/main.c ****   MX_GPIO_Init();
  95:/mnt/c/Users/Daniel/Documents/stm/ThirdParty/nucleo207/Src/main.c ****   /* USER CODE BEGIN 2 */
  96:/mnt/c/Users/Daniel/Documents/stm/ThirdParty/nucleo207/Src/main.c **** 
  97:/mnt/c/Users/Daniel/Documents/stm/ThirdParty/nucleo207/Src/main.c ****   /* USER CODE END 2 */
  98:/mnt/c/Users/Daniel/Documents/stm/ThirdParty/nucleo207/Src/main.c **** 
  99:/mnt/c/Users/Daniel/Documents/stm/ThirdParty/nucleo207/Src/main.c ****   /* USER CODE BEGIN RTOS_MUTEX */
 100:/mnt/c/Users/Daniel/Documents/stm/ThirdParty/nucleo207/Src/main.c ****   /* add mutexes, ... */
 101:/mnt/c/Users/Daniel/Documents/stm/ThirdParty/nucleo207/Src/main.c ****   /* USER CODE END RTOS_MUTEX */
 102:/mnt/c/Users/Daniel/Documents/stm/ThirdParty/nucleo207/Src/main.c **** 
 103:/mnt/c/Users/Daniel/Documents/stm/ThirdParty/nucleo207/Src/main.c ****   /* USER CODE BEGIN RTOS_SEMAPHORES */
 104:/mnt/c/Users/Daniel/Documents/stm/ThirdParty/nucleo207/Src/main.c ****   /* add semaphores, ... */
 105:/mnt/c/Users/Daniel/Documents/stm/ThirdParty/nucleo207/Src/main.c ****   /* USER CODE END RTOS_SEMAPHORES */
 106:/mnt/c/Users/Daniel/Documents/stm/ThirdParty/nucleo207/Src/main.c **** 
 107:/mnt/c/Users/Daniel/Documents/stm/ThirdParty/nucleo207/Src/main.c ****   /* USER CODE BEGIN RTOS_TIMERS */
 108:/mnt/c/Users/Daniel/Documents/stm/ThirdParty/nucleo207/Src/main.c ****   /* start timers, add new ones, ... */
 109:/mnt/c/Users/Daniel/Documents/stm/ThirdParty/nucleo207/Src/main.c ****   /* USER CODE END RTOS_TIMERS */
 110:/mnt/c/Users/Daniel/Documents/stm/ThirdParty/nucleo207/Src/main.c **** 
 111:/mnt/c/Users/Daniel/Documents/stm/ThirdParty/nucleo207/Src/main.c ****   /* USER CODE BEGIN RTOS_QUEUES */
 112:/mnt/c/Users/Daniel/Documents/stm/ThirdParty/nucleo207/Src/main.c ****   /* add queues, ... */
 113:/mnt/c/Users/Daniel/Documents/stm/ThirdParty/nucleo207/Src/main.c ****   /* USER CODE END RTOS_QUEUES */
 114:/mnt/c/Users/Daniel/Documents/stm/ThirdParty/nucleo207/Src/main.c **** 
 115:/mnt/c/Users/Daniel/Documents/stm/ThirdParty/nucleo207/Src/main.c ****   /* Create the thread(s) */
 116:/mnt/c/Users/Daniel/Documents/stm/ThirdParty/nucleo207/Src/main.c ****   /* definition and creation of defaultTask */
 117:/mnt/c/Users/Daniel/Documents/stm/ThirdParty/nucleo207/Src/main.c ****   osThreadDef(defaultTask, StartDefaultTask, osPriorityNormal, 0, 128);
 118:/mnt/c/Users/Daniel/Documents/stm/ThirdParty/nucleo207/Src/main.c ****   defaultTaskHandle = osThreadCreate(osThread(defaultTask), NULL);
 119:/mnt/c/Users/Daniel/Documents/stm/ThirdParty/nucleo207/Src/main.c **** 
 120:/mnt/c/Users/Daniel/Documents/stm/ThirdParty/nucleo207/Src/main.c ****   /* USER CODE BEGIN RTOS_THREADS */
 121:/mnt/c/Users/Daniel/Documents/stm/ThirdParty/nucleo207/Src/main.c ****   /* add threads, ... */
 122:/mnt/c/Users/Daniel/Documents/stm/ThirdParty/nucleo207/Src/main.c ****   /* USER CODE END RTOS_THREADS */
 123:/mnt/c/Users/Daniel/Documents/stm/ThirdParty/nucleo207/Src/main.c **** 
 124:/mnt/c/Users/Daniel/Documents/stm/ThirdParty/nucleo207/Src/main.c ****   /* Start scheduler */
 125:/mnt/c/Users/Daniel/Documents/stm/ThirdParty/nucleo207/Src/main.c ****   osKernelStart();
 126:/mnt/c/Users/Daniel/Documents/stm/ThirdParty/nucleo207/Src/main.c ****   
 127:/mnt/c/Users/Daniel/Documents/stm/ThirdParty/nucleo207/Src/main.c ****   /* We should never get here as control is now taken by the scheduler */
 128:/mnt/c/Users/Daniel/Documents/stm/ThirdParty/nucleo207/Src/main.c **** 
 129:/mnt/c/Users/Daniel/Documents/stm/ThirdParty/nucleo207/Src/main.c ****   /* Infinite loop */
 130:/mnt/c/Users/Daniel/Documents/stm/ThirdParty/nucleo207/Src/main.c ****   /* USER CODE BEGIN WHILE */
 131:/mnt/c/Users/Daniel/Documents/stm/ThirdParty/nucleo207/Src/main.c ****   while (1)
 132:/mnt/c/Users/Daniel/Documents/stm/ThirdParty/nucleo207/Src/main.c ****   {
 133:/mnt/c/Users/Daniel/Documents/stm/ThirdParty/nucleo207/Src/main.c ****     /* USER CODE END WHILE */
 134:/mnt/c/Users/Daniel/Documents/stm/ThirdParty/nucleo207/Src/main.c **** 
 135:/mnt/c/Users/Daniel/Documents/stm/ThirdParty/nucleo207/Src/main.c ****     /* USER CODE BEGIN 3 */
 136:/mnt/c/Users/Daniel/Documents/stm/ThirdParty/nucleo207/Src/main.c **** 
 137:/mnt/c/Users/Daniel/Documents/stm/ThirdParty/nucleo207/Src/main.c ****   }
 138:/mnt/c/Users/Daniel/Documents/stm/ThirdParty/nucleo207/Src/main.c ****   /* USER CODE END 3 */
 139:/mnt/c/Users/Daniel/Documents/stm/ThirdParty/nucleo207/Src/main.c **** }
 140:/mnt/c/Users/Daniel/Documents/stm/ThirdParty/nucleo207/Src/main.c **** 
 141:/mnt/c/Users/Daniel/Documents/stm/ThirdParty/nucleo207/Src/main.c **** /**
 142:/mnt/c/Users/Daniel/Documents/stm/ThirdParty/nucleo207/Src/main.c ****   * @brief System Clock Configuration
 143:/mnt/c/Users/Daniel/Documents/stm/ThirdParty/nucleo207/Src/main.c ****   * @retval None
 144:/mnt/c/Users/Daniel/Documents/stm/ThirdParty/nucleo207/Src/main.c ****   */
 145:/mnt/c/Users/Daniel/Documents/stm/ThirdParty/nucleo207/Src/main.c **** void SystemClock_Config(void)
 146:/mnt/c/Users/Daniel/Documents/stm/ThirdParty/nucleo207/Src/main.c **** {
 147:/mnt/c/Users/Daniel/Documents/stm/ThirdParty/nucleo207/Src/main.c ****   RCC_OscInitTypeDef RCC_OscInitStruct = {0};
 148:/mnt/c/Users/Daniel/Documents/stm/ThirdParty/nucleo207/Src/main.c ****   RCC_ClkInitTypeDef RCC_ClkInitStruct = {0};
ARM GAS  /tmp/ccToV3WZ.s 			page 4


 149:/mnt/c/Users/Daniel/Documents/stm/ThirdParty/nucleo207/Src/main.c **** 
 150:/mnt/c/Users/Daniel/Documents/stm/ThirdParty/nucleo207/Src/main.c ****   /** Initializes the CPU, AHB and APB busses clocks 
 151:/mnt/c/Users/Daniel/Documents/stm/ThirdParty/nucleo207/Src/main.c ****   */
 152:/mnt/c/Users/Daniel/Documents/stm/ThirdParty/nucleo207/Src/main.c ****   RCC_OscInitStruct.OscillatorType = RCC_OSCILLATORTYPE_HSI;
 153:/mnt/c/Users/Daniel/Documents/stm/ThirdParty/nucleo207/Src/main.c ****   RCC_OscInitStruct.HSIState = RCC_HSI_ON;
 154:/mnt/c/Users/Daniel/Documents/stm/ThirdParty/nucleo207/Src/main.c ****   RCC_OscInitStruct.HSICalibrationValue = RCC_HSICALIBRATION_DEFAULT;
 155:/mnt/c/Users/Daniel/Documents/stm/ThirdParty/nucleo207/Src/main.c ****   RCC_OscInitStruct.PLL.PLLState = RCC_PLL_NONE;
 156:/mnt/c/Users/Daniel/Documents/stm/ThirdParty/nucleo207/Src/main.c ****   if (HAL_RCC_OscConfig(&RCC_OscInitStruct) != HAL_OK)
 157:/mnt/c/Users/Daniel/Documents/stm/ThirdParty/nucleo207/Src/main.c ****   {
 158:/mnt/c/Users/Daniel/Documents/stm/ThirdParty/nucleo207/Src/main.c ****     Error_Handler();
 159:/mnt/c/Users/Daniel/Documents/stm/ThirdParty/nucleo207/Src/main.c ****   }
 160:/mnt/c/Users/Daniel/Documents/stm/ThirdParty/nucleo207/Src/main.c ****   /** Initializes the CPU, AHB and APB busses clocks 
 161:/mnt/c/Users/Daniel/Documents/stm/ThirdParty/nucleo207/Src/main.c ****   */
 162:/mnt/c/Users/Daniel/Documents/stm/ThirdParty/nucleo207/Src/main.c ****   RCC_ClkInitStruct.ClockType = RCC_CLOCKTYPE_HCLK|RCC_CLOCKTYPE_SYSCLK
 163:/mnt/c/Users/Daniel/Documents/stm/ThirdParty/nucleo207/Src/main.c ****                               |RCC_CLOCKTYPE_PCLK1|RCC_CLOCKTYPE_PCLK2;
 164:/mnt/c/Users/Daniel/Documents/stm/ThirdParty/nucleo207/Src/main.c ****   RCC_ClkInitStruct.SYSCLKSource = RCC_SYSCLKSOURCE_HSI;
 165:/mnt/c/Users/Daniel/Documents/stm/ThirdParty/nucleo207/Src/main.c ****   RCC_ClkInitStruct.AHBCLKDivider = RCC_SYSCLK_DIV1;
 166:/mnt/c/Users/Daniel/Documents/stm/ThirdParty/nucleo207/Src/main.c ****   RCC_ClkInitStruct.APB1CLKDivider = RCC_HCLK_DIV1;
 167:/mnt/c/Users/Daniel/Documents/stm/ThirdParty/nucleo207/Src/main.c ****   RCC_ClkInitStruct.APB2CLKDivider = RCC_HCLK_DIV1;
 168:/mnt/c/Users/Daniel/Documents/stm/ThirdParty/nucleo207/Src/main.c **** 
 169:/mnt/c/Users/Daniel/Documents/stm/ThirdParty/nucleo207/Src/main.c ****   if (HAL_RCC_ClockConfig(&RCC_ClkInitStruct, FLASH_LATENCY_0) != HAL_OK)
 170:/mnt/c/Users/Daniel/Documents/stm/ThirdParty/nucleo207/Src/main.c ****   {
 171:/mnt/c/Users/Daniel/Documents/stm/ThirdParty/nucleo207/Src/main.c ****     Error_Handler();
 172:/mnt/c/Users/Daniel/Documents/stm/ThirdParty/nucleo207/Src/main.c ****   }
 173:/mnt/c/Users/Daniel/Documents/stm/ThirdParty/nucleo207/Src/main.c **** }
 174:/mnt/c/Users/Daniel/Documents/stm/ThirdParty/nucleo207/Src/main.c **** 
 175:/mnt/c/Users/Daniel/Documents/stm/ThirdParty/nucleo207/Src/main.c **** /**
 176:/mnt/c/Users/Daniel/Documents/stm/ThirdParty/nucleo207/Src/main.c ****   * @brief GPIO Initialization Function
 177:/mnt/c/Users/Daniel/Documents/stm/ThirdParty/nucleo207/Src/main.c ****   * @param None
 178:/mnt/c/Users/Daniel/Documents/stm/ThirdParty/nucleo207/Src/main.c ****   * @retval None
 179:/mnt/c/Users/Daniel/Documents/stm/ThirdParty/nucleo207/Src/main.c ****   */
 180:/mnt/c/Users/Daniel/Documents/stm/ThirdParty/nucleo207/Src/main.c **** static void MX_GPIO_Init(void)
 181:/mnt/c/Users/Daniel/Documents/stm/ThirdParty/nucleo207/Src/main.c **** {
  25              		.loc 1 181 0
  26              		.cfi_startproc
  27              		@ args = 0, pretend = 0, frame = 32
  28              		@ frame_needed = 0, uses_anonymous_args = 0
  29 0000 30B5     		push	{r4, r5, lr}
  30              	.LCFI0:
  31              		.cfi_def_cfa_offset 12
  32              		.cfi_offset 4, -12
  33              		.cfi_offset 5, -8
  34              		.cfi_offset 14, -4
  35 0002 89B0     		sub	sp, sp, #36
  36              	.LCFI1:
  37              		.cfi_def_cfa_offset 48
 182:/mnt/c/Users/Daniel/Documents/stm/ThirdParty/nucleo207/Src/main.c ****   GPIO_InitTypeDef GPIO_InitStruct = {0};
  38              		.loc 1 182 0
  39 0004 0024     		movs	r4, #0
  40 0006 0394     		str	r4, [sp, #12]
  41 0008 0494     		str	r4, [sp, #16]
  42 000a 0594     		str	r4, [sp, #20]
  43 000c 0694     		str	r4, [sp, #24]
  44 000e 0794     		str	r4, [sp, #28]
  45              	.LBB2:
 183:/mnt/c/Users/Daniel/Documents/stm/ThirdParty/nucleo207/Src/main.c **** 
 184:/mnt/c/Users/Daniel/Documents/stm/ThirdParty/nucleo207/Src/main.c ****   /* GPIO Ports Clock Enable */
ARM GAS  /tmp/ccToV3WZ.s 			page 5


 185:/mnt/c/Users/Daniel/Documents/stm/ThirdParty/nucleo207/Src/main.c ****   __HAL_RCC_GPIOC_CLK_ENABLE();
  46              		.loc 1 185 0
  47 0010 0194     		str	r4, [sp, #4]
  48 0012 184B     		ldr	r3, .L3
  49 0014 1A6B     		ldr	r2, [r3, #48]
  50 0016 42F00402 		orr	r2, r2, #4
  51 001a 1A63     		str	r2, [r3, #48]
  52 001c 1A6B     		ldr	r2, [r3, #48]
  53 001e 02F00402 		and	r2, r2, #4
  54 0022 0192     		str	r2, [sp, #4]
  55 0024 019A     		ldr	r2, [sp, #4]
  56              	.LBE2:
  57              	.LBB3:
 186:/mnt/c/Users/Daniel/Documents/stm/ThirdParty/nucleo207/Src/main.c ****   __HAL_RCC_GPIOB_CLK_ENABLE();
  58              		.loc 1 186 0
  59 0026 0294     		str	r4, [sp, #8]
  60 0028 1A6B     		ldr	r2, [r3, #48]
  61 002a 42F00202 		orr	r2, r2, #2
  62 002e 1A63     		str	r2, [r3, #48]
  63 0030 1B6B     		ldr	r3, [r3, #48]
  64 0032 03F00203 		and	r3, r3, #2
  65 0036 0293     		str	r3, [sp, #8]
  66 0038 029B     		ldr	r3, [sp, #8]
  67              	.LBE3:
 187:/mnt/c/Users/Daniel/Documents/stm/ThirdParty/nucleo207/Src/main.c **** 
 188:/mnt/c/Users/Daniel/Documents/stm/ThirdParty/nucleo207/Src/main.c ****   /*Configure GPIO pin Output Level */
 189:/mnt/c/Users/Daniel/Documents/stm/ThirdParty/nucleo207/Src/main.c ****   HAL_GPIO_WritePin(GPIOB, ledG_Pin|ledR_Pin|ledB_Pin, GPIO_PIN_RESET);
  68              		.loc 1 189 0
  69 003a 0F4D     		ldr	r5, .L3+4
  70 003c 2246     		mov	r2, r4
  71 003e 44F28101 		movw	r1, #16513
  72 0042 2846     		mov	r0, r5
  73 0044 FFF7FEFF 		bl	HAL_GPIO_WritePin
  74              	.LVL0:
 190:/mnt/c/Users/Daniel/Documents/stm/ThirdParty/nucleo207/Src/main.c **** 
 191:/mnt/c/Users/Daniel/Documents/stm/ThirdParty/nucleo207/Src/main.c ****   /*Configure GPIO pin : pushButton_Pin */
 192:/mnt/c/Users/Daniel/Documents/stm/ThirdParty/nucleo207/Src/main.c ****   GPIO_InitStruct.Pin = pushButton_Pin;
  75              		.loc 1 192 0
  76 0048 4FF40053 		mov	r3, #8192
  77 004c 0393     		str	r3, [sp, #12]
 193:/mnt/c/Users/Daniel/Documents/stm/ThirdParty/nucleo207/Src/main.c ****   GPIO_InitStruct.Mode = GPIO_MODE_INPUT;
  78              		.loc 1 193 0
  79 004e 0494     		str	r4, [sp, #16]
 194:/mnt/c/Users/Daniel/Documents/stm/ThirdParty/nucleo207/Src/main.c ****   GPIO_InitStruct.Pull = GPIO_NOPULL;
  80              		.loc 1 194 0
  81 0050 0594     		str	r4, [sp, #20]
 195:/mnt/c/Users/Daniel/Documents/stm/ThirdParty/nucleo207/Src/main.c ****   HAL_GPIO_Init(pushButton_GPIO_Port, &GPIO_InitStruct);
  82              		.loc 1 195 0
  83 0052 03A9     		add	r1, sp, #12
  84 0054 0948     		ldr	r0, .L3+8
  85 0056 FFF7FEFF 		bl	HAL_GPIO_Init
  86              	.LVL1:
 196:/mnt/c/Users/Daniel/Documents/stm/ThirdParty/nucleo207/Src/main.c **** 
 197:/mnt/c/Users/Daniel/Documents/stm/ThirdParty/nucleo207/Src/main.c ****   /*Configure GPIO pins : ledG_Pin ledR_Pin ledB_Pin */
 198:/mnt/c/Users/Daniel/Documents/stm/ThirdParty/nucleo207/Src/main.c ****   GPIO_InitStruct.Pin = ledG_Pin|ledR_Pin|ledB_Pin;
  87              		.loc 1 198 0
  88 005a 44F28103 		movw	r3, #16513
ARM GAS  /tmp/ccToV3WZ.s 			page 6


  89 005e 0393     		str	r3, [sp, #12]
 199:/mnt/c/Users/Daniel/Documents/stm/ThirdParty/nucleo207/Src/main.c ****   GPIO_InitStruct.Mode = GPIO_MODE_OUTPUT_PP;
  90              		.loc 1 199 0
  91 0060 0123     		movs	r3, #1
  92 0062 0493     		str	r3, [sp, #16]
 200:/mnt/c/Users/Daniel/Documents/stm/ThirdParty/nucleo207/Src/main.c ****   GPIO_InitStruct.Pull = GPIO_NOPULL;
  93              		.loc 1 200 0
  94 0064 0594     		str	r4, [sp, #20]
 201:/mnt/c/Users/Daniel/Documents/stm/ThirdParty/nucleo207/Src/main.c ****   GPIO_InitStruct.Speed = GPIO_SPEED_FREQ_LOW;
  95              		.loc 1 201 0
  96 0066 0694     		str	r4, [sp, #24]
 202:/mnt/c/Users/Daniel/Documents/stm/ThirdParty/nucleo207/Src/main.c ****   HAL_GPIO_Init(GPIOB, &GPIO_InitStruct);
  97              		.loc 1 202 0
  98 0068 03A9     		add	r1, sp, #12
  99 006a 2846     		mov	r0, r5
 100 006c FFF7FEFF 		bl	HAL_GPIO_Init
 101              	.LVL2:
 203:/mnt/c/Users/Daniel/Documents/stm/ThirdParty/nucleo207/Src/main.c **** 
 204:/mnt/c/Users/Daniel/Documents/stm/ThirdParty/nucleo207/Src/main.c **** }
 102              		.loc 1 204 0
 103 0070 09B0     		add	sp, sp, #36
 104              	.LCFI2:
 105              		.cfi_def_cfa_offset 12
 106              		@ sp needed
 107 0072 30BD     		pop	{r4, r5, pc}
 108              	.L4:
 109              		.align	2
 110              	.L3:
 111 0074 00380240 		.word	1073887232
 112 0078 00040240 		.word	1073873920
 113 007c 00080240 		.word	1073874944
 114              		.cfi_endproc
 115              	.LFE79:
 117              		.section	.text.StartDefaultTask,"ax",%progbits
 118              		.align	1
 119              		.global	StartDefaultTask
 120              		.syntax unified
 121              		.thumb
 122              		.thumb_func
 123              		.fpu softvfp
 125              	StartDefaultTask:
 126              	.LFB80:
 205:/mnt/c/Users/Daniel/Documents/stm/ThirdParty/nucleo207/Src/main.c **** 
 206:/mnt/c/Users/Daniel/Documents/stm/ThirdParty/nucleo207/Src/main.c **** /* USER CODE BEGIN 4 */
 207:/mnt/c/Users/Daniel/Documents/stm/ThirdParty/nucleo207/Src/main.c **** 
 208:/mnt/c/Users/Daniel/Documents/stm/ThirdParty/nucleo207/Src/main.c **** /* USER CODE END 4 */
 209:/mnt/c/Users/Daniel/Documents/stm/ThirdParty/nucleo207/Src/main.c **** 
 210:/mnt/c/Users/Daniel/Documents/stm/ThirdParty/nucleo207/Src/main.c **** /* USER CODE BEGIN Header_StartDefaultTask */
 211:/mnt/c/Users/Daniel/Documents/stm/ThirdParty/nucleo207/Src/main.c **** /**
 212:/mnt/c/Users/Daniel/Documents/stm/ThirdParty/nucleo207/Src/main.c ****   * @brief  Function implementing the defaultTask thread.
 213:/mnt/c/Users/Daniel/Documents/stm/ThirdParty/nucleo207/Src/main.c ****   * @param  argument: Not used 
 214:/mnt/c/Users/Daniel/Documents/stm/ThirdParty/nucleo207/Src/main.c ****   * @retval None
 215:/mnt/c/Users/Daniel/Documents/stm/ThirdParty/nucleo207/Src/main.c ****   */
 216:/mnt/c/Users/Daniel/Documents/stm/ThirdParty/nucleo207/Src/main.c **** /* USER CODE END Header_StartDefaultTask */
 217:/mnt/c/Users/Daniel/Documents/stm/ThirdParty/nucleo207/Src/main.c **** void StartDefaultTask(void const * argument)
 218:/mnt/c/Users/Daniel/Documents/stm/ThirdParty/nucleo207/Src/main.c **** {
 127              		.loc 1 218 0
ARM GAS  /tmp/ccToV3WZ.s 			page 7


 128              		.cfi_startproc
 129              		@ Volatile: function does not return.
 130              		@ args = 0, pretend = 0, frame = 0
 131              		@ frame_needed = 0, uses_anonymous_args = 0
 132              	.LVL3:
 133 0000 08B5     		push	{r3, lr}
 134              	.LCFI3:
 135              		.cfi_def_cfa_offset 8
 136              		.cfi_offset 3, -8
 137              		.cfi_offset 14, -4
 138              	.LVL4:
 139              	.L6:
 219:/mnt/c/Users/Daniel/Documents/stm/ThirdParty/nucleo207/Src/main.c ****     
 220:/mnt/c/Users/Daniel/Documents/stm/ThirdParty/nucleo207/Src/main.c ****     
 221:/mnt/c/Users/Daniel/Documents/stm/ThirdParty/nucleo207/Src/main.c ****     
 222:/mnt/c/Users/Daniel/Documents/stm/ThirdParty/nucleo207/Src/main.c **** 
 223:/mnt/c/Users/Daniel/Documents/stm/ThirdParty/nucleo207/Src/main.c ****   /* USER CODE BEGIN 5 */
 224:/mnt/c/Users/Daniel/Documents/stm/ThirdParty/nucleo207/Src/main.c ****   /* Infinite loop */
 225:/mnt/c/Users/Daniel/Documents/stm/ThirdParty/nucleo207/Src/main.c ****   for(;;)
 226:/mnt/c/Users/Daniel/Documents/stm/ThirdParty/nucleo207/Src/main.c ****   {
 227:/mnt/c/Users/Daniel/Documents/stm/ThirdParty/nucleo207/Src/main.c ****     osDelay(1);
 140              		.loc 1 227 0 discriminator 1
 141 0002 0120     		movs	r0, #1
 142 0004 FFF7FEFF 		bl	osDelay
 143              	.LVL5:
 144 0008 FBE7     		b	.L6
 145              		.cfi_endproc
 146              	.LFE80:
 148              		.section	.text.SystemClock_Config,"ax",%progbits
 149              		.align	1
 150              		.global	SystemClock_Config
 151              		.syntax unified
 152              		.thumb
 153              		.thumb_func
 154              		.fpu softvfp
 156              	SystemClock_Config:
 157              	.LFB78:
 146:/mnt/c/Users/Daniel/Documents/stm/ThirdParty/nucleo207/Src/main.c ****   RCC_OscInitTypeDef RCC_OscInitStruct = {0};
 158              		.loc 1 146 0
 159              		.cfi_startproc
 160              		@ args = 0, pretend = 0, frame = 72
 161              		@ frame_needed = 0, uses_anonymous_args = 0
 162 0000 10B5     		push	{r4, lr}
 163              	.LCFI4:
 164              		.cfi_def_cfa_offset 8
 165              		.cfi_offset 4, -8
 166              		.cfi_offset 14, -4
 167 0002 92B0     		sub	sp, sp, #72
 168              	.LCFI5:
 169              		.cfi_def_cfa_offset 80
 147:/mnt/c/Users/Daniel/Documents/stm/ThirdParty/nucleo207/Src/main.c ****   RCC_ClkInitTypeDef RCC_ClkInitStruct = {0};
 170              		.loc 1 147 0
 171 0004 2C22     		movs	r2, #44
 172 0006 0021     		movs	r1, #0
 173 0008 07A8     		add	r0, sp, #28
 174 000a FFF7FEFF 		bl	memset
 175              	.LVL6:
ARM GAS  /tmp/ccToV3WZ.s 			page 8


 148:/mnt/c/Users/Daniel/Documents/stm/ThirdParty/nucleo207/Src/main.c **** 
 176              		.loc 1 148 0
 177 000e 0024     		movs	r4, #0
 178 0010 0194     		str	r4, [sp, #4]
 179 0012 0294     		str	r4, [sp, #8]
 180 0014 0394     		str	r4, [sp, #12]
 181 0016 0494     		str	r4, [sp, #16]
 182 0018 0594     		str	r4, [sp, #20]
 152:/mnt/c/Users/Daniel/Documents/stm/ThirdParty/nucleo207/Src/main.c ****   RCC_OscInitStruct.HSIState = RCC_HSI_ON;
 183              		.loc 1 152 0
 184 001a 0223     		movs	r3, #2
 185 001c 0693     		str	r3, [sp, #24]
 153:/mnt/c/Users/Daniel/Documents/stm/ThirdParty/nucleo207/Src/main.c ****   RCC_OscInitStruct.HSICalibrationValue = RCC_HSICALIBRATION_DEFAULT;
 186              		.loc 1 153 0
 187 001e 0123     		movs	r3, #1
 188 0020 0993     		str	r3, [sp, #36]
 154:/mnt/c/Users/Daniel/Documents/stm/ThirdParty/nucleo207/Src/main.c ****   RCC_OscInitStruct.PLL.PLLState = RCC_PLL_NONE;
 189              		.loc 1 154 0
 190 0022 1023     		movs	r3, #16
 191 0024 0A93     		str	r3, [sp, #40]
 156:/mnt/c/Users/Daniel/Documents/stm/ThirdParty/nucleo207/Src/main.c ****   {
 192              		.loc 1 156 0
 193 0026 06A8     		add	r0, sp, #24
 194 0028 FFF7FEFF 		bl	HAL_RCC_OscConfig
 195              	.LVL7:
 162:/mnt/c/Users/Daniel/Documents/stm/ThirdParty/nucleo207/Src/main.c ****                               |RCC_CLOCKTYPE_PCLK1|RCC_CLOCKTYPE_PCLK2;
 196              		.loc 1 162 0
 197 002c 0F23     		movs	r3, #15
 198 002e 0193     		str	r3, [sp, #4]
 164:/mnt/c/Users/Daniel/Documents/stm/ThirdParty/nucleo207/Src/main.c ****   RCC_ClkInitStruct.AHBCLKDivider = RCC_SYSCLK_DIV1;
 199              		.loc 1 164 0
 200 0030 0294     		str	r4, [sp, #8]
 165:/mnt/c/Users/Daniel/Documents/stm/ThirdParty/nucleo207/Src/main.c ****   RCC_ClkInitStruct.APB1CLKDivider = RCC_HCLK_DIV1;
 201              		.loc 1 165 0
 202 0032 0394     		str	r4, [sp, #12]
 166:/mnt/c/Users/Daniel/Documents/stm/ThirdParty/nucleo207/Src/main.c ****   RCC_ClkInitStruct.APB2CLKDivider = RCC_HCLK_DIV1;
 203              		.loc 1 166 0
 204 0034 0494     		str	r4, [sp, #16]
 167:/mnt/c/Users/Daniel/Documents/stm/ThirdParty/nucleo207/Src/main.c **** 
 205              		.loc 1 167 0
 206 0036 0594     		str	r4, [sp, #20]
 169:/mnt/c/Users/Daniel/Documents/stm/ThirdParty/nucleo207/Src/main.c ****   {
 207              		.loc 1 169 0
 208 0038 2146     		mov	r1, r4
 209 003a 01A8     		add	r0, sp, #4
 210 003c FFF7FEFF 		bl	HAL_RCC_ClockConfig
 211              	.LVL8:
 173:/mnt/c/Users/Daniel/Documents/stm/ThirdParty/nucleo207/Src/main.c **** 
 212              		.loc 1 173 0
 213 0040 12B0     		add	sp, sp, #72
 214              	.LCFI6:
 215              		.cfi_def_cfa_offset 8
 216              		@ sp needed
 217 0042 10BD     		pop	{r4, pc}
 218              		.cfi_endproc
 219              	.LFE78:
 221              		.section	.text.main,"ax",%progbits
ARM GAS  /tmp/ccToV3WZ.s 			page 9


 222              		.align	1
 223              		.global	main
 224              		.syntax unified
 225              		.thumb
 226              		.thumb_func
 227              		.fpu softvfp
 229              	main:
 230              	.LFB77:
  71:/mnt/c/Users/Daniel/Documents/stm/ThirdParty/nucleo207/Src/main.c ****   /* USER CODE BEGIN 1 */
 231              		.loc 1 71 0
 232              		.cfi_startproc
 233              		@ Volatile: function does not return.
 234              		@ args = 0, pretend = 0, frame = 24
 235              		@ frame_needed = 0, uses_anonymous_args = 0
 236 0000 00B5     		push	{lr}
 237              	.LCFI7:
 238              		.cfi_def_cfa_offset 4
 239              		.cfi_offset 14, -4
 240 0002 87B0     		sub	sp, sp, #28
 241              	.LCFI8:
 242              		.cfi_def_cfa_offset 32
  80:/mnt/c/Users/Daniel/Documents/stm/ThirdParty/nucleo207/Src/main.c **** 
 243              		.loc 1 80 0
 244 0004 FFF7FEFF 		bl	HAL_Init
 245              	.LVL9:
  87:/mnt/c/Users/Daniel/Documents/stm/ThirdParty/nucleo207/Src/main.c **** 
 246              		.loc 1 87 0
 247 0008 FFF7FEFF 		bl	SystemClock_Config
 248              	.LVL10:
  94:/mnt/c/Users/Daniel/Documents/stm/ThirdParty/nucleo207/Src/main.c ****   /* USER CODE BEGIN 2 */
 249              		.loc 1 94 0
 250 000c FFF7FEFF 		bl	MX_GPIO_Init
 251              	.LVL11:
 117:/mnt/c/Users/Daniel/Documents/stm/ThirdParty/nucleo207/Src/main.c ****   defaultTaskHandle = osThreadCreate(osThread(defaultTask), NULL);
 252              		.loc 1 117 0
 253 0010 01AC     		add	r4, sp, #4
 254 0012 074D     		ldr	r5, .L13
 255 0014 0FCD     		ldmia	r5!, {r0, r1, r2, r3}
 256 0016 0FC4     		stmia	r4!, {r0, r1, r2, r3}
 257 0018 2B68     		ldr	r3, [r5]
 258 001a 2360     		str	r3, [r4]
 118:/mnt/c/Users/Daniel/Documents/stm/ThirdParty/nucleo207/Src/main.c **** 
 259              		.loc 1 118 0
 260 001c 0021     		movs	r1, #0
 261 001e 01A8     		add	r0, sp, #4
 262 0020 FFF7FEFF 		bl	osThreadCreate
 263              	.LVL12:
 264 0024 034B     		ldr	r3, .L13+4
 265 0026 1860     		str	r0, [r3]
 125:/mnt/c/Users/Daniel/Documents/stm/ThirdParty/nucleo207/Src/main.c ****   
 266              		.loc 1 125 0
 267 0028 FFF7FEFF 		bl	osKernelStart
 268              	.LVL13:
 269              	.L11:
 270 002c FEE7     		b	.L11
 271              	.L14:
 272 002e 00BF     		.align	2
ARM GAS  /tmp/ccToV3WZ.s 			page 10


 273              	.L13:
 274 0030 00000000 		.word	.LANCHOR0
 275 0034 00000000 		.word	defaultTaskHandle
 276              		.cfi_endproc
 277              	.LFE77:
 279              		.section	.text.HAL_TIM_PeriodElapsedCallback,"ax",%progbits
 280              		.align	1
 281              		.global	HAL_TIM_PeriodElapsedCallback
 282              		.syntax unified
 283              		.thumb
 284              		.thumb_func
 285              		.fpu softvfp
 287              	HAL_TIM_PeriodElapsedCallback:
 288              	.LFB81:
 228:/mnt/c/Users/Daniel/Documents/stm/ThirdParty/nucleo207/Src/main.c ****   }
 229:/mnt/c/Users/Daniel/Documents/stm/ThirdParty/nucleo207/Src/main.c ****   /* USER CODE END 5 */ 
 230:/mnt/c/Users/Daniel/Documents/stm/ThirdParty/nucleo207/Src/main.c **** }
 231:/mnt/c/Users/Daniel/Documents/stm/ThirdParty/nucleo207/Src/main.c **** 
 232:/mnt/c/Users/Daniel/Documents/stm/ThirdParty/nucleo207/Src/main.c **** /**
 233:/mnt/c/Users/Daniel/Documents/stm/ThirdParty/nucleo207/Src/main.c ****   * @brief  Period elapsed callback in non blocking mode
 234:/mnt/c/Users/Daniel/Documents/stm/ThirdParty/nucleo207/Src/main.c ****   * @note   This function is called  when TIM1 interrupt took place, inside
 235:/mnt/c/Users/Daniel/Documents/stm/ThirdParty/nucleo207/Src/main.c ****   * HAL_TIM_IRQHandler(). It makes a direct call to HAL_IncTick() to increment
 236:/mnt/c/Users/Daniel/Documents/stm/ThirdParty/nucleo207/Src/main.c ****   * a global variable "uwTick" used as application time base.
 237:/mnt/c/Users/Daniel/Documents/stm/ThirdParty/nucleo207/Src/main.c ****   * @param  htim : TIM handle
 238:/mnt/c/Users/Daniel/Documents/stm/ThirdParty/nucleo207/Src/main.c ****   * @retval None
 239:/mnt/c/Users/Daniel/Documents/stm/ThirdParty/nucleo207/Src/main.c ****   */
 240:/mnt/c/Users/Daniel/Documents/stm/ThirdParty/nucleo207/Src/main.c **** void HAL_TIM_PeriodElapsedCallback(TIM_HandleTypeDef *htim)
 241:/mnt/c/Users/Daniel/Documents/stm/ThirdParty/nucleo207/Src/main.c **** {
 289              		.loc 1 241 0
 290              		.cfi_startproc
 291              		@ args = 0, pretend = 0, frame = 0
 292              		@ frame_needed = 0, uses_anonymous_args = 0
 293              	.LVL14:
 294 0000 10B5     		push	{r4, lr}
 295              	.LCFI9:
 296              		.cfi_def_cfa_offset 8
 297              		.cfi_offset 4, -8
 298              		.cfi_offset 14, -4
 299 0002 0446     		mov	r4, r0
 242:/mnt/c/Users/Daniel/Documents/stm/ThirdParty/nucleo207/Src/main.c ****   /* USER CODE BEGIN Callback 0 */
 243:/mnt/c/Users/Daniel/Documents/stm/ThirdParty/nucleo207/Src/main.c ****   if (htim->Instance == TIM1) {
 300              		.loc 1 243 0
 301 0004 0268     		ldr	r2, [r0]
 302 0006 074B     		ldr	r3, .L21
 303 0008 9A42     		cmp	r2, r3
 304 000a 04D0     		beq	.L19
 305              	.LVL15:
 306              	.L16:
 244:/mnt/c/Users/Daniel/Documents/stm/ThirdParty/nucleo207/Src/main.c ****     button_updateButton();
 245:/mnt/c/Users/Daniel/Documents/stm/ThirdParty/nucleo207/Src/main.c ****   }
 246:/mnt/c/Users/Daniel/Documents/stm/ThirdParty/nucleo207/Src/main.c ****   /* USER CODE END Callback 0 */
 247:/mnt/c/Users/Daniel/Documents/stm/ThirdParty/nucleo207/Src/main.c ****   if (htim->Instance == TIM1) {
 307              		.loc 1 247 0
 308 000c 2268     		ldr	r2, [r4]
 309 000e 054B     		ldr	r3, .L21
 310 0010 9A42     		cmp	r2, r3
 311 0012 03D0     		beq	.L20
ARM GAS  /tmp/ccToV3WZ.s 			page 11


 312              	.L15:
 248:/mnt/c/Users/Daniel/Documents/stm/ThirdParty/nucleo207/Src/main.c ****     HAL_IncTick();
 249:/mnt/c/Users/Daniel/Documents/stm/ThirdParty/nucleo207/Src/main.c ****   }
 250:/mnt/c/Users/Daniel/Documents/stm/ThirdParty/nucleo207/Src/main.c ****   /* USER CODE BEGIN Callback 1 */
 251:/mnt/c/Users/Daniel/Documents/stm/ThirdParty/nucleo207/Src/main.c **** 
 252:/mnt/c/Users/Daniel/Documents/stm/ThirdParty/nucleo207/Src/main.c ****   /* USER CODE END Callback 1 */
 253:/mnt/c/Users/Daniel/Documents/stm/ThirdParty/nucleo207/Src/main.c **** }
 313              		.loc 1 253 0
 314 0014 10BD     		pop	{r4, pc}
 315              	.LVL16:
 316              	.L19:
 244:/mnt/c/Users/Daniel/Documents/stm/ThirdParty/nucleo207/Src/main.c ****     button_updateButton();
 317              		.loc 1 244 0
 318 0016 FFF7FEFF 		bl	button_updateButton
 319              	.LVL17:
 320 001a F7E7     		b	.L16
 321              	.L20:
 248:/mnt/c/Users/Daniel/Documents/stm/ThirdParty/nucleo207/Src/main.c ****     HAL_IncTick();
 322              		.loc 1 248 0
 323 001c FFF7FEFF 		bl	HAL_IncTick
 324              	.LVL18:
 325              		.loc 1 253 0
 326 0020 F8E7     		b	.L15
 327              	.L22:
 328 0022 00BF     		.align	2
 329              	.L21:
 330 0024 00000140 		.word	1073807360
 331              		.cfi_endproc
 332              	.LFE81:
 334              		.section	.text.Error_Handler,"ax",%progbits
 335              		.align	1
 336              		.global	Error_Handler
 337              		.syntax unified
 338              		.thumb
 339              		.thumb_func
 340              		.fpu softvfp
 342              	Error_Handler:
 343              	.LFB82:
 254:/mnt/c/Users/Daniel/Documents/stm/ThirdParty/nucleo207/Src/main.c **** 
 255:/mnt/c/Users/Daniel/Documents/stm/ThirdParty/nucleo207/Src/main.c **** /**
 256:/mnt/c/Users/Daniel/Documents/stm/ThirdParty/nucleo207/Src/main.c ****   * @brief  This function is executed in case of error occurrence.
 257:/mnt/c/Users/Daniel/Documents/stm/ThirdParty/nucleo207/Src/main.c ****   * @retval None
 258:/mnt/c/Users/Daniel/Documents/stm/ThirdParty/nucleo207/Src/main.c ****   */
 259:/mnt/c/Users/Daniel/Documents/stm/ThirdParty/nucleo207/Src/main.c **** void Error_Handler(void)
 260:/mnt/c/Users/Daniel/Documents/stm/ThirdParty/nucleo207/Src/main.c **** {
 344              		.loc 1 260 0
 345              		.cfi_startproc
 346              		@ args = 0, pretend = 0, frame = 0
 347              		@ frame_needed = 0, uses_anonymous_args = 0
 348              		@ link register save eliminated.
 261:/mnt/c/Users/Daniel/Documents/stm/ThirdParty/nucleo207/Src/main.c ****   /* USER CODE BEGIN Error_Handler_Debug */
 262:/mnt/c/Users/Daniel/Documents/stm/ThirdParty/nucleo207/Src/main.c ****   /* User can add his own implementation to report the HAL error return state */
 263:/mnt/c/Users/Daniel/Documents/stm/ThirdParty/nucleo207/Src/main.c **** 
 264:/mnt/c/Users/Daniel/Documents/stm/ThirdParty/nucleo207/Src/main.c ****   /* USER CODE END Error_Handler_Debug */
 265:/mnt/c/Users/Daniel/Documents/stm/ThirdParty/nucleo207/Src/main.c **** }
 349              		.loc 1 265 0
 350 0000 7047     		bx	lr
ARM GAS  /tmp/ccToV3WZ.s 			page 12


 351              		.cfi_endproc
 352              	.LFE82:
 354              		.comm	defaultTaskHandle,4,4
 355              		.section	.rodata
 356              		.align	2
 357              		.set	.LANCHOR0,. + 0
 358              	.LC2:
 359 0000 00000000 		.word	.LC0
 360 0004 00000000 		.word	StartDefaultTask
 361 0008 0000     		.short	0
 362 000a 0000     		.space	2
 363 000c 00000000 		.word	0
 364 0010 80000000 		.word	128
 365              		.section	.rodata.str1.4,"aMS",%progbits,1
 366              		.align	2
 367              	.LC0:
 368 0000 64656661 		.ascii	"defaultTask\000"
 368      756C7454 
 368      61736B00 
 369              		.text
 370              	.Letext0:
 371              		.file 2 "/opt/gcc-arm-none-eabi-7-2017-q4-major/arm-none-eabi/include/machine/_default_types.h"
 372              		.file 3 "/opt/gcc-arm-none-eabi-7-2017-q4-major/arm-none-eabi/include/sys/_stdint.h"
 373              		.file 4 "/mnt/c/Users/Daniel/Documents/stm/ThirdParty/nucleo207/Drivers/CMSIS/Include/core_cm3.h"
 374              		.file 5 "/mnt/c/Users/Daniel/Documents/stm/ThirdParty/nucleo207/Drivers/CMSIS/Device/ST/STM32F2xx/
 375              		.file 6 "/mnt/c/Users/Daniel/Documents/stm/ThirdParty/nucleo207/Drivers/CMSIS/Device/ST/STM32F2xx/
 376              		.file 7 "/mnt/c/Users/Daniel/Documents/stm/ThirdParty/nucleo207/Drivers/STM32F2xx_HAL_Driver/Inc/s
 377              		.file 8 "/mnt/c/Users/Daniel/Documents/stm/ThirdParty/nucleo207/Drivers/STM32F2xx_HAL_Driver/Inc/s
 378              		.file 9 "/mnt/c/Users/Daniel/Documents/stm/ThirdParty/nucleo207/Drivers/STM32F2xx_HAL_Driver/Inc/s
 379              		.file 10 "/mnt/c/Users/Daniel/Documents/stm/ThirdParty/nucleo207/Drivers/STM32F2xx_HAL_Driver/Inc/
 380              		.file 11 "/mnt/c/Users/Daniel/Documents/stm/ThirdParty/nucleo207/Drivers/STM32F2xx_HAL_Driver/Inc/
 381              		.file 12 "/mnt/c/Users/Daniel/Documents/stm/ThirdParty/nucleo207/Drivers/STM32F2xx_HAL_Driver/Inc/
 382              		.file 13 "/mnt/c/Users/Daniel/Documents/stm/ThirdParty/nucleo207/Middlewares/Third_Party/FreeRTOS/
 383              		.file 14 "/mnt/c/Users/Daniel/Documents/stm/ThirdParty/nucleo207/Middlewares/Third_Party/FreeRTOS/
 384              		.file 15 "/mnt/c/Users/Daniel/Documents/stm/app/Drivers/Inc/button.h"
 385              		.file 16 "<built-in>"
ARM GAS  /tmp/ccToV3WZ.s 			page 13


DEFINED SYMBOLS
                            *ABS*:0000000000000000 main.c
     /tmp/ccToV3WZ.s:16     .text.MX_GPIO_Init:0000000000000000 $t
     /tmp/ccToV3WZ.s:22     .text.MX_GPIO_Init:0000000000000000 MX_GPIO_Init
     /tmp/ccToV3WZ.s:111    .text.MX_GPIO_Init:0000000000000074 $d
     /tmp/ccToV3WZ.s:118    .text.StartDefaultTask:0000000000000000 $t
     /tmp/ccToV3WZ.s:125    .text.StartDefaultTask:0000000000000000 StartDefaultTask
     /tmp/ccToV3WZ.s:149    .text.SystemClock_Config:0000000000000000 $t
     /tmp/ccToV3WZ.s:156    .text.SystemClock_Config:0000000000000000 SystemClock_Config
     /tmp/ccToV3WZ.s:222    .text.main:0000000000000000 $t
     /tmp/ccToV3WZ.s:229    .text.main:0000000000000000 main
     /tmp/ccToV3WZ.s:274    .text.main:0000000000000030 $d
                            *COM*:0000000000000004 defaultTaskHandle
     /tmp/ccToV3WZ.s:280    .text.HAL_TIM_PeriodElapsedCallback:0000000000000000 $t
     /tmp/ccToV3WZ.s:287    .text.HAL_TIM_PeriodElapsedCallback:0000000000000000 HAL_TIM_PeriodElapsedCallback
     /tmp/ccToV3WZ.s:330    .text.HAL_TIM_PeriodElapsedCallback:0000000000000024 $d
     /tmp/ccToV3WZ.s:335    .text.Error_Handler:0000000000000000 $t
     /tmp/ccToV3WZ.s:342    .text.Error_Handler:0000000000000000 Error_Handler
     /tmp/ccToV3WZ.s:356    .rodata:0000000000000000 $d
     /tmp/ccToV3WZ.s:366    .rodata.str1.4:0000000000000000 $d

UNDEFINED SYMBOLS
HAL_GPIO_WritePin
HAL_GPIO_Init
osDelay
memset
HAL_RCC_OscConfig
HAL_RCC_ClockConfig
HAL_Init
osThreadCreate
osKernelStart
button_updateButton
HAL_IncTick
