ARM GAS  /tmp/cc7PgrdF.s 			page 1


   1              		.cpu cortex-m3
   2              		.eabi_attribute 20, 1
   3              		.eabi_attribute 21, 1
   4              		.eabi_attribute 23, 3
   5              		.eabi_attribute 24, 1
   6              		.eabi_attribute 25, 1
   7              		.eabi_attribute 26, 1
   8              		.eabi_attribute 30, 1
   9              		.eabi_attribute 34, 1
  10              		.eabi_attribute 18, 4
  11              		.file	"stm32f2xx_hal_msp.c"
  12              		.text
  13              	.Ltext0:
  14              		.cfi_sections	.debug_frame
  15              		.section	.text.HAL_MspInit,"ax",%progbits
  16              		.align	1
  17              		.global	HAL_MspInit
  18              		.syntax unified
  19              		.thumb
  20              		.thumb_func
  21              		.fpu softvfp
  23              	HAL_MspInit:
  24              	.LFB72:
  25              		.file 1 "/mnt/c/Users/Daniel/Documents/stm/ThirdParty/nucleo207/Src/stm32f2xx_hal_msp.c"
   1:/mnt/c/Users/Daniel/Documents/stm/ThirdParty/nucleo207/Src/stm32f2xx_hal_msp.c **** /* USER CODE BEGIN Header */
   2:/mnt/c/Users/Daniel/Documents/stm/ThirdParty/nucleo207/Src/stm32f2xx_hal_msp.c **** /**
   3:/mnt/c/Users/Daniel/Documents/stm/ThirdParty/nucleo207/Src/stm32f2xx_hal_msp.c ****   ******************************************************************************
   4:/mnt/c/Users/Daniel/Documents/stm/ThirdParty/nucleo207/Src/stm32f2xx_hal_msp.c ****   * File Name          : stm32f2xx_hal_msp.c
   5:/mnt/c/Users/Daniel/Documents/stm/ThirdParty/nucleo207/Src/stm32f2xx_hal_msp.c ****   * Description        : This file provides code for the MSP Initialization 
   6:/mnt/c/Users/Daniel/Documents/stm/ThirdParty/nucleo207/Src/stm32f2xx_hal_msp.c ****   *                      and de-Initialization codes.
   7:/mnt/c/Users/Daniel/Documents/stm/ThirdParty/nucleo207/Src/stm32f2xx_hal_msp.c ****   ******************************************************************************
   8:/mnt/c/Users/Daniel/Documents/stm/ThirdParty/nucleo207/Src/stm32f2xx_hal_msp.c ****   * @attention
   9:/mnt/c/Users/Daniel/Documents/stm/ThirdParty/nucleo207/Src/stm32f2xx_hal_msp.c ****   *
  10:/mnt/c/Users/Daniel/Documents/stm/ThirdParty/nucleo207/Src/stm32f2xx_hal_msp.c ****   * <h2><center>&copy; Copyright (c) 2020 STMicroelectronics.
  11:/mnt/c/Users/Daniel/Documents/stm/ThirdParty/nucleo207/Src/stm32f2xx_hal_msp.c ****   * All rights reserved.</center></h2>
  12:/mnt/c/Users/Daniel/Documents/stm/ThirdParty/nucleo207/Src/stm32f2xx_hal_msp.c ****   *
  13:/mnt/c/Users/Daniel/Documents/stm/ThirdParty/nucleo207/Src/stm32f2xx_hal_msp.c ****   * This software component is licensed by ST under BSD 3-Clause license,
  14:/mnt/c/Users/Daniel/Documents/stm/ThirdParty/nucleo207/Src/stm32f2xx_hal_msp.c ****   * the "License"; You may not use this file except in compliance with the
  15:/mnt/c/Users/Daniel/Documents/stm/ThirdParty/nucleo207/Src/stm32f2xx_hal_msp.c ****   * License. You may obtain a copy of the License at:
  16:/mnt/c/Users/Daniel/Documents/stm/ThirdParty/nucleo207/Src/stm32f2xx_hal_msp.c ****   *                        opensource.org/licenses/BSD-3-Clause
  17:/mnt/c/Users/Daniel/Documents/stm/ThirdParty/nucleo207/Src/stm32f2xx_hal_msp.c ****   *
  18:/mnt/c/Users/Daniel/Documents/stm/ThirdParty/nucleo207/Src/stm32f2xx_hal_msp.c ****   ******************************************************************************
  19:/mnt/c/Users/Daniel/Documents/stm/ThirdParty/nucleo207/Src/stm32f2xx_hal_msp.c ****   */
  20:/mnt/c/Users/Daniel/Documents/stm/ThirdParty/nucleo207/Src/stm32f2xx_hal_msp.c **** /* USER CODE END Header */
  21:/mnt/c/Users/Daniel/Documents/stm/ThirdParty/nucleo207/Src/stm32f2xx_hal_msp.c **** 
  22:/mnt/c/Users/Daniel/Documents/stm/ThirdParty/nucleo207/Src/stm32f2xx_hal_msp.c **** /* Includes ------------------------------------------------------------------*/
  23:/mnt/c/Users/Daniel/Documents/stm/ThirdParty/nucleo207/Src/stm32f2xx_hal_msp.c **** #include "main.h"
  24:/mnt/c/Users/Daniel/Documents/stm/ThirdParty/nucleo207/Src/stm32f2xx_hal_msp.c **** /* USER CODE BEGIN Includes */
  25:/mnt/c/Users/Daniel/Documents/stm/ThirdParty/nucleo207/Src/stm32f2xx_hal_msp.c **** 
  26:/mnt/c/Users/Daniel/Documents/stm/ThirdParty/nucleo207/Src/stm32f2xx_hal_msp.c **** /* USER CODE END Includes */
  27:/mnt/c/Users/Daniel/Documents/stm/ThirdParty/nucleo207/Src/stm32f2xx_hal_msp.c **** 
  28:/mnt/c/Users/Daniel/Documents/stm/ThirdParty/nucleo207/Src/stm32f2xx_hal_msp.c **** /* Private typedef -----------------------------------------------------------*/
  29:/mnt/c/Users/Daniel/Documents/stm/ThirdParty/nucleo207/Src/stm32f2xx_hal_msp.c **** /* USER CODE BEGIN TD */
  30:/mnt/c/Users/Daniel/Documents/stm/ThirdParty/nucleo207/Src/stm32f2xx_hal_msp.c **** 
  31:/mnt/c/Users/Daniel/Documents/stm/ThirdParty/nucleo207/Src/stm32f2xx_hal_msp.c **** /* USER CODE END TD */
  32:/mnt/c/Users/Daniel/Documents/stm/ThirdParty/nucleo207/Src/stm32f2xx_hal_msp.c **** 
  33:/mnt/c/Users/Daniel/Documents/stm/ThirdParty/nucleo207/Src/stm32f2xx_hal_msp.c **** /* Private define ------------------------------------------------------------*/
ARM GAS  /tmp/cc7PgrdF.s 			page 2


  34:/mnt/c/Users/Daniel/Documents/stm/ThirdParty/nucleo207/Src/stm32f2xx_hal_msp.c **** /* USER CODE BEGIN Define */
  35:/mnt/c/Users/Daniel/Documents/stm/ThirdParty/nucleo207/Src/stm32f2xx_hal_msp.c ****  
  36:/mnt/c/Users/Daniel/Documents/stm/ThirdParty/nucleo207/Src/stm32f2xx_hal_msp.c **** /* USER CODE END Define */
  37:/mnt/c/Users/Daniel/Documents/stm/ThirdParty/nucleo207/Src/stm32f2xx_hal_msp.c **** 
  38:/mnt/c/Users/Daniel/Documents/stm/ThirdParty/nucleo207/Src/stm32f2xx_hal_msp.c **** /* Private macro -------------------------------------------------------------*/
  39:/mnt/c/Users/Daniel/Documents/stm/ThirdParty/nucleo207/Src/stm32f2xx_hal_msp.c **** /* USER CODE BEGIN Macro */
  40:/mnt/c/Users/Daniel/Documents/stm/ThirdParty/nucleo207/Src/stm32f2xx_hal_msp.c **** 
  41:/mnt/c/Users/Daniel/Documents/stm/ThirdParty/nucleo207/Src/stm32f2xx_hal_msp.c **** /* USER CODE END Macro */
  42:/mnt/c/Users/Daniel/Documents/stm/ThirdParty/nucleo207/Src/stm32f2xx_hal_msp.c **** 
  43:/mnt/c/Users/Daniel/Documents/stm/ThirdParty/nucleo207/Src/stm32f2xx_hal_msp.c **** /* Private variables ---------------------------------------------------------*/
  44:/mnt/c/Users/Daniel/Documents/stm/ThirdParty/nucleo207/Src/stm32f2xx_hal_msp.c **** /* USER CODE BEGIN PV */
  45:/mnt/c/Users/Daniel/Documents/stm/ThirdParty/nucleo207/Src/stm32f2xx_hal_msp.c **** 
  46:/mnt/c/Users/Daniel/Documents/stm/ThirdParty/nucleo207/Src/stm32f2xx_hal_msp.c **** /* USER CODE END PV */
  47:/mnt/c/Users/Daniel/Documents/stm/ThirdParty/nucleo207/Src/stm32f2xx_hal_msp.c **** 
  48:/mnt/c/Users/Daniel/Documents/stm/ThirdParty/nucleo207/Src/stm32f2xx_hal_msp.c **** /* Private function prototypes -----------------------------------------------*/
  49:/mnt/c/Users/Daniel/Documents/stm/ThirdParty/nucleo207/Src/stm32f2xx_hal_msp.c **** /* USER CODE BEGIN PFP */
  50:/mnt/c/Users/Daniel/Documents/stm/ThirdParty/nucleo207/Src/stm32f2xx_hal_msp.c **** 
  51:/mnt/c/Users/Daniel/Documents/stm/ThirdParty/nucleo207/Src/stm32f2xx_hal_msp.c **** /* USER CODE END PFP */
  52:/mnt/c/Users/Daniel/Documents/stm/ThirdParty/nucleo207/Src/stm32f2xx_hal_msp.c **** 
  53:/mnt/c/Users/Daniel/Documents/stm/ThirdParty/nucleo207/Src/stm32f2xx_hal_msp.c **** /* External functions --------------------------------------------------------*/
  54:/mnt/c/Users/Daniel/Documents/stm/ThirdParty/nucleo207/Src/stm32f2xx_hal_msp.c **** /* USER CODE BEGIN ExternalFunctions */
  55:/mnt/c/Users/Daniel/Documents/stm/ThirdParty/nucleo207/Src/stm32f2xx_hal_msp.c **** 
  56:/mnt/c/Users/Daniel/Documents/stm/ThirdParty/nucleo207/Src/stm32f2xx_hal_msp.c **** /* USER CODE END ExternalFunctions */
  57:/mnt/c/Users/Daniel/Documents/stm/ThirdParty/nucleo207/Src/stm32f2xx_hal_msp.c **** 
  58:/mnt/c/Users/Daniel/Documents/stm/ThirdParty/nucleo207/Src/stm32f2xx_hal_msp.c **** /* USER CODE BEGIN 0 */
  59:/mnt/c/Users/Daniel/Documents/stm/ThirdParty/nucleo207/Src/stm32f2xx_hal_msp.c **** 
  60:/mnt/c/Users/Daniel/Documents/stm/ThirdParty/nucleo207/Src/stm32f2xx_hal_msp.c **** /* USER CODE END 0 */
  61:/mnt/c/Users/Daniel/Documents/stm/ThirdParty/nucleo207/Src/stm32f2xx_hal_msp.c **** /**
  62:/mnt/c/Users/Daniel/Documents/stm/ThirdParty/nucleo207/Src/stm32f2xx_hal_msp.c ****   * Initializes the Global MSP.
  63:/mnt/c/Users/Daniel/Documents/stm/ThirdParty/nucleo207/Src/stm32f2xx_hal_msp.c ****   */
  64:/mnt/c/Users/Daniel/Documents/stm/ThirdParty/nucleo207/Src/stm32f2xx_hal_msp.c **** void HAL_MspInit(void)
  65:/mnt/c/Users/Daniel/Documents/stm/ThirdParty/nucleo207/Src/stm32f2xx_hal_msp.c **** {
  26              		.loc 1 65 0
  27              		.cfi_startproc
  28              		@ args = 0, pretend = 0, frame = 8
  29              		@ frame_needed = 0, uses_anonymous_args = 0
  30              		@ link register save eliminated.
  31 0000 82B0     		sub	sp, sp, #8
  32              	.LCFI0:
  33              		.cfi_def_cfa_offset 8
  34              	.LBB2:
  66:/mnt/c/Users/Daniel/Documents/stm/ThirdParty/nucleo207/Src/stm32f2xx_hal_msp.c ****   /* USER CODE BEGIN MspInit 0 */
  67:/mnt/c/Users/Daniel/Documents/stm/ThirdParty/nucleo207/Src/stm32f2xx_hal_msp.c **** 
  68:/mnt/c/Users/Daniel/Documents/stm/ThirdParty/nucleo207/Src/stm32f2xx_hal_msp.c ****   /* USER CODE END MspInit 0 */
  69:/mnt/c/Users/Daniel/Documents/stm/ThirdParty/nucleo207/Src/stm32f2xx_hal_msp.c **** 
  70:/mnt/c/Users/Daniel/Documents/stm/ThirdParty/nucleo207/Src/stm32f2xx_hal_msp.c ****   __HAL_RCC_SYSCFG_CLK_ENABLE();
  35              		.loc 1 70 0
  36 0002 0021     		movs	r1, #0
  37 0004 0091     		str	r1, [sp]
  38 0006 0B4B     		ldr	r3, .L3
  39 0008 5A6C     		ldr	r2, [r3, #68]
  40 000a 42F48042 		orr	r2, r2, #16384
  41 000e 5A64     		str	r2, [r3, #68]
  42 0010 5A6C     		ldr	r2, [r3, #68]
  43 0012 02F48042 		and	r2, r2, #16384
  44 0016 0092     		str	r2, [sp]
  45 0018 009A     		ldr	r2, [sp]
ARM GAS  /tmp/cc7PgrdF.s 			page 3


  46              	.LBE2:
  47              	.LBB3:
  71:/mnt/c/Users/Daniel/Documents/stm/ThirdParty/nucleo207/Src/stm32f2xx_hal_msp.c ****   __HAL_RCC_PWR_CLK_ENABLE();
  48              		.loc 1 71 0
  49 001a 0191     		str	r1, [sp, #4]
  50 001c 1A6C     		ldr	r2, [r3, #64]
  51 001e 42F08052 		orr	r2, r2, #268435456
  52 0022 1A64     		str	r2, [r3, #64]
  53 0024 1B6C     		ldr	r3, [r3, #64]
  54 0026 03F08053 		and	r3, r3, #268435456
  55 002a 0193     		str	r3, [sp, #4]
  56 002c 019B     		ldr	r3, [sp, #4]
  57              	.LBE3:
  72:/mnt/c/Users/Daniel/Documents/stm/ThirdParty/nucleo207/Src/stm32f2xx_hal_msp.c **** 
  73:/mnt/c/Users/Daniel/Documents/stm/ThirdParty/nucleo207/Src/stm32f2xx_hal_msp.c ****   /* System interrupt init*/
  74:/mnt/c/Users/Daniel/Documents/stm/ThirdParty/nucleo207/Src/stm32f2xx_hal_msp.c **** 
  75:/mnt/c/Users/Daniel/Documents/stm/ThirdParty/nucleo207/Src/stm32f2xx_hal_msp.c ****   /* USER CODE BEGIN MspInit 1 */
  76:/mnt/c/Users/Daniel/Documents/stm/ThirdParty/nucleo207/Src/stm32f2xx_hal_msp.c **** 
  77:/mnt/c/Users/Daniel/Documents/stm/ThirdParty/nucleo207/Src/stm32f2xx_hal_msp.c ****   /* USER CODE END MspInit 1 */
  78:/mnt/c/Users/Daniel/Documents/stm/ThirdParty/nucleo207/Src/stm32f2xx_hal_msp.c **** }
  58              		.loc 1 78 0
  59 002e 02B0     		add	sp, sp, #8
  60              	.LCFI1:
  61              		.cfi_def_cfa_offset 0
  62              		@ sp needed
  63 0030 7047     		bx	lr
  64              	.L4:
  65 0032 00BF     		.align	2
  66              	.L3:
  67 0034 00380240 		.word	1073887232
  68              		.cfi_endproc
  69              	.LFE72:
  71              		.text
  72              	.Letext0:
  73              		.file 2 "/opt/gcc-arm-none-eabi-7-2017-q4-major/arm-none-eabi/include/machine/_default_types.h"
  74              		.file 3 "/opt/gcc-arm-none-eabi-7-2017-q4-major/arm-none-eabi/include/sys/_stdint.h"
  75              		.file 4 "/mnt/c/Users/Daniel/Documents/stm/ThirdParty/nucleo207/Drivers/CMSIS/Include/core_cm3.h"
  76              		.file 5 "/mnt/c/Users/Daniel/Documents/stm/ThirdParty/nucleo207/Drivers/CMSIS/Device/ST/STM32F2xx/
  77              		.file 6 "/mnt/c/Users/Daniel/Documents/stm/ThirdParty/nucleo207/Drivers/CMSIS/Device/ST/STM32F2xx/
  78              		.file 7 "/mnt/c/Users/Daniel/Documents/stm/ThirdParty/nucleo207/Drivers/STM32F2xx_HAL_Driver/Inc/s
ARM GAS  /tmp/cc7PgrdF.s 			page 4


DEFINED SYMBOLS
                            *ABS*:0000000000000000 stm32f2xx_hal_msp.c
     /tmp/cc7PgrdF.s:16     .text.HAL_MspInit:0000000000000000 $t
     /tmp/cc7PgrdF.s:23     .text.HAL_MspInit:0000000000000000 HAL_MspInit
     /tmp/cc7PgrdF.s:67     .text.HAL_MspInit:0000000000000034 $d

NO UNDEFINED SYMBOLS
