ARM GAS  /tmp/cc6JBQDt.s 			page 1


   1              		.cpu cortex-m3
   2              		.eabi_attribute 20, 1
   3              		.eabi_attribute 21, 1
   4              		.eabi_attribute 23, 3
   5              		.eabi_attribute 24, 1
   6              		.eabi_attribute 25, 1
   7              		.eabi_attribute 26, 1
   8              		.eabi_attribute 30, 1
   9              		.eabi_attribute 34, 1
  10              		.eabi_attribute 18, 4
  11              		.file	"stm32f2xx_hal_timebase_tim.c"
  12              		.text
  13              	.Ltext0:
  14              		.cfi_sections	.debug_frame
  15              		.section	.text.HAL_InitTick,"ax",%progbits
  16              		.align	1
  17              		.global	HAL_InitTick
  18              		.syntax unified
  19              		.thumb
  20              		.thumb_func
  21              		.fpu softvfp
  23              	HAL_InitTick:
  24              	.LFB72:
  25              		.file 1 "/mnt/c/Users/Daniel/Documents/stm/ThirdParty/nucleo207/Src/stm32f2xx_hal_timebase_tim.c"
   1:/mnt/c/Users/Daniel/Documents/stm/ThirdParty/nucleo207/Src/stm32f2xx_hal_timebase_tim.c **** /* USER CODE BEGIN Header */
   2:/mnt/c/Users/Daniel/Documents/stm/ThirdParty/nucleo207/Src/stm32f2xx_hal_timebase_tim.c **** /**
   3:/mnt/c/Users/Daniel/Documents/stm/ThirdParty/nucleo207/Src/stm32f2xx_hal_timebase_tim.c ****   ******************************************************************************
   4:/mnt/c/Users/Daniel/Documents/stm/ThirdParty/nucleo207/Src/stm32f2xx_hal_timebase_tim.c ****   * @file    stm32f2xx_hal_timebase_TIM.c 
   5:/mnt/c/Users/Daniel/Documents/stm/ThirdParty/nucleo207/Src/stm32f2xx_hal_timebase_tim.c ****   * @brief   HAL time base based on the hardware TIM.
   6:/mnt/c/Users/Daniel/Documents/stm/ThirdParty/nucleo207/Src/stm32f2xx_hal_timebase_tim.c ****   ******************************************************************************
   7:/mnt/c/Users/Daniel/Documents/stm/ThirdParty/nucleo207/Src/stm32f2xx_hal_timebase_tim.c ****   * @attention
   8:/mnt/c/Users/Daniel/Documents/stm/ThirdParty/nucleo207/Src/stm32f2xx_hal_timebase_tim.c ****   *
   9:/mnt/c/Users/Daniel/Documents/stm/ThirdParty/nucleo207/Src/stm32f2xx_hal_timebase_tim.c ****   * <h2><center>&copy; Copyright (c) 2020 STMicroelectronics.
  10:/mnt/c/Users/Daniel/Documents/stm/ThirdParty/nucleo207/Src/stm32f2xx_hal_timebase_tim.c ****   * All rights reserved.</center></h2>
  11:/mnt/c/Users/Daniel/Documents/stm/ThirdParty/nucleo207/Src/stm32f2xx_hal_timebase_tim.c ****   *
  12:/mnt/c/Users/Daniel/Documents/stm/ThirdParty/nucleo207/Src/stm32f2xx_hal_timebase_tim.c ****   * This software component is licensed by ST under Ultimate Liberty license
  13:/mnt/c/Users/Daniel/Documents/stm/ThirdParty/nucleo207/Src/stm32f2xx_hal_timebase_tim.c ****   * SLA0044, the "License"; You may not use this file except in compliance with
  14:/mnt/c/Users/Daniel/Documents/stm/ThirdParty/nucleo207/Src/stm32f2xx_hal_timebase_tim.c ****   * the License. You may obtain a copy of the License at:
  15:/mnt/c/Users/Daniel/Documents/stm/ThirdParty/nucleo207/Src/stm32f2xx_hal_timebase_tim.c ****   *                             www.st.com/SLA0044
  16:/mnt/c/Users/Daniel/Documents/stm/ThirdParty/nucleo207/Src/stm32f2xx_hal_timebase_tim.c ****   *
  17:/mnt/c/Users/Daniel/Documents/stm/ThirdParty/nucleo207/Src/stm32f2xx_hal_timebase_tim.c ****   ******************************************************************************
  18:/mnt/c/Users/Daniel/Documents/stm/ThirdParty/nucleo207/Src/stm32f2xx_hal_timebase_tim.c ****   */
  19:/mnt/c/Users/Daniel/Documents/stm/ThirdParty/nucleo207/Src/stm32f2xx_hal_timebase_tim.c **** /* USER CODE END Header */
  20:/mnt/c/Users/Daniel/Documents/stm/ThirdParty/nucleo207/Src/stm32f2xx_hal_timebase_tim.c **** 
  21:/mnt/c/Users/Daniel/Documents/stm/ThirdParty/nucleo207/Src/stm32f2xx_hal_timebase_tim.c **** /* Includes ------------------------------------------------------------------*/
  22:/mnt/c/Users/Daniel/Documents/stm/ThirdParty/nucleo207/Src/stm32f2xx_hal_timebase_tim.c **** #include "stm32f2xx_hal.h"
  23:/mnt/c/Users/Daniel/Documents/stm/ThirdParty/nucleo207/Src/stm32f2xx_hal_timebase_tim.c **** #include "stm32f2xx_hal_tim.h"
  24:/mnt/c/Users/Daniel/Documents/stm/ThirdParty/nucleo207/Src/stm32f2xx_hal_timebase_tim.c ****  
  25:/mnt/c/Users/Daniel/Documents/stm/ThirdParty/nucleo207/Src/stm32f2xx_hal_timebase_tim.c **** /* Private typedef -----------------------------------------------------------*/
  26:/mnt/c/Users/Daniel/Documents/stm/ThirdParty/nucleo207/Src/stm32f2xx_hal_timebase_tim.c **** /* Private define ------------------------------------------------------------*/
  27:/mnt/c/Users/Daniel/Documents/stm/ThirdParty/nucleo207/Src/stm32f2xx_hal_timebase_tim.c **** /* Private macro -------------------------------------------------------------*/
  28:/mnt/c/Users/Daniel/Documents/stm/ThirdParty/nucleo207/Src/stm32f2xx_hal_timebase_tim.c **** /* Private variables ---------------------------------------------------------*/
  29:/mnt/c/Users/Daniel/Documents/stm/ThirdParty/nucleo207/Src/stm32f2xx_hal_timebase_tim.c **** TIM_HandleTypeDef        htim1; 
  30:/mnt/c/Users/Daniel/Documents/stm/ThirdParty/nucleo207/Src/stm32f2xx_hal_timebase_tim.c **** /* Private function prototypes -----------------------------------------------*/
  31:/mnt/c/Users/Daniel/Documents/stm/ThirdParty/nucleo207/Src/stm32f2xx_hal_timebase_tim.c **** /* Private functions ---------------------------------------------------------*/
  32:/mnt/c/Users/Daniel/Documents/stm/ThirdParty/nucleo207/Src/stm32f2xx_hal_timebase_tim.c **** 
  33:/mnt/c/Users/Daniel/Documents/stm/ThirdParty/nucleo207/Src/stm32f2xx_hal_timebase_tim.c **** /**
ARM GAS  /tmp/cc6JBQDt.s 			page 2


  34:/mnt/c/Users/Daniel/Documents/stm/ThirdParty/nucleo207/Src/stm32f2xx_hal_timebase_tim.c ****   * @brief  This function configures the TIM1 as a time base source. 
  35:/mnt/c/Users/Daniel/Documents/stm/ThirdParty/nucleo207/Src/stm32f2xx_hal_timebase_tim.c ****   *         The time source is configured  to have 1ms time base with a dedicated 
  36:/mnt/c/Users/Daniel/Documents/stm/ThirdParty/nucleo207/Src/stm32f2xx_hal_timebase_tim.c ****   *         Tick interrupt priority. 
  37:/mnt/c/Users/Daniel/Documents/stm/ThirdParty/nucleo207/Src/stm32f2xx_hal_timebase_tim.c ****   * @note   This function is called  automatically at the beginning of program after
  38:/mnt/c/Users/Daniel/Documents/stm/ThirdParty/nucleo207/Src/stm32f2xx_hal_timebase_tim.c ****   *         reset by HAL_Init() or at any time when clock is configured, by HAL_RCC_ClockConfig(). 
  39:/mnt/c/Users/Daniel/Documents/stm/ThirdParty/nucleo207/Src/stm32f2xx_hal_timebase_tim.c ****   * @param  TickPriority: Tick interrupt priority.
  40:/mnt/c/Users/Daniel/Documents/stm/ThirdParty/nucleo207/Src/stm32f2xx_hal_timebase_tim.c ****   * @retval HAL status
  41:/mnt/c/Users/Daniel/Documents/stm/ThirdParty/nucleo207/Src/stm32f2xx_hal_timebase_tim.c ****   */
  42:/mnt/c/Users/Daniel/Documents/stm/ThirdParty/nucleo207/Src/stm32f2xx_hal_timebase_tim.c **** HAL_StatusTypeDef HAL_InitTick(uint32_t TickPriority)
  43:/mnt/c/Users/Daniel/Documents/stm/ThirdParty/nucleo207/Src/stm32f2xx_hal_timebase_tim.c **** {
  26              		.loc 1 43 0
  27              		.cfi_startproc
  28              		@ args = 0, pretend = 0, frame = 32
  29              		@ frame_needed = 0, uses_anonymous_args = 0
  30              	.LVL0:
  31 0000 10B5     		push	{r4, lr}
  32              	.LCFI0:
  33              		.cfi_def_cfa_offset 8
  34              		.cfi_offset 4, -8
  35              		.cfi_offset 14, -4
  36 0002 88B0     		sub	sp, sp, #32
  37              	.LCFI1:
  38              		.cfi_def_cfa_offset 40
  39              	.LVL1:
  44:/mnt/c/Users/Daniel/Documents/stm/ThirdParty/nucleo207/Src/stm32f2xx_hal_timebase_tim.c ****   RCC_ClkInitTypeDef    clkconfig;
  45:/mnt/c/Users/Daniel/Documents/stm/ThirdParty/nucleo207/Src/stm32f2xx_hal_timebase_tim.c ****   uint32_t              uwTimclock = 0;
  46:/mnt/c/Users/Daniel/Documents/stm/ThirdParty/nucleo207/Src/stm32f2xx_hal_timebase_tim.c ****   uint32_t              uwPrescalerValue = 0;
  47:/mnt/c/Users/Daniel/Documents/stm/ThirdParty/nucleo207/Src/stm32f2xx_hal_timebase_tim.c ****   uint32_t              pFLatency;
  48:/mnt/c/Users/Daniel/Documents/stm/ThirdParty/nucleo207/Src/stm32f2xx_hal_timebase_tim.c ****   
  49:/mnt/c/Users/Daniel/Documents/stm/ThirdParty/nucleo207/Src/stm32f2xx_hal_timebase_tim.c ****   /*Configure the TIM1 IRQ priority */
  50:/mnt/c/Users/Daniel/Documents/stm/ThirdParty/nucleo207/Src/stm32f2xx_hal_timebase_tim.c ****   HAL_NVIC_SetPriority(TIM1_UP_TIM10_IRQn, TickPriority ,0); 
  40              		.loc 1 50 0
  41 0004 0022     		movs	r2, #0
  42 0006 0146     		mov	r1, r0
  43 0008 1920     		movs	r0, #25
  44              	.LVL2:
  45 000a FFF7FEFF 		bl	HAL_NVIC_SetPriority
  46              	.LVL3:
  51:/mnt/c/Users/Daniel/Documents/stm/ThirdParty/nucleo207/Src/stm32f2xx_hal_timebase_tim.c ****   
  52:/mnt/c/Users/Daniel/Documents/stm/ThirdParty/nucleo207/Src/stm32f2xx_hal_timebase_tim.c ****   /* Enable the TIM1 global Interrupt */
  53:/mnt/c/Users/Daniel/Documents/stm/ThirdParty/nucleo207/Src/stm32f2xx_hal_timebase_tim.c ****   HAL_NVIC_EnableIRQ(TIM1_UP_TIM10_IRQn); 
  47              		.loc 1 53 0
  48 000e 1920     		movs	r0, #25
  49 0010 FFF7FEFF 		bl	HAL_NVIC_EnableIRQ
  50              	.LVL4:
  51              	.LBB2:
  54:/mnt/c/Users/Daniel/Documents/stm/ThirdParty/nucleo207/Src/stm32f2xx_hal_timebase_tim.c ****   
  55:/mnt/c/Users/Daniel/Documents/stm/ThirdParty/nucleo207/Src/stm32f2xx_hal_timebase_tim.c ****   /* Enable TIM1 clock */
  56:/mnt/c/Users/Daniel/Documents/stm/ThirdParty/nucleo207/Src/stm32f2xx_hal_timebase_tim.c ****   __HAL_RCC_TIM1_CLK_ENABLE();
  52              		.loc 1 56 0
  53 0014 0024     		movs	r4, #0
  54 0016 0194     		str	r4, [sp, #4]
  55 0018 134B     		ldr	r3, .L6
  56 001a 5A6C     		ldr	r2, [r3, #68]
  57 001c 42F00102 		orr	r2, r2, #1
  58 0020 5A64     		str	r2, [r3, #68]
  59 0022 5B6C     		ldr	r3, [r3, #68]
ARM GAS  /tmp/cc6JBQDt.s 			page 3


  60 0024 03F00103 		and	r3, r3, #1
  61 0028 0193     		str	r3, [sp, #4]
  62 002a 019B     		ldr	r3, [sp, #4]
  63              	.LBE2:
  57:/mnt/c/Users/Daniel/Documents/stm/ThirdParty/nucleo207/Src/stm32f2xx_hal_timebase_tim.c ****   
  58:/mnt/c/Users/Daniel/Documents/stm/ThirdParty/nucleo207/Src/stm32f2xx_hal_timebase_tim.c ****   /* Get clock configuration */
  59:/mnt/c/Users/Daniel/Documents/stm/ThirdParty/nucleo207/Src/stm32f2xx_hal_timebase_tim.c ****   HAL_RCC_GetClockConfig(&clkconfig, &pFLatency);
  64              		.loc 1 59 0
  65 002c 02A9     		add	r1, sp, #8
  66 002e 03A8     		add	r0, sp, #12
  67 0030 FFF7FEFF 		bl	HAL_RCC_GetClockConfig
  68              	.LVL5:
  60:/mnt/c/Users/Daniel/Documents/stm/ThirdParty/nucleo207/Src/stm32f2xx_hal_timebase_tim.c ****   
  61:/mnt/c/Users/Daniel/Documents/stm/ThirdParty/nucleo207/Src/stm32f2xx_hal_timebase_tim.c ****   /* Compute TIM1 clock */
  62:/mnt/c/Users/Daniel/Documents/stm/ThirdParty/nucleo207/Src/stm32f2xx_hal_timebase_tim.c ****   uwTimclock = HAL_RCC_GetPCLK2Freq();
  69              		.loc 1 62 0
  70 0034 FFF7FEFF 		bl	HAL_RCC_GetPCLK2Freq
  71              	.LVL6:
  63:/mnt/c/Users/Daniel/Documents/stm/ThirdParty/nucleo207/Src/stm32f2xx_hal_timebase_tim.c ****    
  64:/mnt/c/Users/Daniel/Documents/stm/ThirdParty/nucleo207/Src/stm32f2xx_hal_timebase_tim.c ****   /* Compute the prescaler value to have TIM1 counter clock equal to 1MHz */
  65:/mnt/c/Users/Daniel/Documents/stm/ThirdParty/nucleo207/Src/stm32f2xx_hal_timebase_tim.c ****   uwPrescalerValue = (uint32_t) ((uwTimclock / 1000000) - 1);
  72              		.loc 1 65 0
  73 0038 0C4B     		ldr	r3, .L6+4
  74 003a A3FB0023 		umull	r2, r3, r3, r0
  75 003e 9B0C     		lsrs	r3, r3, #18
  76 0040 013B     		subs	r3, r3, #1
  77              	.LVL7:
  66:/mnt/c/Users/Daniel/Documents/stm/ThirdParty/nucleo207/Src/stm32f2xx_hal_timebase_tim.c ****   
  67:/mnt/c/Users/Daniel/Documents/stm/ThirdParty/nucleo207/Src/stm32f2xx_hal_timebase_tim.c ****   /* Initialize TIM1 */
  68:/mnt/c/Users/Daniel/Documents/stm/ThirdParty/nucleo207/Src/stm32f2xx_hal_timebase_tim.c ****   htim1.Instance = TIM1;
  78              		.loc 1 68 0
  79 0042 0B48     		ldr	r0, .L6+8
  80              	.LVL8:
  81 0044 0B4A     		ldr	r2, .L6+12
  82 0046 0260     		str	r2, [r0]
  69:/mnt/c/Users/Daniel/Documents/stm/ThirdParty/nucleo207/Src/stm32f2xx_hal_timebase_tim.c ****   
  70:/mnt/c/Users/Daniel/Documents/stm/ThirdParty/nucleo207/Src/stm32f2xx_hal_timebase_tim.c ****   /* Initialize TIMx peripheral as follow:
  71:/mnt/c/Users/Daniel/Documents/stm/ThirdParty/nucleo207/Src/stm32f2xx_hal_timebase_tim.c ****   + Period = [(TIM1CLK/1000) - 1]. to have a (1/1000) s time base.
  72:/mnt/c/Users/Daniel/Documents/stm/ThirdParty/nucleo207/Src/stm32f2xx_hal_timebase_tim.c ****   + Prescaler = (uwTimclock/1000000 - 1) to have a 1MHz counter clock.
  73:/mnt/c/Users/Daniel/Documents/stm/ThirdParty/nucleo207/Src/stm32f2xx_hal_timebase_tim.c ****   + ClockDivision = 0
  74:/mnt/c/Users/Daniel/Documents/stm/ThirdParty/nucleo207/Src/stm32f2xx_hal_timebase_tim.c ****   + Counter direction = Up
  75:/mnt/c/Users/Daniel/Documents/stm/ThirdParty/nucleo207/Src/stm32f2xx_hal_timebase_tim.c ****   */
  76:/mnt/c/Users/Daniel/Documents/stm/ThirdParty/nucleo207/Src/stm32f2xx_hal_timebase_tim.c ****   htim1.Init.Period = (1000000 / 1000) - 1;
  83              		.loc 1 76 0
  84 0048 40F2E732 		movw	r2, #999
  85 004c C260     		str	r2, [r0, #12]
  77:/mnt/c/Users/Daniel/Documents/stm/ThirdParty/nucleo207/Src/stm32f2xx_hal_timebase_tim.c ****   htim1.Init.Prescaler = uwPrescalerValue;
  86              		.loc 1 77 0
  87 004e 4360     		str	r3, [r0, #4]
  78:/mnt/c/Users/Daniel/Documents/stm/ThirdParty/nucleo207/Src/stm32f2xx_hal_timebase_tim.c ****   htim1.Init.ClockDivision = 0;
  88              		.loc 1 78 0
  89 0050 0461     		str	r4, [r0, #16]
  79:/mnt/c/Users/Daniel/Documents/stm/ThirdParty/nucleo207/Src/stm32f2xx_hal_timebase_tim.c ****   htim1.Init.CounterMode = TIM_COUNTERMODE_UP;
  90              		.loc 1 79 0
  91 0052 8460     		str	r4, [r0, #8]
  80:/mnt/c/Users/Daniel/Documents/stm/ThirdParty/nucleo207/Src/stm32f2xx_hal_timebase_tim.c ****   if(HAL_TIM_Base_Init(&htim1) == HAL_OK)
  92              		.loc 1 80 0
ARM GAS  /tmp/cc6JBQDt.s 			page 4


  93 0054 FFF7FEFF 		bl	HAL_TIM_Base_Init
  94              	.LVL9:
  95 0058 10B1     		cbz	r0, .L5
  81:/mnt/c/Users/Daniel/Documents/stm/ThirdParty/nucleo207/Src/stm32f2xx_hal_timebase_tim.c ****   {
  82:/mnt/c/Users/Daniel/Documents/stm/ThirdParty/nucleo207/Src/stm32f2xx_hal_timebase_tim.c ****     /* Start the TIM time Base generation in interrupt mode */
  83:/mnt/c/Users/Daniel/Documents/stm/ThirdParty/nucleo207/Src/stm32f2xx_hal_timebase_tim.c ****     return HAL_TIM_Base_Start_IT(&htim1);
  84:/mnt/c/Users/Daniel/Documents/stm/ThirdParty/nucleo207/Src/stm32f2xx_hal_timebase_tim.c ****   }
  85:/mnt/c/Users/Daniel/Documents/stm/ThirdParty/nucleo207/Src/stm32f2xx_hal_timebase_tim.c ****   
  86:/mnt/c/Users/Daniel/Documents/stm/ThirdParty/nucleo207/Src/stm32f2xx_hal_timebase_tim.c ****   /* Return function status */
  87:/mnt/c/Users/Daniel/Documents/stm/ThirdParty/nucleo207/Src/stm32f2xx_hal_timebase_tim.c ****   return HAL_ERROR;
  96              		.loc 1 87 0
  97 005a 0120     		movs	r0, #1
  98              	.L2:
  88:/mnt/c/Users/Daniel/Documents/stm/ThirdParty/nucleo207/Src/stm32f2xx_hal_timebase_tim.c **** }
  99              		.loc 1 88 0
 100 005c 08B0     		add	sp, sp, #32
 101              	.LCFI2:
 102              		.cfi_remember_state
 103              		.cfi_def_cfa_offset 8
 104              		@ sp needed
 105 005e 10BD     		pop	{r4, pc}
 106              	.L5:
 107              	.LCFI3:
 108              		.cfi_restore_state
  83:/mnt/c/Users/Daniel/Documents/stm/ThirdParty/nucleo207/Src/stm32f2xx_hal_timebase_tim.c ****   }
 109              		.loc 1 83 0
 110 0060 0348     		ldr	r0, .L6+8
 111 0062 FFF7FEFF 		bl	HAL_TIM_Base_Start_IT
 112              	.LVL10:
 113 0066 F9E7     		b	.L2
 114              	.L7:
 115              		.align	2
 116              	.L6:
 117 0068 00380240 		.word	1073887232
 118 006c 83DE1B43 		.word	1125899907
 119 0070 00000000 		.word	htim1
 120 0074 00000140 		.word	1073807360
 121              		.cfi_endproc
 122              	.LFE72:
 124              		.section	.text.HAL_SuspendTick,"ax",%progbits
 125              		.align	1
 126              		.global	HAL_SuspendTick
 127              		.syntax unified
 128              		.thumb
 129              		.thumb_func
 130              		.fpu softvfp
 132              	HAL_SuspendTick:
 133              	.LFB73:
  89:/mnt/c/Users/Daniel/Documents/stm/ThirdParty/nucleo207/Src/stm32f2xx_hal_timebase_tim.c **** 
  90:/mnt/c/Users/Daniel/Documents/stm/ThirdParty/nucleo207/Src/stm32f2xx_hal_timebase_tim.c **** /**
  91:/mnt/c/Users/Daniel/Documents/stm/ThirdParty/nucleo207/Src/stm32f2xx_hal_timebase_tim.c ****   * @brief  Suspend Tick increment.
  92:/mnt/c/Users/Daniel/Documents/stm/ThirdParty/nucleo207/Src/stm32f2xx_hal_timebase_tim.c ****   * @note   Disable the tick increment by disabling TIM1 update interrupt.
  93:/mnt/c/Users/Daniel/Documents/stm/ThirdParty/nucleo207/Src/stm32f2xx_hal_timebase_tim.c ****   * @param  None
  94:/mnt/c/Users/Daniel/Documents/stm/ThirdParty/nucleo207/Src/stm32f2xx_hal_timebase_tim.c ****   * @retval None
  95:/mnt/c/Users/Daniel/Documents/stm/ThirdParty/nucleo207/Src/stm32f2xx_hal_timebase_tim.c ****   */
  96:/mnt/c/Users/Daniel/Documents/stm/ThirdParty/nucleo207/Src/stm32f2xx_hal_timebase_tim.c **** void HAL_SuspendTick(void)
  97:/mnt/c/Users/Daniel/Documents/stm/ThirdParty/nucleo207/Src/stm32f2xx_hal_timebase_tim.c **** {
ARM GAS  /tmp/cc6JBQDt.s 			page 5


 134              		.loc 1 97 0
 135              		.cfi_startproc
 136              		@ args = 0, pretend = 0, frame = 0
 137              		@ frame_needed = 0, uses_anonymous_args = 0
 138              		@ link register save eliminated.
  98:/mnt/c/Users/Daniel/Documents/stm/ThirdParty/nucleo207/Src/stm32f2xx_hal_timebase_tim.c ****   /* Disable TIM1 update Interrupt */
  99:/mnt/c/Users/Daniel/Documents/stm/ThirdParty/nucleo207/Src/stm32f2xx_hal_timebase_tim.c ****   __HAL_TIM_DISABLE_IT(&htim1, TIM_IT_UPDATE);                                                  
 139              		.loc 1 99 0
 140 0000 034B     		ldr	r3, .L9
 141 0002 1A68     		ldr	r2, [r3]
 142 0004 D368     		ldr	r3, [r2, #12]
 143 0006 23F00103 		bic	r3, r3, #1
 144 000a D360     		str	r3, [r2, #12]
 100:/mnt/c/Users/Daniel/Documents/stm/ThirdParty/nucleo207/Src/stm32f2xx_hal_timebase_tim.c **** }
 145              		.loc 1 100 0
 146 000c 7047     		bx	lr
 147              	.L10:
 148 000e 00BF     		.align	2
 149              	.L9:
 150 0010 00000000 		.word	htim1
 151              		.cfi_endproc
 152              	.LFE73:
 154              		.section	.text.HAL_ResumeTick,"ax",%progbits
 155              		.align	1
 156              		.global	HAL_ResumeTick
 157              		.syntax unified
 158              		.thumb
 159              		.thumb_func
 160              		.fpu softvfp
 162              	HAL_ResumeTick:
 163              	.LFB74:
 101:/mnt/c/Users/Daniel/Documents/stm/ThirdParty/nucleo207/Src/stm32f2xx_hal_timebase_tim.c **** 
 102:/mnt/c/Users/Daniel/Documents/stm/ThirdParty/nucleo207/Src/stm32f2xx_hal_timebase_tim.c **** /**
 103:/mnt/c/Users/Daniel/Documents/stm/ThirdParty/nucleo207/Src/stm32f2xx_hal_timebase_tim.c ****   * @brief  Resume Tick increment.
 104:/mnt/c/Users/Daniel/Documents/stm/ThirdParty/nucleo207/Src/stm32f2xx_hal_timebase_tim.c ****   * @note   Enable the tick increment by Enabling TIM1 update interrupt.
 105:/mnt/c/Users/Daniel/Documents/stm/ThirdParty/nucleo207/Src/stm32f2xx_hal_timebase_tim.c ****   * @param  None
 106:/mnt/c/Users/Daniel/Documents/stm/ThirdParty/nucleo207/Src/stm32f2xx_hal_timebase_tim.c ****   * @retval None
 107:/mnt/c/Users/Daniel/Documents/stm/ThirdParty/nucleo207/Src/stm32f2xx_hal_timebase_tim.c ****   */
 108:/mnt/c/Users/Daniel/Documents/stm/ThirdParty/nucleo207/Src/stm32f2xx_hal_timebase_tim.c **** void HAL_ResumeTick(void)
 109:/mnt/c/Users/Daniel/Documents/stm/ThirdParty/nucleo207/Src/stm32f2xx_hal_timebase_tim.c **** {
 164              		.loc 1 109 0
 165              		.cfi_startproc
 166              		@ args = 0, pretend = 0, frame = 0
 167              		@ frame_needed = 0, uses_anonymous_args = 0
 168              		@ link register save eliminated.
 110:/mnt/c/Users/Daniel/Documents/stm/ThirdParty/nucleo207/Src/stm32f2xx_hal_timebase_tim.c ****   /* Enable TIM1 Update interrupt */
 111:/mnt/c/Users/Daniel/Documents/stm/ThirdParty/nucleo207/Src/stm32f2xx_hal_timebase_tim.c ****   __HAL_TIM_ENABLE_IT(&htim1, TIM_IT_UPDATE);
 169              		.loc 1 111 0
 170 0000 034B     		ldr	r3, .L12
 171 0002 1A68     		ldr	r2, [r3]
 172 0004 D368     		ldr	r3, [r2, #12]
 173 0006 43F00103 		orr	r3, r3, #1
 174 000a D360     		str	r3, [r2, #12]
 112:/mnt/c/Users/Daniel/Documents/stm/ThirdParty/nucleo207/Src/stm32f2xx_hal_timebase_tim.c **** }
 175              		.loc 1 112 0
 176 000c 7047     		bx	lr
 177              	.L13:
ARM GAS  /tmp/cc6JBQDt.s 			page 6


 178 000e 00BF     		.align	2
 179              	.L12:
 180 0010 00000000 		.word	htim1
 181              		.cfi_endproc
 182              	.LFE74:
 184              		.comm	htim1,64,4
 185              		.text
 186              	.Letext0:
 187              		.file 2 "/opt/gcc-arm-none-eabi-7-2017-q4-major/arm-none-eabi/include/machine/_default_types.h"
 188              		.file 3 "/opt/gcc-arm-none-eabi-7-2017-q4-major/arm-none-eabi/include/sys/_stdint.h"
 189              		.file 4 "/mnt/c/Users/Daniel/Documents/stm/ThirdParty/nucleo207/Drivers/CMSIS/Include/core_cm3.h"
 190              		.file 5 "/mnt/c/Users/Daniel/Documents/stm/ThirdParty/nucleo207/Drivers/CMSIS/Device/ST/STM32F2xx/
 191              		.file 6 "/mnt/c/Users/Daniel/Documents/stm/ThirdParty/nucleo207/Drivers/CMSIS/Device/ST/STM32F2xx/
 192              		.file 7 "/mnt/c/Users/Daniel/Documents/stm/ThirdParty/nucleo207/Drivers/STM32F2xx_HAL_Driver/Inc/s
 193              		.file 8 "/mnt/c/Users/Daniel/Documents/stm/ThirdParty/nucleo207/Drivers/STM32F2xx_HAL_Driver/Inc/s
 194              		.file 9 "/mnt/c/Users/Daniel/Documents/stm/ThirdParty/nucleo207/Drivers/STM32F2xx_HAL_Driver/Inc/s
 195              		.file 10 "/mnt/c/Users/Daniel/Documents/stm/ThirdParty/nucleo207/Drivers/STM32F2xx_HAL_Driver/Inc/
 196              		.file 11 "/mnt/c/Users/Daniel/Documents/stm/ThirdParty/nucleo207/Drivers/STM32F2xx_HAL_Driver/Inc/
 197              		.file 12 "/mnt/c/Users/Daniel/Documents/stm/ThirdParty/nucleo207/Drivers/STM32F2xx_HAL_Driver/Inc/
ARM GAS  /tmp/cc6JBQDt.s 			page 7


DEFINED SYMBOLS
                            *ABS*:0000000000000000 stm32f2xx_hal_timebase_tim.c
     /tmp/cc6JBQDt.s:16     .text.HAL_InitTick:0000000000000000 $t
     /tmp/cc6JBQDt.s:23     .text.HAL_InitTick:0000000000000000 HAL_InitTick
     /tmp/cc6JBQDt.s:117    .text.HAL_InitTick:0000000000000068 $d
                            *COM*:0000000000000040 htim1
     /tmp/cc6JBQDt.s:125    .text.HAL_SuspendTick:0000000000000000 $t
     /tmp/cc6JBQDt.s:132    .text.HAL_SuspendTick:0000000000000000 HAL_SuspendTick
     /tmp/cc6JBQDt.s:150    .text.HAL_SuspendTick:0000000000000010 $d
     /tmp/cc6JBQDt.s:155    .text.HAL_ResumeTick:0000000000000000 $t
     /tmp/cc6JBQDt.s:162    .text.HAL_ResumeTick:0000000000000000 HAL_ResumeTick
     /tmp/cc6JBQDt.s:180    .text.HAL_ResumeTick:0000000000000010 $d

UNDEFINED SYMBOLS
HAL_NVIC_SetPriority
HAL_NVIC_EnableIRQ
HAL_RCC_GetClockConfig
HAL_RCC_GetPCLK2Freq
HAL_TIM_Base_Init
HAL_TIM_Base_Start_IT
