ARM GAS  /tmp/ccFROxKi.s 			page 1


   1              		.cpu cortex-m3
   2              		.eabi_attribute 20, 1
   3              		.eabi_attribute 21, 1
   4              		.eabi_attribute 23, 3
   5              		.eabi_attribute 24, 1
   6              		.eabi_attribute 25, 1
   7              		.eabi_attribute 26, 1
   8              		.eabi_attribute 30, 1
   9              		.eabi_attribute 34, 1
  10              		.eabi_attribute 18, 4
  11              		.file	"system_stm32f2xx.c"
  12              		.text
  13              	.Ltext0:
  14              		.cfi_sections	.debug_frame
  15              		.section	.text.SystemInit,"ax",%progbits
  16              		.align	1
  17              		.global	SystemInit
  18              		.syntax unified
  19              		.thumb
  20              		.thumb_func
  21              		.fpu softvfp
  23              	SystemInit:
  24              	.LFB72:
  25              		.file 1 "/mnt/c/Users/Daniel/Documents/stm/ThirdParty/nucleo207/Src/system_stm32f2xx.c"
   1:/mnt/c/Users/Daniel/Documents/stm/ThirdParty/nucleo207/Src/system_stm32f2xx.c **** /**
   2:/mnt/c/Users/Daniel/Documents/stm/ThirdParty/nucleo207/Src/system_stm32f2xx.c ****   ******************************************************************************
   3:/mnt/c/Users/Daniel/Documents/stm/ThirdParty/nucleo207/Src/system_stm32f2xx.c ****   * @file    system_stm32f2xx.c
   4:/mnt/c/Users/Daniel/Documents/stm/ThirdParty/nucleo207/Src/system_stm32f2xx.c ****   * @author  MCD Application Team
   5:/mnt/c/Users/Daniel/Documents/stm/ThirdParty/nucleo207/Src/system_stm32f2xx.c ****   * @brief   CMSIS Cortex-M3 Device Peripheral Access Layer System Source File.
   6:/mnt/c/Users/Daniel/Documents/stm/ThirdParty/nucleo207/Src/system_stm32f2xx.c ****   *             
   7:/mnt/c/Users/Daniel/Documents/stm/ThirdParty/nucleo207/Src/system_stm32f2xx.c ****   *   This file provides two functions and one global variable to be called from 
   8:/mnt/c/Users/Daniel/Documents/stm/ThirdParty/nucleo207/Src/system_stm32f2xx.c ****   *   user application:
   9:/mnt/c/Users/Daniel/Documents/stm/ThirdParty/nucleo207/Src/system_stm32f2xx.c ****   *      - SystemInit(): This function is called at startup just after reset and 
  10:/mnt/c/Users/Daniel/Documents/stm/ThirdParty/nucleo207/Src/system_stm32f2xx.c ****   *                      before branch to main program. This call is made inside
  11:/mnt/c/Users/Daniel/Documents/stm/ThirdParty/nucleo207/Src/system_stm32f2xx.c ****   *                      the "startup_stm32f2xx.s" file.
  12:/mnt/c/Users/Daniel/Documents/stm/ThirdParty/nucleo207/Src/system_stm32f2xx.c ****   *
  13:/mnt/c/Users/Daniel/Documents/stm/ThirdParty/nucleo207/Src/system_stm32f2xx.c ****   *      - SystemCoreClock variable: Contains the core clock (HCLK), it can be used
  14:/mnt/c/Users/Daniel/Documents/stm/ThirdParty/nucleo207/Src/system_stm32f2xx.c ****   *                                  by the user application to setup the SysTick 
  15:/mnt/c/Users/Daniel/Documents/stm/ThirdParty/nucleo207/Src/system_stm32f2xx.c ****   *                                  timer or configure other parameters.
  16:/mnt/c/Users/Daniel/Documents/stm/ThirdParty/nucleo207/Src/system_stm32f2xx.c ****   *                                     
  17:/mnt/c/Users/Daniel/Documents/stm/ThirdParty/nucleo207/Src/system_stm32f2xx.c ****   *      - SystemCoreClockUpdate(): Updates the variable SystemCoreClock and must
  18:/mnt/c/Users/Daniel/Documents/stm/ThirdParty/nucleo207/Src/system_stm32f2xx.c ****   *                                 be called whenever the core clock is changed
  19:/mnt/c/Users/Daniel/Documents/stm/ThirdParty/nucleo207/Src/system_stm32f2xx.c ****   *                                 during program execution.
  20:/mnt/c/Users/Daniel/Documents/stm/ThirdParty/nucleo207/Src/system_stm32f2xx.c ****   *
  21:/mnt/c/Users/Daniel/Documents/stm/ThirdParty/nucleo207/Src/system_stm32f2xx.c ****   ******************************************************************************
  22:/mnt/c/Users/Daniel/Documents/stm/ThirdParty/nucleo207/Src/system_stm32f2xx.c ****   * @attention
  23:/mnt/c/Users/Daniel/Documents/stm/ThirdParty/nucleo207/Src/system_stm32f2xx.c ****   *
  24:/mnt/c/Users/Daniel/Documents/stm/ThirdParty/nucleo207/Src/system_stm32f2xx.c ****   * <h2><center>&copy; Copyright (c) 2016 STMicroelectronics.
  25:/mnt/c/Users/Daniel/Documents/stm/ThirdParty/nucleo207/Src/system_stm32f2xx.c ****   * All rights reserved.</center></h2>
  26:/mnt/c/Users/Daniel/Documents/stm/ThirdParty/nucleo207/Src/system_stm32f2xx.c ****   *
  27:/mnt/c/Users/Daniel/Documents/stm/ThirdParty/nucleo207/Src/system_stm32f2xx.c ****   * This software component is licensed by ST under BSD 3-Clause license,
  28:/mnt/c/Users/Daniel/Documents/stm/ThirdParty/nucleo207/Src/system_stm32f2xx.c ****   * the "License"; You may not use this file except in compliance with the
  29:/mnt/c/Users/Daniel/Documents/stm/ThirdParty/nucleo207/Src/system_stm32f2xx.c ****   * License. You may obtain a copy of the License at:
  30:/mnt/c/Users/Daniel/Documents/stm/ThirdParty/nucleo207/Src/system_stm32f2xx.c ****   *                        opensource.org/licenses/BSD-3-Clause
  31:/mnt/c/Users/Daniel/Documents/stm/ThirdParty/nucleo207/Src/system_stm32f2xx.c ****   *
  32:/mnt/c/Users/Daniel/Documents/stm/ThirdParty/nucleo207/Src/system_stm32f2xx.c ****   ******************************************************************************
  33:/mnt/c/Users/Daniel/Documents/stm/ThirdParty/nucleo207/Src/system_stm32f2xx.c ****   */
ARM GAS  /tmp/ccFROxKi.s 			page 2


  34:/mnt/c/Users/Daniel/Documents/stm/ThirdParty/nucleo207/Src/system_stm32f2xx.c **** 
  35:/mnt/c/Users/Daniel/Documents/stm/ThirdParty/nucleo207/Src/system_stm32f2xx.c **** /** @addtogroup CMSIS
  36:/mnt/c/Users/Daniel/Documents/stm/ThirdParty/nucleo207/Src/system_stm32f2xx.c ****   * @{
  37:/mnt/c/Users/Daniel/Documents/stm/ThirdParty/nucleo207/Src/system_stm32f2xx.c ****   */
  38:/mnt/c/Users/Daniel/Documents/stm/ThirdParty/nucleo207/Src/system_stm32f2xx.c **** 
  39:/mnt/c/Users/Daniel/Documents/stm/ThirdParty/nucleo207/Src/system_stm32f2xx.c **** /** @addtogroup stm32f2xx_system
  40:/mnt/c/Users/Daniel/Documents/stm/ThirdParty/nucleo207/Src/system_stm32f2xx.c ****   * @{
  41:/mnt/c/Users/Daniel/Documents/stm/ThirdParty/nucleo207/Src/system_stm32f2xx.c ****   */  
  42:/mnt/c/Users/Daniel/Documents/stm/ThirdParty/nucleo207/Src/system_stm32f2xx.c ****   
  43:/mnt/c/Users/Daniel/Documents/stm/ThirdParty/nucleo207/Src/system_stm32f2xx.c **** /** @addtogroup STM32F2xx_System_Private_Includes
  44:/mnt/c/Users/Daniel/Documents/stm/ThirdParty/nucleo207/Src/system_stm32f2xx.c ****   * @{
  45:/mnt/c/Users/Daniel/Documents/stm/ThirdParty/nucleo207/Src/system_stm32f2xx.c ****   */
  46:/mnt/c/Users/Daniel/Documents/stm/ThirdParty/nucleo207/Src/system_stm32f2xx.c **** 
  47:/mnt/c/Users/Daniel/Documents/stm/ThirdParty/nucleo207/Src/system_stm32f2xx.c **** #include "stm32f2xx.h"
  48:/mnt/c/Users/Daniel/Documents/stm/ThirdParty/nucleo207/Src/system_stm32f2xx.c **** 
  49:/mnt/c/Users/Daniel/Documents/stm/ThirdParty/nucleo207/Src/system_stm32f2xx.c **** #if !defined  (HSE_VALUE) 
  50:/mnt/c/Users/Daniel/Documents/stm/ThirdParty/nucleo207/Src/system_stm32f2xx.c ****   #define HSE_VALUE    ((uint32_t)25000000) /*!< Default value of the External oscillator in Hz */
  51:/mnt/c/Users/Daniel/Documents/stm/ThirdParty/nucleo207/Src/system_stm32f2xx.c **** #endif /* HSE_VALUE */
  52:/mnt/c/Users/Daniel/Documents/stm/ThirdParty/nucleo207/Src/system_stm32f2xx.c **** 
  53:/mnt/c/Users/Daniel/Documents/stm/ThirdParty/nucleo207/Src/system_stm32f2xx.c **** #if !defined  (HSI_VALUE)
  54:/mnt/c/Users/Daniel/Documents/stm/ThirdParty/nucleo207/Src/system_stm32f2xx.c ****   #define HSI_VALUE    ((uint32_t)16000000) /*!< Value of the Internal oscillator in Hz*/
  55:/mnt/c/Users/Daniel/Documents/stm/ThirdParty/nucleo207/Src/system_stm32f2xx.c **** #endif /* HSI_VALUE */
  56:/mnt/c/Users/Daniel/Documents/stm/ThirdParty/nucleo207/Src/system_stm32f2xx.c **** 
  57:/mnt/c/Users/Daniel/Documents/stm/ThirdParty/nucleo207/Src/system_stm32f2xx.c **** /**
  58:/mnt/c/Users/Daniel/Documents/stm/ThirdParty/nucleo207/Src/system_stm32f2xx.c ****   * @}
  59:/mnt/c/Users/Daniel/Documents/stm/ThirdParty/nucleo207/Src/system_stm32f2xx.c ****   */
  60:/mnt/c/Users/Daniel/Documents/stm/ThirdParty/nucleo207/Src/system_stm32f2xx.c **** 
  61:/mnt/c/Users/Daniel/Documents/stm/ThirdParty/nucleo207/Src/system_stm32f2xx.c **** /** @addtogroup STM32F2xx_System_Private_TypesDefinitions
  62:/mnt/c/Users/Daniel/Documents/stm/ThirdParty/nucleo207/Src/system_stm32f2xx.c ****   * @{
  63:/mnt/c/Users/Daniel/Documents/stm/ThirdParty/nucleo207/Src/system_stm32f2xx.c ****   */
  64:/mnt/c/Users/Daniel/Documents/stm/ThirdParty/nucleo207/Src/system_stm32f2xx.c **** 
  65:/mnt/c/Users/Daniel/Documents/stm/ThirdParty/nucleo207/Src/system_stm32f2xx.c **** /**
  66:/mnt/c/Users/Daniel/Documents/stm/ThirdParty/nucleo207/Src/system_stm32f2xx.c ****   * @}
  67:/mnt/c/Users/Daniel/Documents/stm/ThirdParty/nucleo207/Src/system_stm32f2xx.c ****   */
  68:/mnt/c/Users/Daniel/Documents/stm/ThirdParty/nucleo207/Src/system_stm32f2xx.c **** 
  69:/mnt/c/Users/Daniel/Documents/stm/ThirdParty/nucleo207/Src/system_stm32f2xx.c **** /** @addtogroup STM32F2xx_System_Private_Defines
  70:/mnt/c/Users/Daniel/Documents/stm/ThirdParty/nucleo207/Src/system_stm32f2xx.c ****   * @{
  71:/mnt/c/Users/Daniel/Documents/stm/ThirdParty/nucleo207/Src/system_stm32f2xx.c ****   */
  72:/mnt/c/Users/Daniel/Documents/stm/ThirdParty/nucleo207/Src/system_stm32f2xx.c **** /************************* Miscellaneous Configuration ************************/
  73:/mnt/c/Users/Daniel/Documents/stm/ThirdParty/nucleo207/Src/system_stm32f2xx.c **** /*!< Uncomment the following line if you need to use external SRAM mounted
  74:/mnt/c/Users/Daniel/Documents/stm/ThirdParty/nucleo207/Src/system_stm32f2xx.c ****      on STM322xG_EVAL board as data memory  */
  75:/mnt/c/Users/Daniel/Documents/stm/ThirdParty/nucleo207/Src/system_stm32f2xx.c **** /* #define DATA_IN_ExtSRAM */
  76:/mnt/c/Users/Daniel/Documents/stm/ThirdParty/nucleo207/Src/system_stm32f2xx.c **** 
  77:/mnt/c/Users/Daniel/Documents/stm/ThirdParty/nucleo207/Src/system_stm32f2xx.c **** /*!< Uncomment the following line if you need to relocate your vector Table in
  78:/mnt/c/Users/Daniel/Documents/stm/ThirdParty/nucleo207/Src/system_stm32f2xx.c ****      Internal SRAM. */
  79:/mnt/c/Users/Daniel/Documents/stm/ThirdParty/nucleo207/Src/system_stm32f2xx.c **** /* #define VECT_TAB_SRAM */
  80:/mnt/c/Users/Daniel/Documents/stm/ThirdParty/nucleo207/Src/system_stm32f2xx.c **** #define VECT_TAB_OFFSET  0x00 /*!< Vector Table base offset field. 
  81:/mnt/c/Users/Daniel/Documents/stm/ThirdParty/nucleo207/Src/system_stm32f2xx.c ****                                    This value must be a multiple of 0x200. */
  82:/mnt/c/Users/Daniel/Documents/stm/ThirdParty/nucleo207/Src/system_stm32f2xx.c **** /******************************************************************************/
  83:/mnt/c/Users/Daniel/Documents/stm/ThirdParty/nucleo207/Src/system_stm32f2xx.c **** 
  84:/mnt/c/Users/Daniel/Documents/stm/ThirdParty/nucleo207/Src/system_stm32f2xx.c **** /**
  85:/mnt/c/Users/Daniel/Documents/stm/ThirdParty/nucleo207/Src/system_stm32f2xx.c ****   * @}
  86:/mnt/c/Users/Daniel/Documents/stm/ThirdParty/nucleo207/Src/system_stm32f2xx.c ****   */
  87:/mnt/c/Users/Daniel/Documents/stm/ThirdParty/nucleo207/Src/system_stm32f2xx.c **** 
  88:/mnt/c/Users/Daniel/Documents/stm/ThirdParty/nucleo207/Src/system_stm32f2xx.c **** /** @addtogroup STM32F2xx_System_Private_Macros
  89:/mnt/c/Users/Daniel/Documents/stm/ThirdParty/nucleo207/Src/system_stm32f2xx.c ****   * @{
  90:/mnt/c/Users/Daniel/Documents/stm/ThirdParty/nucleo207/Src/system_stm32f2xx.c ****   */
ARM GAS  /tmp/ccFROxKi.s 			page 3


  91:/mnt/c/Users/Daniel/Documents/stm/ThirdParty/nucleo207/Src/system_stm32f2xx.c **** 
  92:/mnt/c/Users/Daniel/Documents/stm/ThirdParty/nucleo207/Src/system_stm32f2xx.c **** /**
  93:/mnt/c/Users/Daniel/Documents/stm/ThirdParty/nucleo207/Src/system_stm32f2xx.c ****   * @}
  94:/mnt/c/Users/Daniel/Documents/stm/ThirdParty/nucleo207/Src/system_stm32f2xx.c ****   */
  95:/mnt/c/Users/Daniel/Documents/stm/ThirdParty/nucleo207/Src/system_stm32f2xx.c **** 
  96:/mnt/c/Users/Daniel/Documents/stm/ThirdParty/nucleo207/Src/system_stm32f2xx.c **** /** @addtogroup STM32F2xx_System_Private_Variables
  97:/mnt/c/Users/Daniel/Documents/stm/ThirdParty/nucleo207/Src/system_stm32f2xx.c ****   * @{
  98:/mnt/c/Users/Daniel/Documents/stm/ThirdParty/nucleo207/Src/system_stm32f2xx.c ****   */
  99:/mnt/c/Users/Daniel/Documents/stm/ThirdParty/nucleo207/Src/system_stm32f2xx.c ****   
 100:/mnt/c/Users/Daniel/Documents/stm/ThirdParty/nucleo207/Src/system_stm32f2xx.c ****   /* This variable can be updated in Three ways :
 101:/mnt/c/Users/Daniel/Documents/stm/ThirdParty/nucleo207/Src/system_stm32f2xx.c ****       1) by calling CMSIS function SystemCoreClockUpdate()
 102:/mnt/c/Users/Daniel/Documents/stm/ThirdParty/nucleo207/Src/system_stm32f2xx.c ****       2) by calling HAL API function HAL_RCC_GetHCLKFreq()
 103:/mnt/c/Users/Daniel/Documents/stm/ThirdParty/nucleo207/Src/system_stm32f2xx.c ****       3) each time HAL_RCC_ClockConfig() is called to configure the system clock frequency 
 104:/mnt/c/Users/Daniel/Documents/stm/ThirdParty/nucleo207/Src/system_stm32f2xx.c ****          Note: If you use this function to configure the system clock; then there
 105:/mnt/c/Users/Daniel/Documents/stm/ThirdParty/nucleo207/Src/system_stm32f2xx.c ****                is no need to call the 2 first functions listed above, since SystemCoreClock
 106:/mnt/c/Users/Daniel/Documents/stm/ThirdParty/nucleo207/Src/system_stm32f2xx.c ****                variable is updated automatically.
 107:/mnt/c/Users/Daniel/Documents/stm/ThirdParty/nucleo207/Src/system_stm32f2xx.c ****   */
 108:/mnt/c/Users/Daniel/Documents/stm/ThirdParty/nucleo207/Src/system_stm32f2xx.c ****   uint32_t SystemCoreClock = 16000000;
 109:/mnt/c/Users/Daniel/Documents/stm/ThirdParty/nucleo207/Src/system_stm32f2xx.c ****   const uint8_t AHBPrescTable[16] = {0, 0, 0, 0, 0, 0, 0, 0, 1, 2, 3, 4, 6, 7, 8, 9};
 110:/mnt/c/Users/Daniel/Documents/stm/ThirdParty/nucleo207/Src/system_stm32f2xx.c ****   const uint8_t APBPrescTable[8]  = {0, 0, 0, 0, 1, 2, 3, 4};
 111:/mnt/c/Users/Daniel/Documents/stm/ThirdParty/nucleo207/Src/system_stm32f2xx.c **** /**
 112:/mnt/c/Users/Daniel/Documents/stm/ThirdParty/nucleo207/Src/system_stm32f2xx.c ****   * @}
 113:/mnt/c/Users/Daniel/Documents/stm/ThirdParty/nucleo207/Src/system_stm32f2xx.c ****   */
 114:/mnt/c/Users/Daniel/Documents/stm/ThirdParty/nucleo207/Src/system_stm32f2xx.c **** 
 115:/mnt/c/Users/Daniel/Documents/stm/ThirdParty/nucleo207/Src/system_stm32f2xx.c **** /** @addtogroup STM32F2xx_System_Private_FunctionPrototypes
 116:/mnt/c/Users/Daniel/Documents/stm/ThirdParty/nucleo207/Src/system_stm32f2xx.c ****   * @{
 117:/mnt/c/Users/Daniel/Documents/stm/ThirdParty/nucleo207/Src/system_stm32f2xx.c ****   */
 118:/mnt/c/Users/Daniel/Documents/stm/ThirdParty/nucleo207/Src/system_stm32f2xx.c **** 
 119:/mnt/c/Users/Daniel/Documents/stm/ThirdParty/nucleo207/Src/system_stm32f2xx.c **** #ifdef DATA_IN_ExtSRAM
 120:/mnt/c/Users/Daniel/Documents/stm/ThirdParty/nucleo207/Src/system_stm32f2xx.c ****   static void SystemInit_ExtMemCtl(void); 
 121:/mnt/c/Users/Daniel/Documents/stm/ThirdParty/nucleo207/Src/system_stm32f2xx.c **** #endif /* DATA_IN_ExtSRAM */
 122:/mnt/c/Users/Daniel/Documents/stm/ThirdParty/nucleo207/Src/system_stm32f2xx.c **** 
 123:/mnt/c/Users/Daniel/Documents/stm/ThirdParty/nucleo207/Src/system_stm32f2xx.c **** /**
 124:/mnt/c/Users/Daniel/Documents/stm/ThirdParty/nucleo207/Src/system_stm32f2xx.c ****   * @}
 125:/mnt/c/Users/Daniel/Documents/stm/ThirdParty/nucleo207/Src/system_stm32f2xx.c ****   */
 126:/mnt/c/Users/Daniel/Documents/stm/ThirdParty/nucleo207/Src/system_stm32f2xx.c **** 
 127:/mnt/c/Users/Daniel/Documents/stm/ThirdParty/nucleo207/Src/system_stm32f2xx.c **** /** @addtogroup STM32F2xx_System_Private_Functions
 128:/mnt/c/Users/Daniel/Documents/stm/ThirdParty/nucleo207/Src/system_stm32f2xx.c ****   * @{
 129:/mnt/c/Users/Daniel/Documents/stm/ThirdParty/nucleo207/Src/system_stm32f2xx.c ****   */
 130:/mnt/c/Users/Daniel/Documents/stm/ThirdParty/nucleo207/Src/system_stm32f2xx.c **** 
 131:/mnt/c/Users/Daniel/Documents/stm/ThirdParty/nucleo207/Src/system_stm32f2xx.c **** /**
 132:/mnt/c/Users/Daniel/Documents/stm/ThirdParty/nucleo207/Src/system_stm32f2xx.c ****   * @brief  Setup the microcontroller system
 133:/mnt/c/Users/Daniel/Documents/stm/ThirdParty/nucleo207/Src/system_stm32f2xx.c ****   *         Initialize the Embedded Flash Interface, the PLL and update the 
 134:/mnt/c/Users/Daniel/Documents/stm/ThirdParty/nucleo207/Src/system_stm32f2xx.c ****   *         SystemFrequency variable.
 135:/mnt/c/Users/Daniel/Documents/stm/ThirdParty/nucleo207/Src/system_stm32f2xx.c ****   * @param  None
 136:/mnt/c/Users/Daniel/Documents/stm/ThirdParty/nucleo207/Src/system_stm32f2xx.c ****   * @retval None
 137:/mnt/c/Users/Daniel/Documents/stm/ThirdParty/nucleo207/Src/system_stm32f2xx.c ****   */
 138:/mnt/c/Users/Daniel/Documents/stm/ThirdParty/nucleo207/Src/system_stm32f2xx.c **** void SystemInit(void)
 139:/mnt/c/Users/Daniel/Documents/stm/ThirdParty/nucleo207/Src/system_stm32f2xx.c **** {
  26              		.loc 1 139 0
  27              		.cfi_startproc
  28              		@ args = 0, pretend = 0, frame = 0
  29              		@ frame_needed = 0, uses_anonymous_args = 0
  30              		@ link register save eliminated.
 140:/mnt/c/Users/Daniel/Documents/stm/ThirdParty/nucleo207/Src/system_stm32f2xx.c ****   /* Reset the RCC clock configuration to the default reset state ------------*/
 141:/mnt/c/Users/Daniel/Documents/stm/ThirdParty/nucleo207/Src/system_stm32f2xx.c ****   /* Set HSION bit */
 142:/mnt/c/Users/Daniel/Documents/stm/ThirdParty/nucleo207/Src/system_stm32f2xx.c ****   RCC->CR |= (uint32_t)0x00000001;
ARM GAS  /tmp/ccFROxKi.s 			page 4


  31              		.loc 1 142 0
  32 0000 0C4B     		ldr	r3, .L2
  33 0002 1A68     		ldr	r2, [r3]
  34 0004 42F00102 		orr	r2, r2, #1
  35 0008 1A60     		str	r2, [r3]
 143:/mnt/c/Users/Daniel/Documents/stm/ThirdParty/nucleo207/Src/system_stm32f2xx.c **** 
 144:/mnt/c/Users/Daniel/Documents/stm/ThirdParty/nucleo207/Src/system_stm32f2xx.c ****   /* Reset CFGR register */
 145:/mnt/c/Users/Daniel/Documents/stm/ThirdParty/nucleo207/Src/system_stm32f2xx.c ****   RCC->CFGR = 0x00000000;
  36              		.loc 1 145 0
  37 000a 0021     		movs	r1, #0
  38 000c 9960     		str	r1, [r3, #8]
 146:/mnt/c/Users/Daniel/Documents/stm/ThirdParty/nucleo207/Src/system_stm32f2xx.c **** 
 147:/mnt/c/Users/Daniel/Documents/stm/ThirdParty/nucleo207/Src/system_stm32f2xx.c ****   /* Reset HSEON, CSSON and PLLON bits */
 148:/mnt/c/Users/Daniel/Documents/stm/ThirdParty/nucleo207/Src/system_stm32f2xx.c ****   RCC->CR &= (uint32_t)0xFEF6FFFF;
  39              		.loc 1 148 0
  40 000e 1A68     		ldr	r2, [r3]
  41 0010 22F08472 		bic	r2, r2, #17301504
  42 0014 22F48032 		bic	r2, r2, #65536
  43 0018 1A60     		str	r2, [r3]
 149:/mnt/c/Users/Daniel/Documents/stm/ThirdParty/nucleo207/Src/system_stm32f2xx.c **** 
 150:/mnt/c/Users/Daniel/Documents/stm/ThirdParty/nucleo207/Src/system_stm32f2xx.c ****   /* Reset PLLCFGR register */
 151:/mnt/c/Users/Daniel/Documents/stm/ThirdParty/nucleo207/Src/system_stm32f2xx.c ****   RCC->PLLCFGR = 0x24003010;
  44              		.loc 1 151 0
  45 001a 074A     		ldr	r2, .L2+4
  46 001c 5A60     		str	r2, [r3, #4]
 152:/mnt/c/Users/Daniel/Documents/stm/ThirdParty/nucleo207/Src/system_stm32f2xx.c **** 
 153:/mnt/c/Users/Daniel/Documents/stm/ThirdParty/nucleo207/Src/system_stm32f2xx.c ****   /* Reset HSEBYP bit */
 154:/mnt/c/Users/Daniel/Documents/stm/ThirdParty/nucleo207/Src/system_stm32f2xx.c ****   RCC->CR &= (uint32_t)0xFFFBFFFF;
  47              		.loc 1 154 0
  48 001e 1A68     		ldr	r2, [r3]
  49 0020 22F48022 		bic	r2, r2, #262144
  50 0024 1A60     		str	r2, [r3]
 155:/mnt/c/Users/Daniel/Documents/stm/ThirdParty/nucleo207/Src/system_stm32f2xx.c **** 
 156:/mnt/c/Users/Daniel/Documents/stm/ThirdParty/nucleo207/Src/system_stm32f2xx.c ****   /* Disable all interrupts */
 157:/mnt/c/Users/Daniel/Documents/stm/ThirdParty/nucleo207/Src/system_stm32f2xx.c ****   RCC->CIR = 0x00000000;
  51              		.loc 1 157 0
  52 0026 D960     		str	r1, [r3, #12]
 158:/mnt/c/Users/Daniel/Documents/stm/ThirdParty/nucleo207/Src/system_stm32f2xx.c **** 
 159:/mnt/c/Users/Daniel/Documents/stm/ThirdParty/nucleo207/Src/system_stm32f2xx.c **** #ifdef DATA_IN_ExtSRAM
 160:/mnt/c/Users/Daniel/Documents/stm/ThirdParty/nucleo207/Src/system_stm32f2xx.c ****   SystemInit_ExtMemCtl(); 
 161:/mnt/c/Users/Daniel/Documents/stm/ThirdParty/nucleo207/Src/system_stm32f2xx.c **** #endif /* DATA_IN_ExtSRAM */
 162:/mnt/c/Users/Daniel/Documents/stm/ThirdParty/nucleo207/Src/system_stm32f2xx.c **** 
 163:/mnt/c/Users/Daniel/Documents/stm/ThirdParty/nucleo207/Src/system_stm32f2xx.c ****   /* Configure the Vector Table location add offset address ------------------*/
 164:/mnt/c/Users/Daniel/Documents/stm/ThirdParty/nucleo207/Src/system_stm32f2xx.c **** #ifdef VECT_TAB_SRAM
 165:/mnt/c/Users/Daniel/Documents/stm/ThirdParty/nucleo207/Src/system_stm32f2xx.c ****   SCB->VTOR = SRAM_BASE | VECT_TAB_OFFSET; /* Vector Table Relocation in Internal SRAM */
 166:/mnt/c/Users/Daniel/Documents/stm/ThirdParty/nucleo207/Src/system_stm32f2xx.c **** #else
 167:/mnt/c/Users/Daniel/Documents/stm/ThirdParty/nucleo207/Src/system_stm32f2xx.c ****   SCB->VTOR = FLASH_BASE | VECT_TAB_OFFSET; /* Vector Table Relocation in Internal FLASH */
  53              		.loc 1 167 0
  54 0028 044B     		ldr	r3, .L2+8
  55 002a 4FF00062 		mov	r2, #134217728
  56 002e 9A60     		str	r2, [r3, #8]
 168:/mnt/c/Users/Daniel/Documents/stm/ThirdParty/nucleo207/Src/system_stm32f2xx.c **** #endif
 169:/mnt/c/Users/Daniel/Documents/stm/ThirdParty/nucleo207/Src/system_stm32f2xx.c **** }
  57              		.loc 1 169 0
  58 0030 7047     		bx	lr
  59              	.L3:
  60 0032 00BF     		.align	2
ARM GAS  /tmp/ccFROxKi.s 			page 5


  61              	.L2:
  62 0034 00380240 		.word	1073887232
  63 0038 10300024 		.word	603992080
  64 003c 00ED00E0 		.word	-536810240
  65              		.cfi_endproc
  66              	.LFE72:
  68              		.section	.text.SystemCoreClockUpdate,"ax",%progbits
  69              		.align	1
  70              		.global	SystemCoreClockUpdate
  71              		.syntax unified
  72              		.thumb
  73              		.thumb_func
  74              		.fpu softvfp
  76              	SystemCoreClockUpdate:
  77              	.LFB73:
 170:/mnt/c/Users/Daniel/Documents/stm/ThirdParty/nucleo207/Src/system_stm32f2xx.c **** 
 171:/mnt/c/Users/Daniel/Documents/stm/ThirdParty/nucleo207/Src/system_stm32f2xx.c **** /**
 172:/mnt/c/Users/Daniel/Documents/stm/ThirdParty/nucleo207/Src/system_stm32f2xx.c ****   * @brief  Update SystemCoreClock variable according to Clock Register Values.
 173:/mnt/c/Users/Daniel/Documents/stm/ThirdParty/nucleo207/Src/system_stm32f2xx.c ****   *         The SystemCoreClock variable contains the core clock (HCLK), it can
 174:/mnt/c/Users/Daniel/Documents/stm/ThirdParty/nucleo207/Src/system_stm32f2xx.c ****   *         be used by the user application to setup the SysTick timer or configure
 175:/mnt/c/Users/Daniel/Documents/stm/ThirdParty/nucleo207/Src/system_stm32f2xx.c ****   *         other parameters.
 176:/mnt/c/Users/Daniel/Documents/stm/ThirdParty/nucleo207/Src/system_stm32f2xx.c ****   *           
 177:/mnt/c/Users/Daniel/Documents/stm/ThirdParty/nucleo207/Src/system_stm32f2xx.c ****   * @note   Each time the core clock (HCLK) changes, this function must be called
 178:/mnt/c/Users/Daniel/Documents/stm/ThirdParty/nucleo207/Src/system_stm32f2xx.c ****   *         to update SystemCoreClock variable value. Otherwise, any configuration
 179:/mnt/c/Users/Daniel/Documents/stm/ThirdParty/nucleo207/Src/system_stm32f2xx.c ****   *         based on this variable will be incorrect.         
 180:/mnt/c/Users/Daniel/Documents/stm/ThirdParty/nucleo207/Src/system_stm32f2xx.c ****   *     
 181:/mnt/c/Users/Daniel/Documents/stm/ThirdParty/nucleo207/Src/system_stm32f2xx.c ****   * @note   - The system frequency computed by this function is not the real 
 182:/mnt/c/Users/Daniel/Documents/stm/ThirdParty/nucleo207/Src/system_stm32f2xx.c ****   *           frequency in the chip. It is calculated based on the predefined 
 183:/mnt/c/Users/Daniel/Documents/stm/ThirdParty/nucleo207/Src/system_stm32f2xx.c ****   *           constant and the selected clock source:
 184:/mnt/c/Users/Daniel/Documents/stm/ThirdParty/nucleo207/Src/system_stm32f2xx.c ****   *             
 185:/mnt/c/Users/Daniel/Documents/stm/ThirdParty/nucleo207/Src/system_stm32f2xx.c ****   *           - If SYSCLK source is HSI, SystemCoreClock will contain the HSI_VALUE(*)
 186:/mnt/c/Users/Daniel/Documents/stm/ThirdParty/nucleo207/Src/system_stm32f2xx.c ****   *                                              
 187:/mnt/c/Users/Daniel/Documents/stm/ThirdParty/nucleo207/Src/system_stm32f2xx.c ****   *           - If SYSCLK source is HSE, SystemCoreClock will contain the HSE_VALUE(**)
 188:/mnt/c/Users/Daniel/Documents/stm/ThirdParty/nucleo207/Src/system_stm32f2xx.c ****   *                          
 189:/mnt/c/Users/Daniel/Documents/stm/ThirdParty/nucleo207/Src/system_stm32f2xx.c ****   *           - If SYSCLK source is PLL, SystemCoreClock will contain the HSE_VALUE(**) 
 190:/mnt/c/Users/Daniel/Documents/stm/ThirdParty/nucleo207/Src/system_stm32f2xx.c ****   *             or HSI_VALUE(*) multiplied/divided by the PLL factors.
 191:/mnt/c/Users/Daniel/Documents/stm/ThirdParty/nucleo207/Src/system_stm32f2xx.c ****   *         
 192:/mnt/c/Users/Daniel/Documents/stm/ThirdParty/nucleo207/Src/system_stm32f2xx.c ****   *         (*) HSI_VALUE is a constant defined in stm32f2xx_hal_conf.h file (default value
 193:/mnt/c/Users/Daniel/Documents/stm/ThirdParty/nucleo207/Src/system_stm32f2xx.c ****   *             16 MHz) but the real value may vary depending on the variations
 194:/mnt/c/Users/Daniel/Documents/stm/ThirdParty/nucleo207/Src/system_stm32f2xx.c ****   *             in voltage and temperature.   
 195:/mnt/c/Users/Daniel/Documents/stm/ThirdParty/nucleo207/Src/system_stm32f2xx.c ****   *    
 196:/mnt/c/Users/Daniel/Documents/stm/ThirdParty/nucleo207/Src/system_stm32f2xx.c ****   *         (**) HSE_VALUE is a constant defined in stm32f2xx_hal_conf.h file (its value
 197:/mnt/c/Users/Daniel/Documents/stm/ThirdParty/nucleo207/Src/system_stm32f2xx.c ****   *              depends on the application requirements), user has to ensure that HSE_VALUE
 198:/mnt/c/Users/Daniel/Documents/stm/ThirdParty/nucleo207/Src/system_stm32f2xx.c ****   *              is same as the real frequency of the crystal used. Otherwise, this function
 199:/mnt/c/Users/Daniel/Documents/stm/ThirdParty/nucleo207/Src/system_stm32f2xx.c ****   *              may have wrong result.
 200:/mnt/c/Users/Daniel/Documents/stm/ThirdParty/nucleo207/Src/system_stm32f2xx.c ****   *                
 201:/mnt/c/Users/Daniel/Documents/stm/ThirdParty/nucleo207/Src/system_stm32f2xx.c ****   *         - The result of this function could be not correct when using fractional
 202:/mnt/c/Users/Daniel/Documents/stm/ThirdParty/nucleo207/Src/system_stm32f2xx.c ****   *           value for HSE crystal.
 203:/mnt/c/Users/Daniel/Documents/stm/ThirdParty/nucleo207/Src/system_stm32f2xx.c ****   *     
 204:/mnt/c/Users/Daniel/Documents/stm/ThirdParty/nucleo207/Src/system_stm32f2xx.c ****   * @param  None
 205:/mnt/c/Users/Daniel/Documents/stm/ThirdParty/nucleo207/Src/system_stm32f2xx.c ****   * @retval None
 206:/mnt/c/Users/Daniel/Documents/stm/ThirdParty/nucleo207/Src/system_stm32f2xx.c ****   */
 207:/mnt/c/Users/Daniel/Documents/stm/ThirdParty/nucleo207/Src/system_stm32f2xx.c **** void SystemCoreClockUpdate(void)
 208:/mnt/c/Users/Daniel/Documents/stm/ThirdParty/nucleo207/Src/system_stm32f2xx.c **** {
  78              		.loc 1 208 0
  79              		.cfi_startproc
  80              		@ args = 0, pretend = 0, frame = 0
ARM GAS  /tmp/ccFROxKi.s 			page 6


  81              		@ frame_needed = 0, uses_anonymous_args = 0
  82              		@ link register save eliminated.
  83              	.LVL0:
 209:/mnt/c/Users/Daniel/Documents/stm/ThirdParty/nucleo207/Src/system_stm32f2xx.c ****   uint32_t tmp = 0, pllvco = 0, pllp = 2, pllsource = 0, pllm = 2;
 210:/mnt/c/Users/Daniel/Documents/stm/ThirdParty/nucleo207/Src/system_stm32f2xx.c ****   
 211:/mnt/c/Users/Daniel/Documents/stm/ThirdParty/nucleo207/Src/system_stm32f2xx.c ****   /* Get SYSCLK source -------------------------------------------------------*/
 212:/mnt/c/Users/Daniel/Documents/stm/ThirdParty/nucleo207/Src/system_stm32f2xx.c ****   tmp = RCC->CFGR & RCC_CFGR_SWS;
  84              		.loc 1 212 0
  85 0000 224B     		ldr	r3, .L14
  86 0002 9B68     		ldr	r3, [r3, #8]
  87 0004 03F00C03 		and	r3, r3, #12
  88              	.LVL1:
 213:/mnt/c/Users/Daniel/Documents/stm/ThirdParty/nucleo207/Src/system_stm32f2xx.c **** 
 214:/mnt/c/Users/Daniel/Documents/stm/ThirdParty/nucleo207/Src/system_stm32f2xx.c ****   switch (tmp)
  89              		.loc 1 214 0
  90 0008 042B     		cmp	r3, #4
  91 000a 14D0     		beq	.L6
  92 000c 082B     		cmp	r3, #8
  93 000e 16D0     		beq	.L7
  94 0010 1BB1     		cbz	r3, .L13
 215:/mnt/c/Users/Daniel/Documents/stm/ThirdParty/nucleo207/Src/system_stm32f2xx.c ****   {
 216:/mnt/c/Users/Daniel/Documents/stm/ThirdParty/nucleo207/Src/system_stm32f2xx.c ****     case 0x00:  /* HSI used as system clock source */
 217:/mnt/c/Users/Daniel/Documents/stm/ThirdParty/nucleo207/Src/system_stm32f2xx.c ****       SystemCoreClock = HSI_VALUE;
 218:/mnt/c/Users/Daniel/Documents/stm/ThirdParty/nucleo207/Src/system_stm32f2xx.c ****       break;
 219:/mnt/c/Users/Daniel/Documents/stm/ThirdParty/nucleo207/Src/system_stm32f2xx.c ****     case 0x04:  /* HSE used as system clock source */
 220:/mnt/c/Users/Daniel/Documents/stm/ThirdParty/nucleo207/Src/system_stm32f2xx.c ****       SystemCoreClock = HSE_VALUE;
 221:/mnt/c/Users/Daniel/Documents/stm/ThirdParty/nucleo207/Src/system_stm32f2xx.c ****       break;
 222:/mnt/c/Users/Daniel/Documents/stm/ThirdParty/nucleo207/Src/system_stm32f2xx.c ****     case 0x08:  /* PLL used as system clock source */
 223:/mnt/c/Users/Daniel/Documents/stm/ThirdParty/nucleo207/Src/system_stm32f2xx.c **** 
 224:/mnt/c/Users/Daniel/Documents/stm/ThirdParty/nucleo207/Src/system_stm32f2xx.c ****       /* PLL_VCO = (HSE_VALUE or HSI_VALUE / PLL_M) * PLL_N
 225:/mnt/c/Users/Daniel/Documents/stm/ThirdParty/nucleo207/Src/system_stm32f2xx.c ****          SYSCLK = PLL_VCO / PLL_P
 226:/mnt/c/Users/Daniel/Documents/stm/ThirdParty/nucleo207/Src/system_stm32f2xx.c ****          */    
 227:/mnt/c/Users/Daniel/Documents/stm/ThirdParty/nucleo207/Src/system_stm32f2xx.c ****       pllsource = (RCC->PLLCFGR & RCC_PLLCFGR_PLLSRC) >> 22;
 228:/mnt/c/Users/Daniel/Documents/stm/ThirdParty/nucleo207/Src/system_stm32f2xx.c ****       pllm = RCC->PLLCFGR & RCC_PLLCFGR_PLLM;
 229:/mnt/c/Users/Daniel/Documents/stm/ThirdParty/nucleo207/Src/system_stm32f2xx.c ****       
 230:/mnt/c/Users/Daniel/Documents/stm/ThirdParty/nucleo207/Src/system_stm32f2xx.c ****       if (pllsource != 0)
 231:/mnt/c/Users/Daniel/Documents/stm/ThirdParty/nucleo207/Src/system_stm32f2xx.c ****       {
 232:/mnt/c/Users/Daniel/Documents/stm/ThirdParty/nucleo207/Src/system_stm32f2xx.c ****         /* HSE used as PLL clock source */
 233:/mnt/c/Users/Daniel/Documents/stm/ThirdParty/nucleo207/Src/system_stm32f2xx.c ****         pllvco = (HSE_VALUE / pllm) * ((RCC->PLLCFGR & RCC_PLLCFGR_PLLN) >> 6);
 234:/mnt/c/Users/Daniel/Documents/stm/ThirdParty/nucleo207/Src/system_stm32f2xx.c ****       }
 235:/mnt/c/Users/Daniel/Documents/stm/ThirdParty/nucleo207/Src/system_stm32f2xx.c ****       else
 236:/mnt/c/Users/Daniel/Documents/stm/ThirdParty/nucleo207/Src/system_stm32f2xx.c ****       {
 237:/mnt/c/Users/Daniel/Documents/stm/ThirdParty/nucleo207/Src/system_stm32f2xx.c ****         /* HSI used as PLL clock source */
 238:/mnt/c/Users/Daniel/Documents/stm/ThirdParty/nucleo207/Src/system_stm32f2xx.c ****         pllvco = (HSI_VALUE / pllm) * ((RCC->PLLCFGR & RCC_PLLCFGR_PLLN) >> 6);
 239:/mnt/c/Users/Daniel/Documents/stm/ThirdParty/nucleo207/Src/system_stm32f2xx.c ****       }
 240:/mnt/c/Users/Daniel/Documents/stm/ThirdParty/nucleo207/Src/system_stm32f2xx.c **** 
 241:/mnt/c/Users/Daniel/Documents/stm/ThirdParty/nucleo207/Src/system_stm32f2xx.c ****       pllp = (((RCC->PLLCFGR & RCC_PLLCFGR_PLLP) >>16) + 1 ) *2;
 242:/mnt/c/Users/Daniel/Documents/stm/ThirdParty/nucleo207/Src/system_stm32f2xx.c ****       SystemCoreClock = pllvco/pllp;
 243:/mnt/c/Users/Daniel/Documents/stm/ThirdParty/nucleo207/Src/system_stm32f2xx.c ****       break;
 244:/mnt/c/Users/Daniel/Documents/stm/ThirdParty/nucleo207/Src/system_stm32f2xx.c ****     default:
 245:/mnt/c/Users/Daniel/Documents/stm/ThirdParty/nucleo207/Src/system_stm32f2xx.c ****       SystemCoreClock = HSI_VALUE;
  95              		.loc 1 245 0
  96 0012 1F4B     		ldr	r3, .L14+4
  97              	.LVL2:
  98 0014 1F4A     		ldr	r2, .L14+8
  99 0016 1A60     		str	r2, [r3]
 246:/mnt/c/Users/Daniel/Documents/stm/ThirdParty/nucleo207/Src/system_stm32f2xx.c ****       break;
ARM GAS  /tmp/ccFROxKi.s 			page 7


 100              		.loc 1 246 0
 101 0018 02E0     		b	.L9
 102              	.LVL3:
 103              	.L13:
 217:/mnt/c/Users/Daniel/Documents/stm/ThirdParty/nucleo207/Src/system_stm32f2xx.c ****       break;
 104              		.loc 1 217 0
 105 001a 1D4B     		ldr	r3, .L14+4
 106              	.LVL4:
 107 001c 1D4A     		ldr	r2, .L14+8
 108 001e 1A60     		str	r2, [r3]
 109              	.LVL5:
 110              	.L9:
 247:/mnt/c/Users/Daniel/Documents/stm/ThirdParty/nucleo207/Src/system_stm32f2xx.c ****   }
 248:/mnt/c/Users/Daniel/Documents/stm/ThirdParty/nucleo207/Src/system_stm32f2xx.c ****   /* Compute HCLK frequency --------------------------------------------------*/
 249:/mnt/c/Users/Daniel/Documents/stm/ThirdParty/nucleo207/Src/system_stm32f2xx.c ****   /* Get HCLK prescaler */
 250:/mnt/c/Users/Daniel/Documents/stm/ThirdParty/nucleo207/Src/system_stm32f2xx.c ****   tmp = AHBPrescTable[((RCC->CFGR & RCC_CFGR_HPRE) >> 4)];
 111              		.loc 1 250 0
 112 0020 1A4B     		ldr	r3, .L14
 113 0022 9B68     		ldr	r3, [r3, #8]
 114 0024 C3F30313 		ubfx	r3, r3, #4, #4
 115 0028 1B4A     		ldr	r2, .L14+12
 116 002a D15C     		ldrb	r1, [r2, r3]	@ zero_extendqisi2
 117              	.LVL6:
 251:/mnt/c/Users/Daniel/Documents/stm/ThirdParty/nucleo207/Src/system_stm32f2xx.c ****   /* HCLK frequency */
 252:/mnt/c/Users/Daniel/Documents/stm/ThirdParty/nucleo207/Src/system_stm32f2xx.c ****   SystemCoreClock >>= tmp;
 118              		.loc 1 252 0
 119 002c 184A     		ldr	r2, .L14+4
 120 002e 1368     		ldr	r3, [r2]
 121 0030 CB40     		lsrs	r3, r3, r1
 122 0032 1360     		str	r3, [r2]
 253:/mnt/c/Users/Daniel/Documents/stm/ThirdParty/nucleo207/Src/system_stm32f2xx.c **** }
 123              		.loc 1 253 0
 124 0034 7047     		bx	lr
 125              	.LVL7:
 126              	.L6:
 220:/mnt/c/Users/Daniel/Documents/stm/ThirdParty/nucleo207/Src/system_stm32f2xx.c ****       break;
 127              		.loc 1 220 0
 128 0036 164B     		ldr	r3, .L14+4
 129              	.LVL8:
 130 0038 184A     		ldr	r2, .L14+16
 131 003a 1A60     		str	r2, [r3]
 221:/mnt/c/Users/Daniel/Documents/stm/ThirdParty/nucleo207/Src/system_stm32f2xx.c ****     case 0x08:  /* PLL used as system clock source */
 132              		.loc 1 221 0
 133 003c F0E7     		b	.L9
 134              	.LVL9:
 135              	.L7:
 227:/mnt/c/Users/Daniel/Documents/stm/ThirdParty/nucleo207/Src/system_stm32f2xx.c ****       pllm = RCC->PLLCFGR & RCC_PLLCFGR_PLLM;
 136              		.loc 1 227 0
 137 003e 134B     		ldr	r3, .L14
 138              	.LVL10:
 139 0040 5A68     		ldr	r2, [r3, #4]
 140              	.LVL11:
 228:/mnt/c/Users/Daniel/Documents/stm/ThirdParty/nucleo207/Src/system_stm32f2xx.c ****       
 141              		.loc 1 228 0
 142 0042 5B68     		ldr	r3, [r3, #4]
 143 0044 03F03F03 		and	r3, r3, #63
 144              	.LVL12:
ARM GAS  /tmp/ccFROxKi.s 			page 8


 230:/mnt/c/Users/Daniel/Documents/stm/ThirdParty/nucleo207/Src/system_stm32f2xx.c ****       {
 145              		.loc 1 230 0
 146 0048 12F4800F 		tst	r2, #4194304
 147 004c 13D0     		beq	.L10
 233:/mnt/c/Users/Daniel/Documents/stm/ThirdParty/nucleo207/Src/system_stm32f2xx.c ****       }
 148              		.loc 1 233 0
 149 004e 134A     		ldr	r2, .L14+16
 150              	.LVL13:
 151 0050 B2FBF3F2 		udiv	r2, r2, r3
 152 0054 0D4B     		ldr	r3, .L14
 153              	.LVL14:
 154 0056 5B68     		ldr	r3, [r3, #4]
 155 0058 C3F38813 		ubfx	r3, r3, #6, #9
 156 005c 03FB02F3 		mul	r3, r3, r2
 157              	.LVL15:
 158              	.L11:
 241:/mnt/c/Users/Daniel/Documents/stm/ThirdParty/nucleo207/Src/system_stm32f2xx.c ****       SystemCoreClock = pllvco/pllp;
 159              		.loc 1 241 0
 160 0060 0A4A     		ldr	r2, .L14
 161 0062 5268     		ldr	r2, [r2, #4]
 162 0064 C2F30142 		ubfx	r2, r2, #16, #2
 163 0068 0132     		adds	r2, r2, #1
 164 006a 5200     		lsls	r2, r2, #1
 165              	.LVL16:
 242:/mnt/c/Users/Daniel/Documents/stm/ThirdParty/nucleo207/Src/system_stm32f2xx.c ****       break;
 166              		.loc 1 242 0
 167 006c B3FBF2F3 		udiv	r3, r3, r2
 168              	.LVL17:
 169 0070 074A     		ldr	r2, .L14+4
 170              	.LVL18:
 171 0072 1360     		str	r3, [r2]
 243:/mnt/c/Users/Daniel/Documents/stm/ThirdParty/nucleo207/Src/system_stm32f2xx.c ****     default:
 172              		.loc 1 243 0
 173 0074 D4E7     		b	.L9
 174              	.LVL19:
 175              	.L10:
 238:/mnt/c/Users/Daniel/Documents/stm/ThirdParty/nucleo207/Src/system_stm32f2xx.c ****       }
 176              		.loc 1 238 0
 177 0076 074A     		ldr	r2, .L14+8
 178              	.LVL20:
 179 0078 B2FBF3F2 		udiv	r2, r2, r3
 180 007c 034B     		ldr	r3, .L14
 181              	.LVL21:
 182 007e 5B68     		ldr	r3, [r3, #4]
 183 0080 C3F38813 		ubfx	r3, r3, #6, #9
 184 0084 03FB02F3 		mul	r3, r3, r2
 185              	.LVL22:
 186 0088 EAE7     		b	.L11
 187              	.L15:
 188 008a 00BF     		.align	2
 189              	.L14:
 190 008c 00380240 		.word	1073887232
 191 0090 00000000 		.word	.LANCHOR0
 192 0094 0024F400 		.word	16000000
 193 0098 00000000 		.word	.LANCHOR1
 194 009c 40787D01 		.word	25000000
 195              		.cfi_endproc
ARM GAS  /tmp/ccFROxKi.s 			page 9


 196              	.LFE73:
 198              		.global	APBPrescTable
 199              		.global	AHBPrescTable
 200              		.global	SystemCoreClock
 201              		.section	.data.SystemCoreClock,"aw",%progbits
 202              		.align	2
 203              		.set	.LANCHOR0,. + 0
 206              	SystemCoreClock:
 207 0000 0024F400 		.word	16000000
 208              		.section	.rodata.AHBPrescTable,"a",%progbits
 209              		.align	2
 210              		.set	.LANCHOR1,. + 0
 213              	AHBPrescTable:
 214 0000 00       		.byte	0
 215 0001 00       		.byte	0
 216 0002 00       		.byte	0
 217 0003 00       		.byte	0
 218 0004 00       		.byte	0
 219 0005 00       		.byte	0
 220 0006 00       		.byte	0
 221 0007 00       		.byte	0
 222 0008 01       		.byte	1
 223 0009 02       		.byte	2
 224 000a 03       		.byte	3
 225 000b 04       		.byte	4
 226 000c 06       		.byte	6
 227 000d 07       		.byte	7
 228 000e 08       		.byte	8
 229 000f 09       		.byte	9
 230              		.section	.rodata.APBPrescTable,"a",%progbits
 231              		.align	2
 234              	APBPrescTable:
 235 0000 00       		.byte	0
 236 0001 00       		.byte	0
 237 0002 00       		.byte	0
 238 0003 00       		.byte	0
 239 0004 01       		.byte	1
 240 0005 02       		.byte	2
 241 0006 03       		.byte	3
 242 0007 04       		.byte	4
 243              		.text
 244              	.Letext0:
 245              		.file 2 "/opt/gcc-arm-none-eabi-7-2017-q4-major/arm-none-eabi/include/machine/_default_types.h"
 246              		.file 3 "/opt/gcc-arm-none-eabi-7-2017-q4-major/arm-none-eabi/include/sys/_stdint.h"
 247              		.file 4 "/mnt/c/Users/Daniel/Documents/stm/ThirdParty/nucleo207/Drivers/CMSIS/Include/core_cm3.h"
 248              		.file 5 "/mnt/c/Users/Daniel/Documents/stm/ThirdParty/nucleo207/Drivers/CMSIS/Device/ST/STM32F2xx/
 249              		.file 6 "/mnt/c/Users/Daniel/Documents/stm/ThirdParty/nucleo207/Drivers/CMSIS/Device/ST/STM32F2xx/
 250              		.file 7 "/mnt/c/Users/Daniel/Documents/stm/ThirdParty/nucleo207/Drivers/STM32F2xx_HAL_Driver/Inc/s
ARM GAS  /tmp/ccFROxKi.s 			page 10


DEFINED SYMBOLS
                            *ABS*:0000000000000000 system_stm32f2xx.c
     /tmp/ccFROxKi.s:16     .text.SystemInit:0000000000000000 $t
     /tmp/ccFROxKi.s:23     .text.SystemInit:0000000000000000 SystemInit
     /tmp/ccFROxKi.s:62     .text.SystemInit:0000000000000034 $d
     /tmp/ccFROxKi.s:69     .text.SystemCoreClockUpdate:0000000000000000 $t
     /tmp/ccFROxKi.s:76     .text.SystemCoreClockUpdate:0000000000000000 SystemCoreClockUpdate
     /tmp/ccFROxKi.s:190    .text.SystemCoreClockUpdate:000000000000008c $d
     /tmp/ccFROxKi.s:234    .rodata.APBPrescTable:0000000000000000 APBPrescTable
     /tmp/ccFROxKi.s:213    .rodata.AHBPrescTable:0000000000000000 AHBPrescTable
     /tmp/ccFROxKi.s:206    .data.SystemCoreClock:0000000000000000 SystemCoreClock
     /tmp/ccFROxKi.s:202    .data.SystemCoreClock:0000000000000000 $d
     /tmp/ccFROxKi.s:209    .rodata.AHBPrescTable:0000000000000000 $d
     /tmp/ccFROxKi.s:231    .rodata.APBPrescTable:0000000000000000 $d

NO UNDEFINED SYMBOLS
